#
# A fatal error has been detected by the Java Runtime Environment:
#
#  EXCEPTION_ACCESS_VIOLATION (0xc0000005) at pc=0x00007fff6421e0a9, pid=4196, tid=6572
#
# JRE version: OpenJDK Runtime Environment Microsoft-8035246 (17.0.8+7) (build 17.0.8+7-LTS)
# Java VM: OpenJDK 64-Bit Server VM Microsoft-8035246 (17.0.8+7-LTS, mixed mode, sharing, tiered, compressed oops, compressed class ptrs, g1 gc, windows-amd64)
# Problematic frame:
# V  [jvm.dll+0x2be0a9]
#
# No core dump will be written. Minidumps are not enabled by default on client versions of Windows
#
# If you would like to submit a bug report, please visit:
#   https://github.com/microsoft/openjdk/issues
#

---------------  S U M M A R Y ------------

Command Line: -XX:MaxMetaspaceSize=512m --add-opens=java.base/java.util=ALL-UNNAMED --add-opens=java.base/java.lang=ALL-UNNAMED --add-opens=java.base/java.lang.invoke=ALL-UNNAMED --add-opens=java.prefs/java.util.prefs=ALL-UNNAMED --add-opens=java.base/java.nio.charset=ALL-UNNAMED --add-opens=java.base/java.net=ALL-UNNAMED --add-opens=java.base/java.util.concurrent.atomic=ALL-UNNAMED -Xmx2048m -Dfile.encoding=windows-1252 -Duser.country=US -Duser.language=en -Duser.variant -javaagent:C:\Users\hp 8470p\.gradle\wrapper\dists\gradle-8.3-all\6en3ugtfdg5xnpx44z4qbwgas\gradle-8.3\lib\agents\gradle-instrumentation-agent-8.3.jar org.gradle.launcher.daemon.bootstrap.GradleDaemon 8.3

Host: Intel(R) Core(TM) i5-4310U CPU @ 2.00GHz, 4 cores, 11G,  Windows 10 , 64 bit Build 19041 (10.0.19041.3636)
Time: Sun Feb 18 11:40:39 2024 Pakistan Standard Time elapsed time: 53.028900 seconds (0d 0h 0m 53s)

---------------  T H R E A D  ---------------

Current thread (0x00000224ea4ad6c0):  JavaThread "C2 CompilerThread1" daemon [_thread_in_native, id=6572, stack(0x0000005690500000,0x0000005690600000)]


Current CompileTask:
C2:  53029 15195   !   4       org.gradle.cache.internal.DefaultMultiProcessSafeIndexedCache::getIfPresent (25 bytes)

Stack: [0x0000005690500000,0x0000005690600000],  sp=0x00000056905fb450,  free space=1005k
Native frames: (J=compiled Java code, j=interpreted, Vv=VM code, C=native code)
V  [jvm.dll+0x2be0a9]
V  [jvm.dll+0x21ba8b]
V  [jvm.dll+0x21944b]
V  [jvm.dll+0x1a56b6]
V  [jvm.dll+0x2291ea]
V  [jvm.dll+0x22724c]
V  [jvm.dll+0x7efd0c]
V  [jvm.dll+0x7ea13a]
V  [jvm.dll+0x67ad85]
C  [ucrtbase.dll+0x21bb2]
C  [KERNEL32.DLL+0x17344]
C  [ntdll.dll+0x526b1]


siginfo: EXCEPTION_ACCESS_VIOLATION (0xc0000005), reading address 0x0000000000000028


Register to memory mapping:

RIP=0x00007fff6421e0a9 jvm.dll
RAX=0x00000224f0de1b90 points into unknown readable memory: 0x0000000000000000 | 00 00 00 00 00 00 00 00
RBX=0x00000000000017d6 is an unknown value
RCX=0x0 is NULL
RDX=0x0 is NULL
RSP=0x00000056905fb450 is pointing into the stack for thread: 0x00000224ea4ad6c0
RBP=0x00000056905fb4c0 is pointing into the stack for thread: 0x00000224ea4ad6c0
RSI=0x0 is NULL
RDI=0x0000000000000048 is an unknown value
R8 =0x000000000000ffe0 is an unknown value
R9 =0x0 is NULL
R10=0x00007fffc8be0000 VCRUNTIME140.dll
R11=0x00000224f0de1bb0 points into unknown readable memory: 0x0000000000000000 | 00 00 00 00 00 00 00 00
R12=0x0000000000000050 is an unknown value
R13=0x0 is NULL
R14=0x0 is NULL
R15=0x00000056905fe670 is pointing into the stack for thread: 0x00000224ea4ad6c0


Registers:
RAX=0x00000224f0de1b90, RBX=0x00000000000017d6, RCX=0x0000000000000000, RDX=0x0000000000000000
RSP=0x00000056905fb450, RBP=0x00000056905fb4c0, RSI=0x0000000000000000, RDI=0x0000000000000048
R8 =0x000000000000ffe0, R9 =0x0000000000000000, R10=0x00007fffc8be0000, R11=0x00000224f0de1bb0
R12=0x0000000000000050, R13=0x0000000000000000, R14=0x0000000000000000, R15=0x00000056905fe670
RIP=0x00007fff6421e0a9, EFLAGS=0x0000000000010202

Top of Stack: (sp=0x00000056905fb450)
0x00000056905fb450:   00000000000017d6 0000000000000000
0x00000056905fb460:   00000056905fe670 00007fff641838d1
0x00000056905fb470:   00000224ef1bb680 00007fff00002000
0x00000056905fb480:   00000224f0de1b90 0000022400000000
0x00000056905fb490:   0000022400000002 00000224e98bcf10
0x00000056905fb4a0:   0000000000000002 00000224ef1bb680
0x00000056905fb4b0:   0000000000000000 0000000000000000
0x00000056905fb4c0:   00000224e6ae69f0 00000224a77c7690
0x00000056905fb4d0:   0000000000000048 00007fff648a4c08
0x00000056905fb4e0:   00000056905fb5f0 00007fff6417ba8b
0x00000056905fb4f0:   00000056905fe670 00007fff648a4c08
0x00000056905fb500:   00000056905fe670 00000056905fb5f0
0x00000056905fb510:   0000022400000000 00007fff6457b7fb
0x00000056905fb520:   000000560000000f 00000056905fe670
0x00000056905fb530:   00000056905fb6a0 0000000000000000
0x00000056905fb540:   0000022400000100 00007fff648a4c08 

Instructions: (pc=0x00007fff6421e0a9)
0x00007fff6421dfa9:   3b d0 75 0b ff c1 41 3b c9 7c dc 48 8b c2 c3 33
0x00007fff6421dfb9:   c0 c3 cc cc cc cc cc 48 89 5c 24 18 55 56 57 41
0x00007fff6421dfc9:   55 41 57 48 8b ec 48 83 ec 70 65 48 8b 04 25 58
0x00007fff6421dfd9:   00 00 00 48 8b f2 44 8b 05 d2 8b 90 00 4c 8b f9
0x00007fff6421dfe9:   4a 8b 1c c0 b8 50 00 00 00 80 3c 18 00 75 05 e8
0x00007fff6421dff9:   8b 6f 5d 00 b8 20 00 00 00 48 8b 04 18 48 8b 98
0x00007fff6421e009:   38 02 00 00 48 89 5d b0 c7 45 b8 04 00 00 00 48
0x00007fff6421e019:   8b 43 18 48 83 f8 df 76 18 4c 8d 05 37 a9 65 00
0x00007fff6421e029:   ba 20 00 00 00 48 8b cb e8 5a eb de ff 48 8b 43
0x00007fff6421e039:   18 48 8d 48 20 48 3b 4b 20 76 11 45 33 c0 48 8b
0x00007fff6421e049:   cb 41 8d 50 20 e8 fd e8 de ff eb 04 48 89 4b 18
0x00007fff6421e059:   44 8b 45 b8 33 d2 49 c1 e0 03 48 8b c8 48 89 45
0x00007fff6421e069:   c0 e8 e3 80 5d 00 45 33 ed 48 8d 4d d0 44 89 6d
0x00007fff6421e079:   c8 e8 01 59 56 00 41 8b 9f 40 02 00 00 41 2b 9f
0x00007fff6421e089:   68 02 00 00 44 89 6d f0 3b 5d b8 72 0b 8b d3 48
0x00007fff6421e099:   8d 4d b0 e8 6f b3 39 00 48 8b 45 c0 4c 89 2c d8
0x00007fff6421e0a9:   8b 7e 28 8b df c1 eb 05 3b 5d d0 72 0b 8b d3 48
0x00007fff6421e0b9:   8d 4d d0 e8 1f 59 56 00 48 8b 45 d8 83 e7 1f 48
0x00007fff6421e0c9:   8d 14 98 40 0f b6 cf 41 b8 01 00 00 00 41 d3 e0
0x00007fff6421e0d9:   8b 0a 8b c1 41 0b c0 89 02 41 85 c8 75 21 8b 5d
0x00007fff6421e0e9:   c8 8d 43 01 89 45 c8 3b 5d b8 72 0b 8b d3 48 8d
0x00007fff6421e0f9:   4d b0 e8 10 b3 39 00 48 8b 45 c0 48 89 34 d8 44
0x00007fff6421e109:   39 6d c8 0f 86 77 01 00 00 4c 89 a4 24 a0 00 00
0x00007fff6421e119:   00 4c 89 b4 24 a8 00 00 00 48 8b 45 c0 41 8b cd
0x00007fff6421e129:   48 8b 34 c8 8b 46 2c 25 ff 1f 00 00 3d 04 10 00
0x00007fff6421e139:   00 0f 85 a7 00 00 00 bb 01 00 00 00 39 5e 18 76
0x00007fff6421e149:   39 66 0f 1f 44 00 00 48 8b 46 08 8b cb 48 8b 14
0x00007fff6421e159:   c8 48 85 d2 74 1d 48 83 7a 10 00 74 16 80 7a 2c
0x00007fff6421e169:   84 74 10 e8 7f 7e ee ff 48 8b d0 49 8b cf e8 a4
0x00007fff6421e179:   61 f6 ff ff c3 3b 5e 18 72 cd 48 8b 5e 10 8b 46
0x00007fff6421e189:   20 4c 8d 34 c3 49 3b de 73 54 48 8b 3b 8b 47 2c
0x00007fff6421e199:   83 e0 03 3c 03 75 2e 48 8b 07 48 8b cf ff 90 88 


Stack slot to memory mapping:
stack at sp + 0 slots: 0x00000000000017d6 is an unknown value
stack at sp + 1 slots: 0x0 is NULL
stack at sp + 2 slots: 0x00000056905fe670 is pointing into the stack for thread: 0x00000224ea4ad6c0
stack at sp + 3 slots: 0x00007fff641838d1 jvm.dll
stack at sp + 4 slots: 0x00000224ef1bb680 points into unknown readable memory: 0x0000000000000006 | 06 00 00 00 00 00 00 00
stack at sp + 5 slots: 0x00007fff00002000 is an unknown value
stack at sp + 6 slots: 0x00000224f0de1b90 points into unknown readable memory: 0x0000000000000000 | 00 00 00 00 00 00 00 00
stack at sp + 7 slots: 0x0000022400000000 is an unknown value


---------------  P R O C E S S  ---------------

Threads class SMR info:
_java_thread_list=0x00000224e716e340, length=95, elements={
0x00000224a77b0670, 0x00000224c5381700, 0x00000224c5382490, 0x00000224c5399300,
0x00000224c539a090, 0x00000224c539d980, 0x00000224c539e250, 0x00000224c53a2400,
0x00000224c53cade0, 0x00000224c53cbef0, 0x00000224c55c6240, 0x00000224c55c8ac0,
0x00000224c55c99f0, 0x00000224c55c6750, 0x00000224c55c7170, 0x00000224c55c80a0,
0x00000224c55c7b90, 0x00000224c55c7680, 0x00000224c55c85b0, 0x00000224c55c8fd0,
0x00000224c55c6c60, 0x00000224c55c94e0, 0x00000224e762a320, 0x00000224e762c180,
0x00000224e762ea00, 0x00000224e762c690, 0x00000224e762ef10, 0x00000224e7629900,
0x00000224e762b760, 0x00000224e762d5c0, 0x00000224e76289d0, 0x00000224e762dad0,
0x00000224e762f420, 0x00000224e762dfe0, 0x00000224e762cba0, 0x00000224e762f930,
0x00000224e762a830, 0x00000224e762ad40, 0x00000224e7629e10, 0x00000224e762b250,
0x00000224e762bc70, 0x00000224e7628ee0, 0x00000224e762d0b0, 0x00000224e59cea40,
0x00000224e59d12c0, 0x00000224e59cc1c0, 0x00000224e59cf970, 0x00000224e59cf460,
0x00000224e59cb7a0, 0x00000224e59ccbe0, 0x00000224e59d0390, 0x00000224e59d17d0,
0x00000224e59d1ce0, 0x00000224e59cd600, 0x00000224e59d0db0, 0x00000224e59cdb10,
0x00000224e59ca870, 0x00000224e59cfe80, 0x00000224e59d08a0, 0x00000224e59cc6d0,
0x00000224e59ce020, 0x00000224e59d21f0, 0x00000224e59cad80, 0x00000224e9bfc500,
0x00000224e9bfd430, 0x00000224e9bfde50, 0x00000224e9bfca10, 0x00000224e9bfbae0,
0x00000224e59cd0f0, 0x00000224eab26810, 0x00000224eab253d0, 0x00000224eab26d20,
0x00000224eab23060, 0x00000224ea4ad6c0, 0x00000224eab28160, 0x00000224eab27c50,
0x00000224eab26300, 0x00000224eab23a80, 0x00000224eab27740, 0x00000224eab28b80,
0x00000224eab29fc0, 0x00000224eab2a4d0, 0x00000224eab2a9e0, 0x00000224eab23570,
0x00000224eab23f90, 0x00000224eab244a0, 0x00000224eab249b0, 0x00000224e76293f0,
0x00000224ea535a90, 0x00000224ea5378f0, 0x00000224ea538d30, 0x00000224ea539240,
0x00000224ea5327f0, 0x00000224ea539750, 0x00000224ea539c60
}

Java Threads: ( => current thread )
  0x00000224a77b0670 JavaThread "main" [_thread_blocked, id=5552, stack(0x000000568b600000,0x000000568b700000)]
  0x00000224c5381700 JavaThread "Reference Handler" daemon [_thread_blocked, id=8392, stack(0x000000568bd00000,0x000000568be00000)]
  0x00000224c5382490 JavaThread "Finalizer" daemon [_thread_blocked, id=11052, stack(0x000000568be00000,0x000000568bf00000)]
  0x00000224c5399300 JavaThread "Signal Dispatcher" daemon [_thread_blocked, id=11212, stack(0x000000568bf00000,0x000000568c000000)]
  0x00000224c539a090 JavaThread "Attach Listener" daemon [_thread_blocked, id=2092, stack(0x000000568c000000,0x000000568c100000)]
  0x00000224c539d980 JavaThread "Service Thread" daemon [_thread_blocked, id=5312, stack(0x000000568c100000,0x000000568c200000)]
  0x00000224c539e250 JavaThread "Monitor Deflation Thread" daemon [_thread_blocked, id=14280, stack(0x000000568c200000,0x000000568c300000)]
  0x00000224c53a2400 JavaThread "C2 CompilerThread0" daemon [_thread_in_native, id=14064, stack(0x000000568c300000,0x000000568c400000)]
  0x00000224c53cade0 JavaThread "C1 CompilerThread0" daemon [_thread_blocked, id=8164, stack(0x000000568c400000,0x000000568c500000)]
  0x00000224c53cbef0 JavaThread "Sweeper thread" daemon [_thread_blocked, id=12816, stack(0x000000568c500000,0x000000568c600000)]
  0x00000224c55c6240 JavaThread "Common-Cleaner" daemon [_thread_blocked, id=5736, stack(0x000000568c600000,0x000000568c700000)]
  0x00000224c55c8ac0 JavaThread "Notification Thread" daemon [_thread_blocked, id=720, stack(0x000000568c700000,0x000000568c800000)]
  0x00000224c55c99f0 JavaThread "Daemon health stats" [_thread_blocked, id=12048, stack(0x000000568cd00000,0x000000568ce00000)]
  0x00000224c55c6750 JavaThread "Incoming local TCP Connector on port 62049" [_thread_in_native, id=12384, stack(0x000000568ce00000,0x000000568cf00000)]
  0x00000224c55c7170 JavaThread "Daemon periodic checks" [_thread_blocked, id=12036, stack(0x000000568cf00000,0x000000568d000000)]
  0x00000224c55c80a0 JavaThread "Daemon" [_thread_blocked, id=12020, stack(0x000000568d000000,0x000000568d100000)]
  0x00000224c55c7b90 JavaThread "Handler for socket connection from /127.0.0.1:62049 to /127.0.0.1:62050" [_thread_in_native, id=6600, stack(0x000000568d100000,0x000000568d200000)]
  0x00000224c55c7680 JavaThread "Cancel handler" [_thread_blocked, id=11560, stack(0x000000568d200000,0x000000568d300000)]
  0x00000224c55c85b0 JavaThread "Daemon worker" [_thread_blocked, id=3444, stack(0x000000568d300000,0x000000568d400000)]
  0x00000224c55c8fd0 JavaThread "Asynchronous log dispatcher for DefaultDaemonConnection: socket connection from /127.0.0.1:62049 to /127.0.0.1:62050" [_thread_blocked, id=13788, stack(0x000000568d400000,0x000000568d500000)]
  0x00000224c55c6c60 JavaThread "Stdin handler" [_thread_blocked, id=12536, stack(0x000000568d500000,0x000000568d600000)]
  0x00000224c55c94e0 JavaThread "Daemon client event forwarder" [_thread_blocked, id=6132, stack(0x000000568d600000,0x000000568d700000)]
  0x00000224e762a320 JavaThread "Cache worker for journal cache (C:\Users\hp 8470p\.gradle\caches\journal-1)" [_thread_blocked, id=6720, stack(0x000000568d700000,0x000000568d800000)]
  0x00000224e762c180 JavaThread "File lock request listener" [_thread_in_native, id=12392, stack(0x000000568d800000,0x000000568d900000)]
  0x00000224e762ea00 JavaThread "Cache worker for file hash cache (C:\Users\hp 8470p\.gradle\caches\8.3\fileHashes)" [_thread_blocked, id=14044, stack(0x000000568d900000,0x000000568da00000)]
  0x00000224e762c690 JavaThread "File watcher server" daemon [_thread_in_native, id=7360, stack(0x000000568da00000,0x000000568db00000)]
  0x00000224e762ef10 JavaThread "File watcher consumer" daemon [_thread_blocked, id=12420, stack(0x000000568db00000,0x000000568dc00000)]
  0x00000224e7629900 JavaThread "Cache worker for checksums cache (E:\React Native\RTK\RTK\android\.gradle\8.3\checksums)" [_thread_blocked, id=2608, stack(0x000000568dc00000,0x000000568dd00000)]
  0x00000224e762b760 JavaThread "Cache worker for file hash cache (E:\React Native\RTK\RTK\android\.gradle\8.3\fileHashes)" [_thread_blocked, id=12196, stack(0x000000568dd00000,0x000000568de00000)]
  0x00000224e762d5c0 JavaThread "Cache worker for cache directory md-supplier (C:\Users\hp 8470p\.gradle\caches\8.3\md-supplier)" [_thread_blocked, id=6880, stack(0x000000568de00000,0x000000568df00000)]
  0x00000224e76289d0 JavaThread "Cache worker for file content cache (C:\Users\hp 8470p\.gradle\caches\8.3\fileContent)" [_thread_blocked, id=8884, stack(0x000000568df00000,0x000000568e000000)]
  0x00000224e762dad0 JavaThread "Cache worker for cache directory md-rule (C:\Users\hp 8470p\.gradle\caches\8.3\md-rule)" [_thread_blocked, id=816, stack(0x000000568e000000,0x000000568e100000)]
  0x00000224e762f420 JavaThread "Cache worker for execution history cache (C:\Users\hp 8470p\.gradle\caches\8.3\executionHistory)" [_thread_blocked, id=3844, stack(0x000000568e100000,0x000000568e200000)]
  0x00000224e762dfe0 JavaThread "jar transforms" [_thread_blocked, id=9448, stack(0x000000568e200000,0x000000568e300000)]
  0x00000224e762cba0 JavaThread "jar transforms Thread 2" [_thread_blocked, id=11196, stack(0x000000568e300000,0x000000568e400000)]
  0x00000224e762f930 JavaThread "jar transforms Thread 3" [_thread_blocked, id=9184, stack(0x000000568e400000,0x000000568e500000)]
  0x00000224e762a830 JavaThread "jar transforms Thread 4" [_thread_blocked, id=11056, stack(0x000000568e500000,0x000000568e600000)]
  0x00000224e762ad40 JavaThread "Cache worker for kotlin-dsl (C:\Users\hp 8470p\.gradle\caches\8.3\kotlin-dsl)" [_thread_blocked, id=8096, stack(0x000000568e600000,0x000000568e700000)]
  0x00000224e7629e10 JavaThread "Unconstrained build operations" [_thread_blocked, id=1348, stack(0x000000568c900000,0x000000568ca00000)]
  0x00000224e762b250 JavaThread "Unconstrained build operations Thread 2" [_thread_blocked, id=13228, stack(0x000000568e800000,0x000000568e900000)]
  0x00000224e762bc70 JavaThread "Cache worker for dependencies-accessors (E:\React Native\RTK\RTK\android\.gradle\8.3\dependencies-accessors)" [_thread_blocked, id=14152, stack(0x000000568ea00000,0x000000568eb00000)]
  0x00000224e7628ee0 JavaThread "Cache worker for Build Output Cleanup Cache (E:\React Native\RTK\RTK\node_modules\@react-native\gradle-plugin\.gradle\buildOutputCleanup)" [_thread_blocked, id=12040, stack(0x000000568eb00000,0x000000568ec00000)]
  0x00000224e762d0b0 JavaThread "Unconstrained build operations Thread 3" [_thread_blocked, id=5920, stack(0x000000568ec00000,0x000000568ed00000)]
  0x00000224e59cea40 JavaThread "Unconstrained build operations Thread 4" [_thread_blocked, id=1212, stack(0x000000568ed00000,0x000000568ee00000)]
  0x00000224e59d12c0 JavaThread "Unconstrained build operations Thread 5" [_thread_in_Java, id=6060, stack(0x000000568ee00000,0x000000568ef00000)]
  0x00000224e59cc1c0 JavaThread "Memory manager" [_thread_blocked, id=3532, stack(0x000000568ef00000,0x000000568f000000)]
  0x00000224e59cf970 JavaThread "Cache worker for Build Output Cleanup Cache (E:\React Native\RTK\RTK\android\.gradle\buildOutputCleanup)" [_thread_blocked, id=11292, stack(0x000000568f000000,0x000000568f100000)]
  0x00000224e59cf460 JavaThread "ForkJoinPool.commonPool-worker-1" daemon [_thread_blocked, id=1036, stack(0x000000568f100000,0x000000568f200000)]
  0x00000224e59cb7a0 JavaThread "ForkJoinPool.commonPool-worker-2" daemon [_thread_blocked, id=8180, stack(0x000000568f200000,0x000000568f300000)]
  0x00000224e59ccbe0 JavaThread "ForkJoinPool.commonPool-worker-3" daemon [_thread_blocked, id=12576, stack(0x000000568f300000,0x000000568f400000)]
  0x00000224e59d0390 JavaThread "Exec process" [_thread_blocked, id=4588, stack(0x000000568f400000,0x000000568f500000)]
  0x00000224e59d17d0 JavaThread "Exec process Thread 2" [_thread_blocked, id=9632, stack(0x000000568f500000,0x000000568f600000)]
  0x00000224e59d1ce0 JavaThread "Exec process Thread 3" [_thread_blocked, id=14092, stack(0x000000568f600000,0x000000568f700000)]
  0x00000224e59cd600 JavaThread "included builds" [_thread_blocked, id=3216, stack(0x000000568e900000,0x000000568ea00000)]
  0x00000224e59d0db0 JavaThread "Execution worker" [_thread_blocked, id=2052, stack(0x000000568f700000,0x000000568f800000)]
  0x00000224e59cdb10 JavaThread "Execution worker Thread 2" [_thread_blocked, id=11896, stack(0x000000568f800000,0x000000568f900000)]
  0x00000224e59ca870 JavaThread "Execution worker Thread 3" [_thread_blocked, id=10628, stack(0x000000568f900000,0x000000568fa00000)]
  0x00000224e59cfe80 JavaThread "Cache worker for execution history cache (E:\React Native\RTK\RTK\node_modules\@react-native\gradle-plugin\.gradle\8.3\executionHistory)" [_thread_blocked, id=4992, stack(0x000000568fb00000,0x000000568fc00000)]
  0x00000224e59d08a0 JavaThread "Unconstrained build operations Thread 6" [_thread_blocked, id=13608, stack(0x000000568fc00000,0x000000568fd00000)]
  0x00000224e59cc6d0 JavaThread "Unconstrained build operations Thread 7" [_thread_blocked, id=11840, stack(0x000000568fd00000,0x000000568fe00000)]
  0x00000224e59ce020 JavaThread "Unconstrained build operations Thread 8" [_thread_blocked, id=12824, stack(0x000000568fe00000,0x000000568ff00000)]
  0x00000224e59d21f0 JavaThread "Unconstrained build operations Thread 9" [_thread_blocked, id=7464, stack(0x000000568ff00000,0x0000005690000000)]
  0x00000224e59cad80 JavaThread "Unconstrained build operations Thread 10" [_thread_blocked, id=8452, stack(0x0000005690000000,0x0000005690100000)]
  0x00000224e9bfc500 JavaThread "Unconstrained build operations Thread 11" [_thread_blocked, id=128, stack(0x0000005690100000,0x0000005690200000)]
  0x00000224e9bfd430 JavaThread "Unconstrained build operations Thread 12" [_thread_blocked, id=7844, stack(0x0000005690200000,0x0000005690300000)]
  0x00000224e9bfde50 JavaThread "Unconstrained build operations Thread 13" [_thread_blocked, id=9668, stack(0x0000005690300000,0x0000005690400000)]
  0x00000224e9bfca10 JavaThread "Unconstrained build operations Thread 14" [_thread_blocked, id=8524, stack(0x0000005690600000,0x0000005690700000)]
  0x00000224e9bfbae0 JavaThread "Unconstrained build operations Thread 15" [_thread_blocked, id=2360, stack(0x0000005690700000,0x0000005690800000)]
  0x00000224e59cd0f0 JavaThread "Unconstrained build operations Thread 16" [_thread_blocked, id=6532, stack(0x0000005690800000,0x0000005690900000)]
  0x00000224eab26810 JavaThread "Unconstrained build operations Thread 17" [_thread_blocked, id=12820, stack(0x0000005690900000,0x0000005690a00000)]
  0x00000224eab253d0 JavaThread "Unconstrained build operations Thread 18" [_thread_blocked, id=6864, stack(0x0000005690a00000,0x0000005690b00000)]
  0x00000224eab26d20 JavaThread "Unconstrained build operations Thread 19" [_thread_blocked, id=5912, stack(0x0000005690b00000,0x0000005690c00000)]
  0x00000224eab23060 JavaThread "Unconstrained build operations Thread 20" [_thread_blocked, id=10592, stack(0x0000005690c00000,0x0000005690d00000)]
=>0x00000224ea4ad6c0 JavaThread "C2 CompilerThread1" daemon [_thread_in_native, id=6572, stack(0x0000005690500000,0x0000005690600000)]
  0x00000224eab28160 JavaThread "Unconstrained build operations Thread 21" [_thread_blocked, id=4368, stack(0x0000005690d00000,0x0000005690e00000)]
  0x00000224eab27c50 JavaThread "Unconstrained build operations Thread 22" [_thread_blocked, id=1276, stack(0x0000005690e00000,0x0000005690f00000)]
  0x00000224eab26300 JavaThread "Unconstrained build operations Thread 23" [_thread_blocked, id=3112, stack(0x0000005690f00000,0x0000005691000000)]
  0x00000224eab23a80 JavaThread "Unconstrained build operations Thread 24" [_thread_blocked, id=8640, stack(0x0000005691000000,0x0000005691100000)]
  0x00000224eab27740 JavaThread "Unconstrained build operations Thread 25" [_thread_blocked, id=6856, stack(0x0000005691100000,0x0000005691200000)]
  0x00000224eab28b80 JavaThread "Unconstrained build operations Thread 26" [_thread_blocked, id=14128, stack(0x0000005691200000,0x0000005691300000)]
  0x00000224eab29fc0 JavaThread "Unconstrained build operations Thread 27" [_thread_blocked, id=1744, stack(0x0000005691300000,0x0000005691400000)]
  0x00000224eab2a4d0 JavaThread "Unconstrained build operations Thread 28" [_thread_blocked, id=12380, stack(0x0000005691400000,0x0000005691500000)]
  0x00000224eab2a9e0 JavaThread "Unconstrained build operations Thread 29" [_thread_blocked, id=4780, stack(0x0000005691500000,0x0000005691600000)]
  0x00000224eab23570 JavaThread "Unconstrained build operations Thread 30" [_thread_blocked, id=7996, stack(0x0000005691600000,0x0000005691700000)]
  0x00000224eab23f90 JavaThread "Unconstrained build operations Thread 31" [_thread_blocked, id=9948, stack(0x0000005691700000,0x0000005691800000)]
  0x00000224eab244a0 JavaThread "Unconstrained build operations Thread 32" [_thread_blocked, id=6944, stack(0x0000005691800000,0x0000005691900000)]
  0x00000224eab249b0 JavaThread "Unconstrained build operations Thread 33" [_thread_blocked, id=7504, stack(0x0000005691900000,0x0000005691a00000)]
  0x00000224e76293f0 JavaThread "Unconstrained build operations Thread 34" [_thread_blocked, id=7684, stack(0x0000005691a00000,0x0000005691b00000)]
  0x00000224ea535a90 JavaThread "Unconstrained build operations Thread 35" [_thread_blocked, id=12560, stack(0x0000005691b00000,0x0000005691c00000)]
  0x00000224ea5378f0 JavaThread "Unconstrained build operations Thread 36" [_thread_blocked, id=7496, stack(0x0000005691c00000,0x0000005691d00000)]
  0x00000224ea538d30 JavaThread "Unconstrained build operations Thread 37" [_thread_blocked, id=13628, stack(0x0000005691d00000,0x0000005691e00000)]
  0x00000224ea539240 JavaThread "Unconstrained build operations Thread 38" [_thread_blocked, id=13832, stack(0x0000005691e00000,0x0000005691f00000)]
  0x00000224ea5327f0 JavaThread "Unconstrained build operations Thread 39" [_thread_blocked, id=1072, stack(0x0000005691f00000,0x0000005692000000)]
  0x00000224ea539750 JavaThread "Unconstrained build operations Thread 40" [_thread_blocked, id=8032, stack(0x0000005692000000,0x0000005692100000)]
  0x00000224ea539c60 JavaThread "Cache worker for execution history cache (E:\React Native\RTK\RTK\android\.gradle\8.3\executionHistory)" [_thread_blocked, id=9188, stack(0x0000005692100000,0x0000005692200000)]

Other Threads:
  0x00000224c53797d0 VMThread "VM Thread" [stack: 0x000000568bc00000,0x000000568bd00000] [id=2028]
  0x00000224c56984b0 WatcherThread [stack: 0x000000568c800000,0x000000568c900000] [id=5484]
  0x00000224a780eb70 GCTaskThread "GC Thread#0" [stack: 0x000000568b700000,0x000000568b800000] [id=13376]
  0x00000224e522e2a0 GCTaskThread "GC Thread#1" [stack: 0x000000568ca00000,0x000000568cb00000] [id=6480]
  0x00000224e522e560 GCTaskThread "GC Thread#2" [stack: 0x000000568cb00000,0x000000568cc00000] [id=13444]
  0x00000224e522e820 GCTaskThread "GC Thread#3" [stack: 0x000000568cc00000,0x000000568cd00000] [id=5100]
  0x00000224a7820ff0 ConcurrentGCThread "G1 Main Marker" [stack: 0x000000568b800000,0x000000568b900000] [id=5096]
  0x00000224a78220b0 ConcurrentGCThread "G1 Conc#0" [stack: 0x000000568b900000,0x000000568ba00000] [id=7364]
  0x00000224c52340f0 ConcurrentGCThread "G1 Refine#0" [stack: 0x000000568ba00000,0x000000568bb00000] [id=8432]
  0x00000224c5234a30 ConcurrentGCThread "G1 Service" [stack: 0x000000568bb00000,0x000000568bc00000] [id=4424]

Threads with active compile tasks:
C2 CompilerThread0    53138 15187   !   4       java.nio.file.FileTreeWalker::next (144 bytes)
C2 CompilerThread1    53138 15195   !   4       org.gradle.cache.internal.DefaultMultiProcessSafeIndexedCache::getIfPresent (25 bytes)

VM state: not at safepoint (normal execution)

VM Mutex/Monitor currently owned by a thread: None

Heap address: 0x0000000080000000, size: 2048 MB, Compressed Oops mode: 32-bit

CDS archive(s) mapped at: [0x00000224c6000000-0x00000224c6bd0000-0x00000224c6bd0000), size 12386304, SharedBaseAddress: 0x00000224c6000000, ArchiveRelocationMode: 1.
Compressed class space mapped at: 0x00000224c7000000-0x00000224e1000000, reserved size: 436207616
Narrow klass base: 0x00000224c6000000, Narrow klass shift: 0, Narrow klass range: 0x100000000

GC Precious Log:
 CPUs: 4 total, 4 available
 Memory: 12193M
 Large Page Support: Disabled
 NUMA Support: Disabled
 Compressed Oops: Enabled (32-bit)
 Heap Region Size: 1M
 Heap Min Capacity: 8M
 Heap Initial Capacity: 192M
 Heap Max Capacity: 2G
 Pre-touch: Disabled
 Parallel Workers: 4
 Concurrent Workers: 1
 Concurrent Refinement Workers: 4
 Periodic GC: Disabled

Heap:
 garbage-first heap   total 271360K, used 217385K [0x0000000080000000, 0x0000000100000000)
  region size 1024K, 61 young (62464K), 1 survivors (1024K)
 Metaspace       used 104178K, committed 105280K, reserved 557056K
  class space    used 14480K, committed 14976K, reserved 425984K

Heap Regions: E=young(eden), S=young(survivor), O=old, HS=humongous(starts), HC=humongous(continues), CS=collection set, F=free, OA=open archive, CA=closed archive, TAMS=top-at-mark-start (previous, next)
|   0|0x0000000080000000, 0x0000000080100000, 0x0000000080100000|100%| O|  |TAMS 0x0000000080100000, 0x0000000080000000| Untracked 
|   1|0x0000000080100000, 0x0000000080200000, 0x0000000080200000|100%| O|  |TAMS 0x0000000080200000, 0x0000000080100000| Untracked 
|   2|0x0000000080200000, 0x0000000080300000, 0x0000000080300000|100%|HS|  |TAMS 0x0000000080300000, 0x0000000080200000| Complete 
|   3|0x0000000080300000, 0x0000000080400000, 0x0000000080400000|100%|HC|  |TAMS 0x0000000080400000, 0x0000000080300000| Complete 
|   4|0x0000000080400000, 0x0000000080500000, 0x0000000080500000|100%|HC|  |TAMS 0x0000000080500000, 0x0000000080400000| Complete 
|   5|0x0000000080500000, 0x0000000080600000, 0x0000000080600000|100%|HC|  |TAMS 0x0000000080600000, 0x0000000080500000| Complete 
|   6|0x0000000080600000, 0x0000000080700000, 0x0000000080700000|100%| O|  |TAMS 0x0000000080700000, 0x0000000080600000| Untracked 
|   7|0x0000000080700000, 0x0000000080800000, 0x0000000080800000|100%| O|  |TAMS 0x0000000080800000, 0x0000000080700000| Untracked 
|   8|0x0000000080800000, 0x0000000080900000, 0x0000000080900000|100%| O|  |TAMS 0x0000000080900000, 0x0000000080800000| Untracked 
|   9|0x0000000080900000, 0x0000000080a00000, 0x0000000080a00000|100%| O|  |TAMS 0x0000000080a00000, 0x0000000080900000| Untracked 
|  10|0x0000000080a00000, 0x0000000080b00000, 0x0000000080b00000|100%| O|  |TAMS 0x0000000080b00000, 0x0000000080a00000| Untracked 
|  11|0x0000000080b00000, 0x0000000080c00000, 0x0000000080c00000|100%| O|  |TAMS 0x0000000080c00000, 0x0000000080b00000| Untracked 
|  12|0x0000000080c00000, 0x0000000080d00000, 0x0000000080d00000|100%| O|  |TAMS 0x0000000080d00000, 0x0000000080c00000| Untracked 
|  13|0x0000000080d00000, 0x0000000080e00000, 0x0000000080e00000|100%| O|  |TAMS 0x0000000080e00000, 0x0000000080d00000| Untracked 
|  14|0x0000000080e00000, 0x0000000080f00000, 0x0000000080f00000|100%| O|  |TAMS 0x0000000080f00000, 0x0000000080e00000| Untracked 
|  15|0x0000000080f00000, 0x0000000081000000, 0x0000000081000000|100%| O|  |TAMS 0x0000000081000000, 0x0000000080f00000| Untracked 
|  16|0x0000000081000000, 0x0000000081100000, 0x0000000081100000|100%| O|  |TAMS 0x0000000081100000, 0x0000000081000000| Untracked 
|  17|0x0000000081100000, 0x0000000081200000, 0x0000000081200000|100%| O|  |TAMS 0x0000000081200000, 0x0000000081100000| Untracked 
|  18|0x0000000081200000, 0x0000000081300000, 0x0000000081300000|100%| O|  |TAMS 0x0000000081300000, 0x0000000081200000| Untracked 
|  19|0x0000000081300000, 0x0000000081400000, 0x0000000081400000|100%| O|  |TAMS 0x0000000081400000, 0x0000000081300000| Untracked 
|  20|0x0000000081400000, 0x0000000081500000, 0x0000000081500000|100%| O|  |TAMS 0x0000000081500000, 0x0000000081400000| Untracked 
|  21|0x0000000081500000, 0x00000000815cd600, 0x0000000081600000| 80%| O|  |TAMS 0x00000000815cd600, 0x0000000081500000| Untracked 
|  22|0x0000000081600000, 0x0000000081700000, 0x0000000081700000|100%| O|  |TAMS 0x0000000081700000, 0x0000000081600000| Untracked 
|  23|0x0000000081700000, 0x0000000081800000, 0x0000000081800000|100%| O|  |TAMS 0x0000000081800000, 0x0000000081700000| Untracked 
|  24|0x0000000081800000, 0x0000000081900000, 0x0000000081900000|100%| O|  |TAMS 0x0000000081900000, 0x0000000081800000| Untracked 
|  25|0x0000000081900000, 0x0000000081a00000, 0x0000000081a00000|100%| O|  |TAMS 0x0000000081a00000, 0x0000000081900000| Untracked 
|  26|0x0000000081a00000, 0x0000000081b00000, 0x0000000081b00000|100%| O|  |TAMS 0x0000000081b00000, 0x0000000081a00000| Untracked 
|  27|0x0000000081b00000, 0x0000000081c00000, 0x0000000081c00000|100%| O|  |TAMS 0x0000000081c00000, 0x0000000081b00000| Untracked 
|  28|0x0000000081c00000, 0x0000000081d00000, 0x0000000081d00000|100%| O|  |TAMS 0x0000000081d00000, 0x0000000081c00000| Untracked 
|  29|0x0000000081d00000, 0x0000000081e00000, 0x0000000081e00000|100%| O|  |TAMS 0x0000000081e00000, 0x0000000081d00000| Untracked 
|  30|0x0000000081e00000, 0x0000000081f00000, 0x0000000081f00000|100%| O|  |TAMS 0x0000000081f00000, 0x0000000081e00000| Untracked 
|  31|0x0000000081f00000, 0x0000000082000000, 0x0000000082000000|100%| O|  |TAMS 0x0000000082000000, 0x0000000081f00000| Untracked 
|  32|0x0000000082000000, 0x0000000082100000, 0x0000000082100000|100%| O|  |TAMS 0x0000000082100000, 0x0000000082000000| Untracked 
|  33|0x0000000082100000, 0x0000000082200000, 0x0000000082200000|100%| O|  |TAMS 0x0000000082200000, 0x0000000082100000| Untracked 
|  34|0x0000000082200000, 0x0000000082300000, 0x0000000082300000|100%| O|  |TAMS 0x0000000082300000, 0x0000000082200000| Untracked 
|  35|0x0000000082300000, 0x0000000082400000, 0x0000000082400000|100%| O|  |TAMS 0x0000000082400000, 0x0000000082300000| Untracked 
|  36|0x0000000082400000, 0x0000000082500000, 0x0000000082500000|100%| O|  |TAMS 0x0000000082500000, 0x0000000082400000| Untracked 
|  37|0x0000000082500000, 0x0000000082600000, 0x0000000082600000|100%| O|  |TAMS 0x0000000082600000, 0x0000000082500000| Untracked 
|  38|0x0000000082600000, 0x0000000082700000, 0x0000000082700000|100%|HS|  |TAMS 0x0000000082700000, 0x0000000082600000| Complete 
|  39|0x0000000082700000, 0x0000000082800000, 0x0000000082800000|100%|HC|  |TAMS 0x0000000082800000, 0x0000000082700000| Complete 
|  40|0x0000000082800000, 0x0000000082900000, 0x0000000082900000|100%|HS|  |TAMS 0x0000000082900000, 0x0000000082800000| Complete 
|  41|0x0000000082900000, 0x0000000082a00000, 0x0000000082a00000|100%|HC|  |TAMS 0x0000000082a00000, 0x0000000082900000| Complete 
|  42|0x0000000082a00000, 0x0000000082b00000, 0x0000000082b00000|100%|HS|  |TAMS 0x0000000082b00000, 0x0000000082a00000| Complete 
|  43|0x0000000082b00000, 0x0000000082c00000, 0x0000000082c00000|100%|HC|  |TAMS 0x0000000082c00000, 0x0000000082b00000| Complete 
|  44|0x0000000082c00000, 0x0000000082d00000, 0x0000000082d00000|100%|HC|  |TAMS 0x0000000082d00000, 0x0000000082c00000| Complete 
|  45|0x0000000082d00000, 0x0000000082e00000, 0x0000000082e00000|100%|HC|  |TAMS 0x0000000082e00000, 0x0000000082d00000| Complete 
|  46|0x0000000082e00000, 0x0000000082f00000, 0x0000000082f00000|100%| O|  |TAMS 0x0000000082f00000, 0x0000000082e00000| Untracked 
|  47|0x0000000082f00000, 0x0000000083000000, 0x0000000083000000|100%| O|  |TAMS 0x0000000083000000, 0x0000000082f00000| Untracked 
|  48|0x0000000083000000, 0x0000000083100000, 0x0000000083100000|100%|HS|  |TAMS 0x0000000083100000, 0x0000000083000000| Complete 
|  49|0x0000000083100000, 0x0000000083200000, 0x0000000083200000|100%|HC|  |TAMS 0x0000000083200000, 0x0000000083100000| Complete 
|  50|0x0000000083200000, 0x0000000083300000, 0x0000000083300000|100%|HC|  |TAMS 0x0000000083300000, 0x0000000083200000| Complete 
|  51|0x0000000083300000, 0x0000000083400000, 0x0000000083400000|100%|HC|  |TAMS 0x0000000083400000, 0x0000000083300000| Complete 
|  52|0x0000000083400000, 0x0000000083500000, 0x0000000083500000|100%| O|  |TAMS 0x0000000083500000, 0x0000000083400000| Untracked 
|  53|0x0000000083500000, 0x0000000083600000, 0x0000000083600000|100%| O|  |TAMS 0x0000000083600000, 0x0000000083500000| Untracked 
|  54|0x0000000083600000, 0x0000000083700000, 0x0000000083700000|100%| O|  |TAMS 0x0000000083700000, 0x0000000083600000| Untracked 
|  55|0x0000000083700000, 0x0000000083800000, 0x0000000083800000|100%| O|  |TAMS 0x0000000083800000, 0x0000000083700000| Untracked 
|  56|0x0000000083800000, 0x0000000083900000, 0x0000000083900000|100%| O|  |TAMS 0x0000000083900000, 0x0000000083800000| Untracked 
|  57|0x0000000083900000, 0x0000000083a00000, 0x0000000083a00000|100%| O|  |TAMS 0x0000000083a00000, 0x0000000083900000| Untracked 
|  58|0x0000000083a00000, 0x0000000083b00000, 0x0000000083b00000|100%| O|  |TAMS 0x0000000083b00000, 0x0000000083a00000| Untracked 
|  59|0x0000000083b00000, 0x0000000083c00000, 0x0000000083c00000|100%| O|  |TAMS 0x0000000083c00000, 0x0000000083b00000| Untracked 
|  60|0x0000000083c00000, 0x0000000083d00000, 0x0000000083d00000|100%| O|  |TAMS 0x0000000083d00000, 0x0000000083c00000| Untracked 
|  61|0x0000000083d00000, 0x0000000083e00000, 0x0000000083e00000|100%| O|  |TAMS 0x0000000083e00000, 0x0000000083d00000| Untracked 
|  62|0x0000000083e00000, 0x0000000083f00000, 0x0000000083f00000|100%| O|  |TAMS 0x0000000083f00000, 0x0000000083e00000| Untracked 
|  63|0x0000000083f00000, 0x0000000084000000, 0x0000000084000000|100%|HS|  |TAMS 0x0000000084000000, 0x0000000083f00000| Complete 
|  64|0x0000000084000000, 0x0000000084100000, 0x0000000084100000|100%|HS|  |TAMS 0x0000000084100000, 0x0000000084000000| Complete 
|  65|0x0000000084100000, 0x0000000084200000, 0x0000000084200000|100%|HS|  |TAMS 0x0000000084200000, 0x0000000084100000| Complete 
|  66|0x0000000084200000, 0x0000000084300000, 0x0000000084300000|100%| O|  |TAMS 0x0000000084300000, 0x0000000084200000| Untracked 
|  67|0x0000000084300000, 0x0000000084400000, 0x0000000084400000|100%| O|  |TAMS 0x0000000084400000, 0x0000000084300000| Untracked 
|  68|0x0000000084400000, 0x0000000084500000, 0x0000000084500000|100%| O|  |TAMS 0x0000000084500000, 0x0000000084400000| Untracked 
|  69|0x0000000084500000, 0x0000000084600000, 0x0000000084600000|100%| O|  |TAMS 0x0000000084600000, 0x0000000084500000| Untracked 
|  70|0x0000000084600000, 0x0000000084700000, 0x0000000084700000|100%|HS|  |TAMS 0x0000000084700000, 0x0000000084600000| Complete 
|  71|0x0000000084700000, 0x0000000084800000, 0x0000000084800000|100%| O|  |TAMS 0x0000000084800000, 0x0000000084700000| Untracked 
|  72|0x0000000084800000, 0x0000000084900000, 0x0000000084900000|100%| O|  |TAMS 0x0000000084900000, 0x0000000084800000| Untracked 
|  73|0x0000000084900000, 0x0000000084a00000, 0x0000000084a00000|100%| O|  |TAMS 0x0000000084a00000, 0x0000000084900000| Untracked 
|  74|0x0000000084a00000, 0x0000000084b00000, 0x0000000084b00000|100%| O|  |TAMS 0x0000000084b00000, 0x0000000084a00000| Untracked 
|  75|0x0000000084b00000, 0x0000000084c00000, 0x0000000084c00000|100%| O|  |TAMS 0x0000000084c00000, 0x0000000084b00000| Untracked 
|  76|0x0000000084c00000, 0x0000000084d00000, 0x0000000084d00000|100%| O|  |TAMS 0x0000000084d00000, 0x0000000084c00000| Untracked 
|  77|0x0000000084d00000, 0x0000000084e00000, 0x0000000084e00000|100%| O|  |TAMS 0x0000000084e00000, 0x0000000084d00000| Untracked 
|  78|0x0000000084e00000, 0x0000000084f00000, 0x0000000084f00000|100%| O|  |TAMS 0x0000000084f00000, 0x0000000084e00000| Untracked 
|  79|0x0000000084f00000, 0x0000000085000000, 0x0000000085000000|100%| O|  |TAMS 0x0000000085000000, 0x0000000084f00000| Untracked 
|  80|0x0000000085000000, 0x0000000085100000, 0x0000000085100000|100%| O|  |TAMS 0x0000000085100000, 0x0000000085000000| Untracked 
|  81|0x0000000085100000, 0x0000000085200000, 0x0000000085200000|100%| O|  |TAMS 0x0000000085200000, 0x0000000085100000| Untracked 
|  82|0x0000000085200000, 0x0000000085300000, 0x0000000085300000|100%| O|  |TAMS 0x0000000085300000, 0x0000000085200000| Untracked 
|  83|0x0000000085300000, 0x0000000085400000, 0x0000000085400000|100%| O|  |TAMS 0x0000000085400000, 0x0000000085300000| Untracked 
|  84|0x0000000085400000, 0x0000000085500000, 0x0000000085500000|100%| O|  |TAMS 0x0000000085500000, 0x0000000085400000| Untracked 
|  85|0x0000000085500000, 0x0000000085600000, 0x0000000085600000|100%| O|  |TAMS 0x0000000085600000, 0x0000000085500000| Untracked 
|  86|0x0000000085600000, 0x0000000085700000, 0x0000000085700000|100%| O|  |TAMS 0x0000000085700000, 0x0000000085600000| Untracked 
|  87|0x0000000085700000, 0x0000000085800000, 0x0000000085800000|100%| O|  |TAMS 0x0000000085800000, 0x0000000085700000| Untracked 
|  88|0x0000000085800000, 0x0000000085900000, 0x0000000085900000|100%| O|  |TAMS 0x0000000085900000, 0x0000000085800000| Untracked 
|  89|0x0000000085900000, 0x0000000085a00000, 0x0000000085a00000|100%| O|  |TAMS 0x0000000085a00000, 0x0000000085900000| Untracked 
|  90|0x0000000085a00000, 0x0000000085b00000, 0x0000000085b00000|100%| O|  |TAMS 0x0000000085b00000, 0x0000000085a00000| Untracked 
|  91|0x0000000085b00000, 0x0000000085c00000, 0x0000000085c00000|100%| O|  |TAMS 0x0000000085c00000, 0x0000000085b00000| Untracked 
|  92|0x0000000085c00000, 0x0000000085d00000, 0x0000000085d00000|100%|HS|  |TAMS 0x0000000085d00000, 0x0000000085c00000| Complete 
|  93|0x0000000085d00000, 0x0000000085e00000, 0x0000000085e00000|100%|HS|  |TAMS 0x0000000085e00000, 0x0000000085d00000| Complete 
|  94|0x0000000085e00000, 0x0000000085f00000, 0x0000000085f00000|100%|HS|  |TAMS 0x0000000085f00000, 0x0000000085e00000| Complete 
|  95|0x0000000085f00000, 0x0000000086000000, 0x0000000086000000|100%|HC|  |TAMS 0x0000000086000000, 0x0000000085f00000| Complete 
|  96|0x0000000086000000, 0x0000000086100000, 0x0000000086100000|100%| O|  |TAMS 0x0000000086100000, 0x0000000086000000| Untracked 
|  97|0x0000000086100000, 0x0000000086200000, 0x0000000086200000|100%| O|  |TAMS 0x0000000086200000, 0x0000000086100000| Untracked 
|  98|0x0000000086200000, 0x0000000086300000, 0x0000000086300000|100%| O|  |TAMS 0x0000000086300000, 0x0000000086200000| Untracked 
|  99|0x0000000086300000, 0x0000000086400000, 0x0000000086400000|100%| O|  |TAMS 0x0000000086400000, 0x0000000086300000| Untracked 
| 100|0x0000000086400000, 0x0000000086500000, 0x0000000086500000|100%| O|  |TAMS 0x0000000086500000, 0x0000000086400000| Untracked 
| 101|0x0000000086500000, 0x0000000086600000, 0x0000000086600000|100%| O|  |TAMS 0x0000000086600000, 0x0000000086500000| Untracked 
| 102|0x0000000086600000, 0x0000000086700000, 0x0000000086700000|100%| O|  |TAMS 0x0000000086700000, 0x0000000086600000| Untracked 
| 103|0x0000000086700000, 0x0000000086800000, 0x0000000086800000|100%| O|  |TAMS 0x0000000086800000, 0x0000000086700000| Untracked 
| 104|0x0000000086800000, 0x0000000086900000, 0x0000000086900000|100%| O|  |TAMS 0x0000000086900000, 0x0000000086800000| Untracked 
| 105|0x0000000086900000, 0x0000000086a00000, 0x0000000086a00000|100%| O|  |TAMS 0x0000000086a00000, 0x0000000086900000| Untracked 
| 106|0x0000000086a00000, 0x0000000086b00000, 0x0000000086b00000|100%| O|  |TAMS 0x0000000086b00000, 0x0000000086a00000| Untracked 
| 107|0x0000000086b00000, 0x0000000086c00000, 0x0000000086c00000|100%| O|  |TAMS 0x0000000086c00000, 0x0000000086b00000| Untracked 
| 108|0x0000000086c00000, 0x0000000086d00000, 0x0000000086d00000|100%| O|  |TAMS 0x0000000086d00000, 0x0000000086c00000| Untracked 
| 109|0x0000000086d00000, 0x0000000086e00000, 0x0000000086e00000|100%| O|  |TAMS 0x0000000086e00000, 0x0000000086d00000| Untracked 
| 110|0x0000000086e00000, 0x0000000086f00000, 0x0000000086f00000|100%| O|  |TAMS 0x0000000086f00000, 0x0000000086e00000| Untracked 
| 111|0x0000000086f00000, 0x0000000087000000, 0x0000000087000000|100%| O|  |TAMS 0x0000000087000000, 0x0000000086f00000| Untracked 
| 112|0x0000000087000000, 0x0000000087100000, 0x0000000087100000|100%| O|  |TAMS 0x0000000087100000, 0x0000000087000000| Untracked 
| 113|0x0000000087100000, 0x0000000087200000, 0x0000000087200000|100%| O|  |TAMS 0x0000000087200000, 0x0000000087100000| Untracked 
| 114|0x0000000087200000, 0x0000000087300000, 0x0000000087300000|100%| O|  |TAMS 0x0000000087300000, 0x0000000087200000| Untracked 
| 115|0x0000000087300000, 0x0000000087400000, 0x0000000087400000|100%| O|  |TAMS 0x0000000087400000, 0x0000000087300000| Untracked 
| 116|0x0000000087400000, 0x0000000087500000, 0x0000000087500000|100%| O|  |TAMS 0x0000000087500000, 0x0000000087400000| Untracked 
| 117|0x0000000087500000, 0x0000000087600000, 0x0000000087600000|100%| O|  |TAMS 0x0000000087600000, 0x0000000087500000| Untracked 
| 118|0x0000000087600000, 0x0000000087700000, 0x0000000087700000|100%| O|  |TAMS 0x0000000087600000, 0x0000000087600000| Untracked 
| 119|0x0000000087700000, 0x0000000087800000, 0x0000000087800000|100%|HS|  |TAMS 0x0000000087800000, 0x0000000087700000| Complete 
| 120|0x0000000087800000, 0x0000000087900000, 0x0000000087900000|100%|HS|  |TAMS 0x0000000087900000, 0x0000000087800000| Complete 
| 121|0x0000000087900000, 0x0000000087a00000, 0x0000000087a00000|100%|HS|  |TAMS 0x0000000087a00000, 0x0000000087900000| Complete 
| 122|0x0000000087a00000, 0x0000000087b00000, 0x0000000087b00000|100%| O|  |TAMS 0x0000000087b00000, 0x0000000087a00000| Untracked 
| 123|0x0000000087b00000, 0x0000000087c00000, 0x0000000087c00000|100%| O|  |TAMS 0x0000000087c00000, 0x0000000087b00000| Untracked 
| 124|0x0000000087c00000, 0x0000000087d00000, 0x0000000087d00000|100%| O|  |TAMS 0x0000000087d00000, 0x0000000087c00000| Untracked 
| 125|0x0000000087d00000, 0x0000000087e00000, 0x0000000087e00000|100%| O|  |TAMS 0x0000000087e00000, 0x0000000087d00000| Untracked 
| 126|0x0000000087e00000, 0x0000000087f00000, 0x0000000087f00000|100%| O|  |TAMS 0x0000000087f00000, 0x0000000087e00000| Untracked 
| 127|0x0000000087f00000, 0x0000000088000000, 0x0000000088000000|100%| O|  |TAMS 0x0000000088000000, 0x0000000087f00000| Untracked 
| 128|0x0000000088000000, 0x0000000088100000, 0x0000000088100000|100%| O|  |TAMS 0x0000000088100000, 0x0000000088000000| Untracked 
| 129|0x0000000088100000, 0x0000000088200000, 0x0000000088200000|100%| O|  |TAMS 0x0000000088200000, 0x0000000088100000| Untracked 
| 130|0x0000000088200000, 0x0000000088200000, 0x0000000088300000|  0%| F|  |TAMS 0x0000000088200000, 0x0000000088200000| Untracked 
| 131|0x0000000088300000, 0x0000000088400000, 0x0000000088400000|100%| O|  |TAMS 0x0000000088400000, 0x0000000088300000| Untracked 
| 132|0x0000000088400000, 0x0000000088500000, 0x0000000088500000|100%| O|  |TAMS 0x0000000088500000, 0x0000000088400000| Untracked 
| 133|0x0000000088500000, 0x0000000088600000, 0x0000000088600000|100%| O|  |TAMS 0x0000000088600000, 0x0000000088500000| Untracked 
| 134|0x0000000088600000, 0x0000000088700000, 0x0000000088700000|100%| O|  |TAMS 0x0000000088700000, 0x0000000088600000| Untracked 
| 135|0x0000000088700000, 0x0000000088800000, 0x0000000088800000|100%| O|  |TAMS 0x0000000088800000, 0x0000000088700000| Untracked 
| 136|0x0000000088800000, 0x0000000088900000, 0x0000000088900000|100%| O|  |TAMS 0x0000000088900000, 0x0000000088800000| Untracked 
| 137|0x0000000088900000, 0x0000000088a00000, 0x0000000088a00000|100%| O|  |TAMS 0x0000000088a00000, 0x0000000088900000| Untracked 
| 138|0x0000000088a00000, 0x0000000088a00000, 0x0000000088b00000|  0%| F|  |TAMS 0x0000000088a00000, 0x0000000088a00000| Untracked 
| 139|0x0000000088b00000, 0x0000000088c00000, 0x0000000088c00000|100%| O|  |TAMS 0x0000000088c00000, 0x0000000088b00000| Untracked 
| 140|0x0000000088c00000, 0x0000000088d00000, 0x0000000088d00000|100%| O|  |TAMS 0x0000000088d00000, 0x0000000088c00000| Untracked 
| 141|0x0000000088d00000, 0x0000000088e00000, 0x0000000088e00000|100%| O|  |TAMS 0x0000000088e00000, 0x0000000088d00000| Untracked 
| 142|0x0000000088e00000, 0x0000000088f00000, 0x0000000088f00000|100%| O|  |TAMS 0x0000000088f00000, 0x0000000088e00000| Untracked 
| 143|0x0000000088f00000, 0x0000000089000000, 0x0000000089000000|100%| O|  |TAMS 0x0000000089000000, 0x0000000088f00000| Untracked 
| 144|0x0000000089000000, 0x0000000089100000, 0x0000000089100000|100%| O|  |TAMS 0x000000008901ce00, 0x0000000089000000| Untracked 
| 145|0x0000000089100000, 0x0000000089200000, 0x0000000089200000|100%| O|  |TAMS 0x0000000089100000, 0x0000000089100000| Untracked 
| 146|0x0000000089200000, 0x0000000089300000, 0x0000000089300000|100%| O|  |TAMS 0x0000000089200000, 0x0000000089200000| Untracked 
| 147|0x0000000089300000, 0x0000000089400000, 0x0000000089400000|100%| O|  |TAMS 0x0000000089300000, 0x0000000089300000| Untracked 
| 148|0x0000000089400000, 0x0000000089500000, 0x0000000089500000|100%| O|  |TAMS 0x0000000089400000, 0x0000000089400000| Untracked 
| 149|0x0000000089500000, 0x0000000089600000, 0x0000000089600000|100%| O|  |TAMS 0x0000000089500000, 0x0000000089500000| Untracked 
| 150|0x0000000089600000, 0x0000000089700000, 0x0000000089700000|100%| O|  |TAMS 0x0000000089600000, 0x0000000089600000| Untracked 
| 151|0x0000000089700000, 0x0000000089800000, 0x0000000089800000|100%| O|  |TAMS 0x0000000089700000, 0x0000000089700000| Untracked 
| 152|0x0000000089800000, 0x0000000089900000, 0x0000000089900000|100%| O|  |TAMS 0x0000000089800000, 0x0000000089800000| Untracked 
| 153|0x0000000089900000, 0x0000000089a00000, 0x0000000089a00000|100%| O|  |TAMS 0x0000000089900000, 0x0000000089900000| Untracked 
| 154|0x0000000089a00000, 0x0000000089b00000, 0x0000000089b00000|100%| O|  |TAMS 0x0000000089a00000, 0x0000000089a00000| Untracked 
| 155|0x0000000089b00000, 0x0000000089b80000, 0x0000000089c00000| 50%| O|  |TAMS 0x0000000089b00000, 0x0000000089b00000| Untracked 
| 156|0x0000000089c00000, 0x0000000089c00000, 0x0000000089d00000|  0%| F|  |TAMS 0x0000000089c00000, 0x0000000089c00000| Untracked 
| 157|0x0000000089d00000, 0x0000000089d00000, 0x0000000089e00000|  0%| F|  |TAMS 0x0000000089d00000, 0x0000000089d00000| Untracked 
| 158|0x0000000089e00000, 0x0000000089e00000, 0x0000000089f00000|  0%| F|  |TAMS 0x0000000089e00000, 0x0000000089e00000| Untracked 
| 159|0x0000000089f00000, 0x0000000089f00000, 0x000000008a000000|  0%| F|  |TAMS 0x0000000089f00000, 0x0000000089f00000| Untracked 
| 160|0x000000008a000000, 0x000000008a000000, 0x000000008a100000|  0%| F|  |TAMS 0x000000008a000000, 0x000000008a000000| Untracked 
| 161|0x000000008a100000, 0x000000008a100000, 0x000000008a200000|  0%| F|  |TAMS 0x000000008a100000, 0x000000008a100000| Untracked 
| 162|0x000000008a200000, 0x000000008a200000, 0x000000008a300000|  0%| F|  |TAMS 0x000000008a200000, 0x000000008a200000| Untracked 
| 163|0x000000008a300000, 0x000000008a300000, 0x000000008a400000|  0%| F|  |TAMS 0x000000008a300000, 0x000000008a300000| Untracked 
| 164|0x000000008a400000, 0x000000008a400000, 0x000000008a500000|  0%| F|  |TAMS 0x000000008a400000, 0x000000008a400000| Untracked 
| 165|0x000000008a500000, 0x000000008a500000, 0x000000008a600000|  0%| F|  |TAMS 0x000000008a500000, 0x000000008a500000| Untracked 
| 166|0x000000008a600000, 0x000000008a600000, 0x000000008a700000|  0%| F|  |TAMS 0x000000008a600000, 0x000000008a600000| Untracked 
| 167|0x000000008a700000, 0x000000008a700000, 0x000000008a800000|  0%| F|  |TAMS 0x000000008a700000, 0x000000008a700000| Untracked 
| 168|0x000000008a800000, 0x000000008a800000, 0x000000008a900000|  0%| F|  |TAMS 0x000000008a800000, 0x000000008a800000| Untracked 
| 169|0x000000008a900000, 0x000000008a900000, 0x000000008aa00000|  0%| F|  |TAMS 0x000000008a900000, 0x000000008a900000| Untracked 
| 170|0x000000008aa00000, 0x000000008aa00000, 0x000000008ab00000|  0%| F|  |TAMS 0x000000008aa00000, 0x000000008aa00000| Untracked 
| 171|0x000000008ab00000, 0x000000008ab00000, 0x000000008ac00000|  0%| F|  |TAMS 0x000000008ab00000, 0x000000008ab00000| Untracked 
| 172|0x000000008ac00000, 0x000000008ac00000, 0x000000008ad00000|  0%| F|  |TAMS 0x000000008ac00000, 0x000000008ac00000| Untracked 
| 173|0x000000008ad00000, 0x000000008ad00000, 0x000000008ae00000|  0%| F|  |TAMS 0x000000008ad00000, 0x000000008ad00000| Untracked 
| 174|0x000000008ae00000, 0x000000008ae00000, 0x000000008af00000|  0%| F|  |TAMS 0x000000008ae00000, 0x000000008ae00000| Untracked 
| 175|0x000000008af00000, 0x000000008af00000, 0x000000008b000000|  0%| F|  |TAMS 0x000000008af00000, 0x000000008af00000| Untracked 
| 176|0x000000008b000000, 0x000000008b000000, 0x000000008b100000|  0%| F|  |TAMS 0x000000008b000000, 0x000000008b000000| Untracked 
| 177|0x000000008b100000, 0x000000008b100000, 0x000000008b200000|  0%| F|  |TAMS 0x000000008b100000, 0x000000008b100000| Untracked 
| 178|0x000000008b200000, 0x000000008b200000, 0x000000008b300000|  0%| F|  |TAMS 0x000000008b200000, 0x000000008b200000| Untracked 
| 179|0x000000008b300000, 0x000000008b300000, 0x000000008b400000|  0%| F|  |TAMS 0x000000008b300000, 0x000000008b300000| Untracked 
| 180|0x000000008b400000, 0x000000008b400000, 0x000000008b500000|  0%| F|  |TAMS 0x000000008b400000, 0x000000008b400000| Untracked 
| 181|0x000000008b500000, 0x000000008b500000, 0x000000008b600000|  0%| F|  |TAMS 0x000000008b500000, 0x000000008b500000| Untracked 
| 182|0x000000008b600000, 0x000000008b600000, 0x000000008b700000|  0%| F|  |TAMS 0x000000008b600000, 0x000000008b600000| Untracked 
| 183|0x000000008b700000, 0x000000008b700000, 0x000000008b800000|  0%| F|  |TAMS 0x000000008b700000, 0x000000008b700000| Untracked 
| 184|0x000000008b800000, 0x000000008b800000, 0x000000008b900000|  0%| F|  |TAMS 0x000000008b800000, 0x000000008b800000| Untracked 
| 185|0x000000008b900000, 0x000000008b900000, 0x000000008ba00000|  0%| F|  |TAMS 0x000000008b900000, 0x000000008b900000| Untracked 
| 186|0x000000008ba00000, 0x000000008ba00000, 0x000000008bb00000|  0%| F|  |TAMS 0x000000008ba00000, 0x000000008ba00000| Untracked 
| 187|0x000000008bb00000, 0x000000008bb00000, 0x000000008bc00000|  0%| F|  |TAMS 0x000000008bb00000, 0x000000008bb00000| Untracked 
| 188|0x000000008bc00000, 0x000000008bc00000, 0x000000008bd00000|  0%| F|  |TAMS 0x000000008bc00000, 0x000000008bc00000| Untracked 
| 189|0x000000008bd00000, 0x000000008bd00000, 0x000000008be00000|  0%| F|  |TAMS 0x000000008bd00000, 0x000000008bd00000| Untracked 
| 190|0x000000008be00000, 0x000000008be00000, 0x000000008bf00000|  0%| F|  |TAMS 0x000000008be00000, 0x000000008be00000| Untracked 
| 191|0x000000008bf00000, 0x000000008bf00000, 0x000000008c000000|  0%| F|  |TAMS 0x000000008bf00000, 0x000000008bf00000| Untracked 
| 192|0x000000008c000000, 0x000000008c000000, 0x000000008c100000|  0%| F|  |TAMS 0x000000008c000000, 0x000000008c000000| Untracked 
| 193|0x000000008c100000, 0x000000008c100000, 0x000000008c200000|  0%| F|  |TAMS 0x000000008c100000, 0x000000008c100000| Untracked 
| 194|0x000000008c200000, 0x000000008c200000, 0x000000008c300000|  0%| F|  |TAMS 0x000000008c200000, 0x000000008c200000| Untracked 
| 195|0x000000008c300000, 0x000000008c300000, 0x000000008c400000|  0%| F|  |TAMS 0x000000008c300000, 0x000000008c300000| Untracked 
| 196|0x000000008c400000, 0x000000008c400000, 0x000000008c500000|  0%| F|  |TAMS 0x000000008c400000, 0x000000008c400000| Untracked 
| 197|0x000000008c500000, 0x000000008c500000, 0x000000008c600000|  0%| F|  |TAMS 0x000000008c500000, 0x000000008c500000| Untracked 
| 198|0x000000008c600000, 0x000000008c600000, 0x000000008c700000|  0%| F|  |TAMS 0x000000008c600000, 0x000000008c600000| Untracked 
| 199|0x000000008c700000, 0x000000008c700000, 0x000000008c800000|  0%| F|  |TAMS 0x000000008c700000, 0x000000008c700000| Untracked 
| 200|0x000000008c800000, 0x000000008c800000, 0x000000008c900000|  0%| F|  |TAMS 0x000000008c800000, 0x000000008c800000| Untracked 
| 201|0x000000008c900000, 0x000000008c900000, 0x000000008ca00000|  0%| F|  |TAMS 0x000000008c900000, 0x000000008c900000| Untracked 
| 202|0x000000008ca00000, 0x000000008ca00000, 0x000000008cb00000|  0%| F|  |TAMS 0x000000008ca00000, 0x000000008ca00000| Untracked 
| 203|0x000000008cb00000, 0x000000008cb00000, 0x000000008cc00000|  0%| F|  |TAMS 0x000000008cb00000, 0x000000008cb00000| Untracked 
| 204|0x000000008cc00000, 0x000000008cca0878, 0x000000008cd00000| 62%| E|  |TAMS 0x000000008cc00000, 0x000000008cc00000| Complete 
| 205|0x000000008cd00000, 0x000000008ce00000, 0x000000008ce00000|100%| E|CS|TAMS 0x000000008cd00000, 0x000000008cd00000| Complete 
| 206|0x000000008ce00000, 0x000000008cf00000, 0x000000008cf00000|100%| E|CS|TAMS 0x000000008ce00000, 0x000000008ce00000| Complete 
| 207|0x000000008cf00000, 0x000000008d000000, 0x000000008d000000|100%| E|CS|TAMS 0x000000008cf00000, 0x000000008cf00000| Complete 
| 208|0x000000008d000000, 0x000000008d100000, 0x000000008d100000|100%| E|CS|TAMS 0x000000008d000000, 0x000000008d000000| Complete 
| 209|0x000000008d100000, 0x000000008d200000, 0x000000008d200000|100%| E|CS|TAMS 0x000000008d100000, 0x000000008d100000| Complete 
| 210|0x000000008d200000, 0x000000008d300000, 0x000000008d300000|100%| E|CS|TAMS 0x000000008d200000, 0x000000008d200000| Complete 
| 211|0x000000008d300000, 0x000000008d400000, 0x000000008d400000|100%| E|CS|TAMS 0x000000008d300000, 0x000000008d300000| Complete 
| 212|0x000000008d400000, 0x000000008d500000, 0x000000008d500000|100%| E|CS|TAMS 0x000000008d400000, 0x000000008d400000| Complete 
| 213|0x000000008d500000, 0x000000008d600000, 0x000000008d600000|100%| E|CS|TAMS 0x000000008d500000, 0x000000008d500000| Complete 
| 214|0x000000008d600000, 0x000000008d700000, 0x000000008d700000|100%| E|CS|TAMS 0x000000008d600000, 0x000000008d600000| Complete 
| 215|0x000000008d700000, 0x000000008d800000, 0x000000008d800000|100%| E|CS|TAMS 0x000000008d700000, 0x000000008d700000| Complete 
| 216|0x000000008d800000, 0x000000008d900000, 0x000000008d900000|100%| E|CS|TAMS 0x000000008d800000, 0x000000008d800000| Complete 
| 217|0x000000008d900000, 0x000000008da00000, 0x000000008da00000|100%| E|CS|TAMS 0x000000008d900000, 0x000000008d900000| Complete 
| 218|0x000000008da00000, 0x000000008db00000, 0x000000008db00000|100%| E|CS|TAMS 0x000000008da00000, 0x000000008da00000| Complete 
| 219|0x000000008db00000, 0x000000008dc00000, 0x000000008dc00000|100%| E|CS|TAMS 0x000000008db00000, 0x000000008db00000| Complete 
| 220|0x000000008dc00000, 0x000000008dd00000, 0x000000008dd00000|100%| E|CS|TAMS 0x000000008dc00000, 0x000000008dc00000| Complete 
| 221|0x000000008dd00000, 0x000000008de00000, 0x000000008de00000|100%| E|CS|TAMS 0x000000008dd00000, 0x000000008dd00000| Complete 
| 222|0x000000008de00000, 0x000000008df00000, 0x000000008df00000|100%| E|CS|TAMS 0x000000008de00000, 0x000000008de00000| Complete 
| 223|0x000000008df00000, 0x000000008e000000, 0x000000008e000000|100%| E|CS|TAMS 0x000000008df00000, 0x000000008df00000| Complete 
| 224|0x000000008e000000, 0x000000008e100000, 0x000000008e100000|100%| E|CS|TAMS 0x000000008e000000, 0x000000008e000000| Complete 
| 225|0x000000008e100000, 0x000000008e200000, 0x000000008e200000|100%| E|CS|TAMS 0x000000008e100000, 0x000000008e100000| Complete 
| 226|0x000000008e200000, 0x000000008e300000, 0x000000008e300000|100%| E|CS|TAMS 0x000000008e200000, 0x000000008e200000| Complete 
| 227|0x000000008e300000, 0x000000008e400000, 0x000000008e400000|100%| E|CS|TAMS 0x000000008e300000, 0x000000008e300000| Complete 
| 228|0x000000008e400000, 0x000000008e500000, 0x000000008e500000|100%| E|CS|TAMS 0x000000008e400000, 0x000000008e400000| Complete 
| 229|0x000000008e500000, 0x000000008e600000, 0x000000008e600000|100%| E|CS|TAMS 0x000000008e500000, 0x000000008e500000| Complete 
| 230|0x000000008e600000, 0x000000008e700000, 0x000000008e700000|100%| E|CS|TAMS 0x000000008e600000, 0x000000008e600000| Complete 
| 231|0x000000008e700000, 0x000000008e800000, 0x000000008e800000|100%| E|CS|TAMS 0x000000008e700000, 0x000000008e700000| Complete 
| 232|0x000000008e800000, 0x000000008e900000, 0x000000008e900000|100%| E|CS|TAMS 0x000000008e800000, 0x000000008e800000| Complete 
| 233|0x000000008e900000, 0x000000008ea00000, 0x000000008ea00000|100%| E|  |TAMS 0x000000008e900000, 0x000000008e900000| Complete 
| 234|0x000000008ea00000, 0x000000008eb00000, 0x000000008eb00000|100%| E|CS|TAMS 0x000000008ea00000, 0x000000008ea00000| Complete 
| 235|0x000000008eb00000, 0x000000008ec00000, 0x000000008ec00000|100%| E|CS|TAMS 0x000000008eb00000, 0x000000008eb00000| Complete 
| 236|0x000000008ec00000, 0x000000008ed00000, 0x000000008ed00000|100%| E|CS|TAMS 0x000000008ec00000, 0x000000008ec00000| Complete 
| 237|0x000000008ed00000, 0x000000008ee00000, 0x000000008ee00000|100%| E|CS|TAMS 0x000000008ed00000, 0x000000008ed00000| Complete 
| 238|0x000000008ee00000, 0x000000008ef00000, 0x000000008ef00000|100%| E|CS|TAMS 0x000000008ee00000, 0x000000008ee00000| Complete 
| 239|0x000000008ef00000, 0x000000008f000000, 0x000000008f000000|100%| E|CS|TAMS 0x000000008ef00000, 0x000000008ef00000| Complete 
| 240|0x000000008f000000, 0x000000008f100000, 0x000000008f100000|100%| E|CS|TAMS 0x000000008f000000, 0x000000008f000000| Complete 
| 241|0x000000008f100000, 0x000000008f200000, 0x000000008f200000|100%| E|CS|TAMS 0x000000008f100000, 0x000000008f100000| Complete 
| 242|0x000000008f200000, 0x000000008f300000, 0x000000008f300000|100%| E|CS|TAMS 0x000000008f200000, 0x000000008f200000| Complete 
| 243|0x000000008f300000, 0x000000008f400000, 0x000000008f400000|100%| E|CS|TAMS 0x000000008f300000, 0x000000008f300000| Complete 
| 244|0x000000008f400000, 0x000000008f500000, 0x000000008f500000|100%| E|CS|TAMS 0x000000008f400000, 0x000000008f400000| Complete 
| 245|0x000000008f500000, 0x000000008f600000, 0x000000008f600000|100%| E|CS|TAMS 0x000000008f500000, 0x000000008f500000| Complete 
| 246|0x000000008f600000, 0x000000008f700000, 0x000000008f700000|100%| E|CS|TAMS 0x000000008f600000, 0x000000008f600000| Complete 
| 247|0x000000008f700000, 0x000000008f800000, 0x000000008f800000|100%| E|CS|TAMS 0x000000008f700000, 0x000000008f700000| Complete 
| 248|0x000000008f800000, 0x000000008f900000, 0x000000008f900000|100%| E|CS|TAMS 0x000000008f800000, 0x000000008f800000| Complete 
| 249|0x000000008f900000, 0x000000008fa00000, 0x000000008fa00000|100%| E|CS|TAMS 0x000000008f900000, 0x000000008f900000| Complete 
| 250|0x000000008fa00000, 0x000000008fb00000, 0x000000008fb00000|100%| E|CS|TAMS 0x000000008fa00000, 0x000000008fa00000| Complete 
| 251|0x000000008fb00000, 0x000000008fc00000, 0x000000008fc00000|100%| E|CS|TAMS 0x000000008fb00000, 0x000000008fb00000| Complete 
| 252|0x000000008fc00000, 0x000000008fd00000, 0x000000008fd00000|100%| E|CS|TAMS 0x000000008fc00000, 0x000000008fc00000| Complete 
| 253|0x000000008fd00000, 0x000000008fe00000, 0x000000008fe00000|100%| E|CS|TAMS 0x000000008fd00000, 0x000000008fd00000| Complete 
| 254|0x000000008fe00000, 0x000000008ff00000, 0x000000008ff00000|100%| E|CS|TAMS 0x000000008fe00000, 0x000000008fe00000| Complete 
| 255|0x000000008ff00000, 0x0000000090000000, 0x0000000090000000|100%| E|CS|TAMS 0x000000008ff00000, 0x000000008ff00000| Complete 
| 256|0x0000000090000000, 0x0000000090100000, 0x0000000090100000|100%| E|CS|TAMS 0x0000000090000000, 0x0000000090000000| Complete 
| 257|0x0000000090100000, 0x00000000901fd1c0, 0x0000000090200000| 98%| S|CS|TAMS 0x0000000090100000, 0x0000000090100000| Complete 
| 258|0x0000000090200000, 0x0000000090300000, 0x0000000090300000|100%| E|CS|TAMS 0x0000000090200000, 0x0000000090200000| Complete 
| 259|0x0000000090300000, 0x0000000090400000, 0x0000000090400000|100%| E|CS|TAMS 0x0000000090300000, 0x0000000090300000| Complete 
| 260|0x0000000090400000, 0x0000000090500000, 0x0000000090500000|100%| E|CS|TAMS 0x0000000090400000, 0x0000000090400000| Complete 
| 261|0x0000000090500000, 0x0000000090600000, 0x0000000090600000|100%| E|CS|TAMS 0x0000000090500000, 0x0000000090500000| Complete 
| 262|0x0000000090600000, 0x0000000090700000, 0x0000000090700000|100%| E|CS|TAMS 0x0000000090600000, 0x0000000090600000| Complete 
| 263|0x0000000090700000, 0x0000000090800000, 0x0000000090800000|100%| E|CS|TAMS 0x0000000090700000, 0x0000000090700000| Complete 
| 264|0x0000000090800000, 0x0000000090900000, 0x0000000090900000|100%| E|CS|TAMS 0x0000000090800000, 0x0000000090800000| Complete 

Card table byte_map: [0x00000224be6b0000,0x00000224beab0000] _byte_map_base: 0x00000224be2b0000

Marking Bits (Prev, Next): (CMBitMap*) 0x00000224a780f0a0, (CMBitMap*) 0x00000224a780f0e0
 Prev Bits: [0x00000224beeb0000, 0x00000224c0eb0000)
 Next Bits: [0x00000224c0eb0000, 0x00000224c2eb0000)

Polling page: 0x00000224a5910000

Metaspace:

Usage:
  Non-class:     87.60 MB used.
      Class:     14.14 MB used.
       Both:    101.74 MB used.

Virtual space:
  Non-class space:      128.00 MB reserved,      88.19 MB ( 69%) committed,  2 nodes.
      Class space:      416.00 MB reserved,      14.62 MB (  4%) committed,  1 nodes.
             Both:      544.00 MB reserved,     102.81 MB ( 19%) committed. 

Chunk freelists:
   Non-Class:  7.73 MB
       Class:  1.19 MB
        Both:  8.93 MB

MaxMetaspaceSize: 512.00 MB
CompressedClassSpaceSize: 416.00 MB
Initial GC threshold: 21.00 MB
Current GC threshold: 168.88 MB
CDS: on
MetaspaceReclaimPolicy: balanced
 - commit_granule_bytes: 65536.
 - commit_granule_words: 8192.
 - virtual_space_node_default_size: 8388608.
 - enlarge_chunks_in_place: 1.
 - new_chunks_are_fully_committed: 0.
 - uncommit_free_chunks: 1.
 - use_allocation_guard: 0.
 - handle_deallocations: 1.


Internal statistics:

num_allocs_failed_limit: 6.
num_arena_births: 1296.
num_arena_deaths: 0.
num_vsnodes_births: 3.
num_vsnodes_deaths: 0.
num_space_committed: 1645.
num_space_uncommitted: 0.
num_chunks_returned_to_freelist: 6.
num_chunks_taken_from_freelist: 5748.
num_chunk_merges: 6.
num_chunk_splits: 3693.
num_chunks_enlarged: 2341.
num_inconsistent_stats: 0.

CodeHeap 'non-profiled nmethods': size=120000Kb used=8449Kb max_used=8449Kb free=111550Kb
 bounds [0x00000224b6d80000, 0x00000224b75d0000, 0x00000224be2b0000]
CodeHeap 'profiled nmethods': size=120000Kb used=25123Kb max_used=25123Kb free=94876Kb
 bounds [0x00000224af2b0000, 0x00000224b0b40000, 0x00000224b67e0000]
CodeHeap 'non-nmethods': size=5760Kb used=2449Kb max_used=2520Kb free=3310Kb
 bounds [0x00000224b67e0000, 0x00000224b6a70000, 0x00000224b6d80000]
 total_blobs=13818 nmethods=12839 adapters=888
 compilation: enabled
              stopped_count=0, restarted_count=0
 full_count=0

Compilation events (20 events):
Event: 52.788 Thread 0x00000224c53a2400 nmethod 15186 0x00000224b75b9f90 code [0x00000224b75ba120, 0x00000224b75ba498]
Event: 52.788 Thread 0x00000224c53a2400 15185       4       org.gradle.cache.internal.btree.KeyHasher$MessageDigestStream::write (11 bytes)
Event: 52.790 Thread 0x00000224c53a2400 nmethod 15185 0x00000224b75ba610 code [0x00000224b75ba7a0, 0x00000224b75ba8b8]
Event: 52.809 Thread 0x00000224c53a2400 15187   !   4       java.nio.file.FileTreeWalker::next (144 bytes)
Event: 52.834 Thread 0x00000224ea4ad6c0 nmethod 15182 0x00000224b75baa10 code [0x00000224b75bac00, 0x00000224b75bbee8]
Event: 52.834 Thread 0x00000224ea4ad6c0 15188       4       org.gradle.internal.file.impl.DefaultFileMetadata::file (15 bytes)
Event: 52.836 Thread 0x00000224ea4ad6c0 nmethod 15188 0x00000224b75bca90 code [0x00000224b75bcc20, 0x00000224b75bccf8]
Event: 52.836 Thread 0x00000224ea4ad6c0 15189   !   4       org.gradle.internal.concurrent.ExecutorPolicy$CatchAndRecordFailures::onExecute (29 bytes)
Event: 52.838 Thread 0x00000224ea4ad6c0 nmethod 15189 0x00000224b75bcd90 code [0x00000224b75bcf20, 0x00000224b75bd098]
Event: 52.843 Thread 0x00000224ea4ad6c0 15190       4       sun.nio.fs.WindowsPath::getFileName (87 bytes)
Event: 52.874 Thread 0x00000224ea4ad6c0 nmethod 15190 0x00000224b75bd210 code [0x00000224b75bd3e0, 0x00000224b75bdfa8]
Event: 52.874 Thread 0x00000224ea4ad6c0 15192   !   4       org.gradle.internal.serialize.kryo.KryoBackedDecoder::readLong (15 bytes)
Event: 52.883 Thread 0x00000224ea4ad6c0 nmethod 15192 0x00000224b75be510 code [0x00000224b75be6c0, 0x00000224b75bec28]
Event: 52.883 Thread 0x00000224ea4ad6c0 15193       4       com.esotericsoftware.kryo.io.Input::readLong (181 bytes)
Event: 52.891 Thread 0x00000224ea4ad6c0 nmethod 15193 0x00000224b75bf090 code [0x00000224b75bf220, 0x00000224b75bf678]
Event: 52.891 Thread 0x00000224ea4ad6c0 15191       4       com.google.common.cache.LocalCache$EntryFactory$2::newEntry (12 bytes)
Event: 52.900 Thread 0x00000224ea4ad6c0 nmethod 15191 0x00000224b75bfa10 code [0x00000224b75bfba0, 0x00000224b75c0118]
Event: 52.905 Thread 0x00000224ea4ad6c0 15194       4       org.gradle.cache.internal.DefaultFileLockManager$DefaultFileLock::assertOpenAndIntegral (41 bytes)
Event: 52.907 Thread 0x00000224ea4ad6c0 nmethod 15194 0x00000224b75c0210 code [0x00000224b75c03a0, 0x00000224b75c04b8]
Event: 52.911 Thread 0x00000224ea4ad6c0 15195   !   4       org.gradle.cache.internal.DefaultMultiProcessSafeIndexedCache::getIfPresent (25 bytes)

GC Heap History (20 events):
Event: 41.874 GC heap before
{Heap before GC invocations=42 (full 0):
 garbage-first heap   total 220160K, used 172757K [0x0000000080000000, 0x0000000100000000)
  region size 1024K, 73 young (74752K), 9 survivors (9216K)
 Metaspace       used 94458K, committed 95360K, reserved 557056K
  class space    used 13225K, committed 13632K, reserved 425984K
}
Event: 41.902 GC heap after
{Heap after GC invocations=43 (full 0):
 garbage-first heap   total 220160K, used 120520K [0x0000000080000000, 0x0000000100000000)
  region size 1024K, 10 young (10240K), 10 survivors (10240K)
 Metaspace       used 94458K, committed 95360K, reserved 557056K
  class space    used 13225K, committed 13632K, reserved 425984K
}
Event: 42.783 GC heap before
{Heap before GC invocations=43 (full 0):
 garbage-first heap   total 220160K, used 139976K [0x0000000080000000, 0x0000000100000000)
  region size 1024K, 31 young (31744K), 10 survivors (10240K)
 Metaspace       used 95381K, committed 96384K, reserved 557056K
  class space    used 13307K, committed 13760K, reserved 425984K
}
Event: 42.802 GC heap after
{Heap after GC invocations=44 (full 0):
 garbage-first heap   total 220160K, used 126520K [0x0000000080000000, 0x0000000100000000)
  region size 1024K, 5 young (5120K), 5 survivors (5120K)
 Metaspace       used 95381K, committed 96384K, reserved 557056K
  class space    used 13307K, committed 13760K, reserved 425984K
}
Event: 44.654 GC heap before
{Heap before GC invocations=45 (full 0):
 garbage-first heap   total 229376K, used 172600K [0x0000000080000000, 0x0000000100000000)
  region size 1024K, 48 young (49152K), 5 survivors (5120K)
 Metaspace       used 95849K, committed 96832K, reserved 557056K
  class space    used 13369K, committed 13824K, reserved 425984K
}
Event: 44.671 GC heap after
{Heap after GC invocations=46 (full 0):
 garbage-first heap   total 229376K, used 140085K [0x0000000080000000, 0x0000000100000000)
  region size 1024K, 6 young (6144K), 6 survivors (6144K)
 Metaspace       used 95849K, committed 96832K, reserved 557056K
  class space    used 13369K, committed 13824K, reserved 425984K
}
Event: 44.841 GC heap before
{Heap before GC invocations=46 (full 0):
 garbage-first heap   total 229376K, used 145205K [0x0000000080000000, 0x0000000100000000)
  region size 1024K, 11 young (11264K), 6 survivors (6144K)
 Metaspace       used 95895K, committed 96896K, reserved 557056K
  class space    used 13369K, committed 13824K, reserved 425984K
}
Event: 44.856 GC heap after
{Heap after GC invocations=47 (full 0):
 garbage-first heap   total 229376K, used 142047K [0x0000000080000000, 0x0000000100000000)
  region size 1024K, 2 young (2048K), 2 survivors (2048K)
 Metaspace       used 95895K, committed 96896K, reserved 557056K
  class space    used 13369K, committed 13824K, reserved 425984K
}
Event: 45.819 GC heap before
{Heap before GC invocations=47 (full 0):
 garbage-first heap   total 229376K, used 180959K [0x0000000080000000, 0x0000000100000000)
  region size 1024K, 40 young (40960K), 2 survivors (2048K)
 Metaspace       used 98648K, committed 99712K, reserved 557056K
  class space    used 13784K, committed 14272K, reserved 425984K
}
Event: 45.832 GC heap after
{Heap after GC invocations=48 (full 0):
 garbage-first heap   total 229376K, used 143549K [0x0000000080000000, 0x0000000100000000)
  region size 1024K, 3 young (3072K), 3 survivors (3072K)
 Metaspace       used 98648K, committed 99712K, reserved 557056K
  class space    used 13784K, committed 14272K, reserved 425984K
}
Event: 47.234 GC heap before
{Heap before GC invocations=49 (full 0):
 garbage-first heap   total 258048K, used 182461K [0x0000000080000000, 0x0000000100000000)
  region size 1024K, 41 young (41984K), 3 survivors (3072K)
 Metaspace       used 101028K, committed 102016K, reserved 557056K
  class space    used 14109K, committed 14592K, reserved 425984K
}
Event: 47.250 GC heap after
{Heap after GC invocations=50 (full 0):
 garbage-first heap   total 258048K, used 146900K [0x0000000080000000, 0x0000000100000000)
  region size 1024K, 6 young (6144K), 6 survivors (6144K)
 Metaspace       used 101028K, committed 102016K, reserved 557056K
  class space    used 14109K, committed 14592K, reserved 425984K
}
Event: 47.329 GC heap before
{Heap before GC invocations=50 (full 0):
 garbage-first heap   total 258048K, used 153044K [0x0000000080000000, 0x0000000100000000)
  region size 1024K, 12 young (12288K), 6 survivors (6144K)
 Metaspace       used 101284K, committed 102336K, reserved 557056K
  class space    used 14151K, committed 14656K, reserved 425984K
}
Event: 47.344 GC heap after
{Heap after GC invocations=51 (full 0):
 garbage-first heap   total 258048K, used 147369K [0x0000000080000000, 0x0000000100000000)
  region size 1024K, 1 young (1024K), 1 survivors (1024K)
 Metaspace       used 101284K, committed 102336K, reserved 557056K
  class space    used 14151K, committed 14656K, reserved 425984K
}
Event: 48.646 GC heap before
{Heap before GC invocations=51 (full 0):
 garbage-first heap   total 258048K, used 203689K [0x0000000080000000, 0x0000000100000000)
  region size 1024K, 56 young (57344K), 1 survivors (1024K)
 Metaspace       used 102614K, committed 103744K, reserved 557056K
  class space    used 14297K, committed 14848K, reserved 425984K
}
Event: 48.660 GC heap after
{Heap after GC invocations=52 (full 0):
 garbage-first heap   total 258048K, used 153107K [0x0000000080000000, 0x0000000100000000)
  region size 1024K, 7 young (7168K), 7 survivors (7168K)
 Metaspace       used 102614K, committed 103744K, reserved 557056K
  class space    used 14297K, committed 14848K, reserved 425984K
}
Event: 50.399 GC heap before
{Heap before GC invocations=53 (full 0):
 garbage-first heap   total 271360K, used 204307K [0x0000000080000000, 0x0000000100000000)
  region size 1024K, 58 young (59392K), 7 survivors (7168K)
 Metaspace       used 103610K, committed 104768K, reserved 557056K
  class space    used 14424K, committed 14976K, reserved 425984K
}
Event: 50.421 GC heap after
{Heap after GC invocations=54 (full 0):
 garbage-first heap   total 271360K, used 158300K [0x0000000080000000, 0x0000000100000000)
  region size 1024K, 6 young (6144K), 6 survivors (6144K)
 Metaspace       used 103610K, committed 104768K, reserved 557056K
  class space    used 14424K, committed 14976K, reserved 425984K
}
Event: 50.673 GC heap before
{Heap before GC invocations=54 (full 0):
 garbage-first heap   total 271360K, used 164444K [0x0000000080000000, 0x0000000100000000)
  region size 1024K, 13 young (13312K), 6 survivors (6144K)
 Metaspace       used 103690K, committed 104832K, reserved 557056K
  class space    used 14424K, committed 14976K, reserved 425984K
}
Event: 50.686 GC heap after
{Heap after GC invocations=55 (full 0):
 garbage-first heap   total 271360K, used 157993K [0x0000000080000000, 0x0000000100000000)
  region size 1024K, 1 young (1024K), 1 survivors (1024K)
 Metaspace       used 103690K, committed 104832K, reserved 557056K
  class space    used 14424K, committed 14976K, reserved 425984K
}

Dll operation events (14 events):
Event: 0.010 Loaded shared library C:\Program Files\Microsoft\jdk-17.0.8.7-hotspot\bin\java.dll
Event: 0.030 Loaded shared library C:\Program Files\Microsoft\jdk-17.0.8.7-hotspot\bin\jsvml.dll
Event: 0.092 Loaded shared library C:\Program Files\Microsoft\jdk-17.0.8.7-hotspot\bin\zip.dll
Event: 0.096 Loaded shared library C:\Program Files\Microsoft\jdk-17.0.8.7-hotspot\bin\instrument.dll
Event: 0.102 Loaded shared library C:\Program Files\Microsoft\jdk-17.0.8.7-hotspot\bin\net.dll
Event: 0.104 Loaded shared library C:\Program Files\Microsoft\jdk-17.0.8.7-hotspot\bin\nio.dll
Event: 0.111 Loaded shared library C:\Program Files\Microsoft\jdk-17.0.8.7-hotspot\bin\zip.dll
Event: 0.395 Loaded shared library C:\Program Files\Microsoft\jdk-17.0.8.7-hotspot\bin\jimage.dll
Event: 0.505 Loaded shared library C:\Program Files\Microsoft\jdk-17.0.8.7-hotspot\bin\verify.dll
Event: 0.769 Loaded shared library C:\Users\hp 8470p\.gradle\native\68d5fa5c4cc2d200863cafc0d521ce42e7d3e7ee720ec0a83991735586a16f82\windows-amd64\native-platform.dll
Event: 0.789 Loaded shared library C:\Users\hp 8470p\.gradle\native\e376f236ea51e6404a007f0833ffe2c6e607c4080706a723a18a27aeea778392\windows-amd64\native-platform-file-events.dll
Event: 2.101 Loaded shared library C:\Program Files\Microsoft\jdk-17.0.8.7-hotspot\bin\management.dll
Event: 2.104 Loaded shared library C:\Program Files\Microsoft\jdk-17.0.8.7-hotspot\bin\management_ext.dll
Event: 2.830 Loaded shared library C:\Program Files\Microsoft\jdk-17.0.8.7-hotspot\bin\sunmscapi.dll

Deoptimization events (20 events):
Event: 52.186 Thread 0x00000224e59cd600 Uncommon trap: trap_request=0xffffff76 fr.pc=0x00000224b732145c relative=0x000000000000089c
Event: 52.186 Thread 0x00000224e59cd600 Uncommon trap: reason=predicate action=maybe_recompile pc=0x00000224b732145c method=java.util.ComparableTimSort.binarySort([Ljava/lang/Object;III)V @ 34 c2
Event: 52.186 Thread 0x00000224e59cd600 DEOPT PACKING pc=0x00000224b732145c sp=0x000000568e9fb070
Event: 52.186 Thread 0x00000224e59cd600 DEOPT UNPACKING pc=0x00000224b68369a3 sp=0x000000568e9fb018 mode 2
Event: 52.225 Thread 0x00000224e59cd600 Uncommon trap: trap_request=0xffffffc6 fr.pc=0x00000224b7314440 relative=0x00000000000000a0
Event: 52.225 Thread 0x00000224e59cd600 Uncommon trap: reason=bimorphic_or_optimized_type_check action=maybe_recompile pc=0x00000224b7314440 method=org.gradle.execution.plan.ActionNode.hasPendingPreExecutionNodes()Z @ 11 c2
Event: 52.225 Thread 0x00000224e59cd600 DEOPT PACKING pc=0x00000224b7314440 sp=0x000000568e9fdc60
Event: 52.226 Thread 0x00000224e59cd600 DEOPT UNPACKING pc=0x00000224b68369a3 sp=0x000000568e9fdbe8 mode 2
Event: 52.234 Thread 0x00000224e59cd600 Uncommon trap: trap_request=0xffffffc6 fr.pc=0x00000224b7314440 relative=0x00000000000000a0
Event: 52.234 Thread 0x00000224e59cd600 Uncommon trap: reason=bimorphic_or_optimized_type_check action=maybe_recompile pc=0x00000224b7314440 method=org.gradle.execution.plan.ActionNode.hasPendingPreExecutionNodes()Z @ 11 c2
Event: 52.234 Thread 0x00000224e59cd600 DEOPT PACKING pc=0x00000224b7314440 sp=0x000000568e9fdc60
Event: 52.234 Thread 0x00000224e59cd600 DEOPT UNPACKING pc=0x00000224b68369a3 sp=0x000000568e9fdbe8 mode 2
Event: 52.241 Thread 0x00000224e59cd600 Uncommon trap: trap_request=0xffffffc6 fr.pc=0x00000224b7314440 relative=0x00000000000000a0
Event: 52.241 Thread 0x00000224e59cd600 Uncommon trap: reason=bimorphic_or_optimized_type_check action=maybe_recompile pc=0x00000224b7314440 method=org.gradle.execution.plan.ActionNode.hasPendingPreExecutionNodes()Z @ 11 c2
Event: 52.241 Thread 0x00000224e59cd600 DEOPT PACKING pc=0x00000224b7314440 sp=0x000000568e9fdc60
Event: 52.241 Thread 0x00000224e59cd600 DEOPT UNPACKING pc=0x00000224b68369a3 sp=0x000000568e9fdbe8 mode 2
Event: 52.249 Thread 0x00000224e59cd600 Uncommon trap: trap_request=0xffffffc6 fr.pc=0x00000224b7314440 relative=0x00000000000000a0
Event: 52.249 Thread 0x00000224e59cd600 Uncommon trap: reason=bimorphic_or_optimized_type_check action=maybe_recompile pc=0x00000224b7314440 method=org.gradle.execution.plan.ActionNode.hasPendingPreExecutionNodes()Z @ 11 c2
Event: 52.249 Thread 0x00000224e59cd600 DEOPT PACKING pc=0x00000224b7314440 sp=0x000000568e9fdc60
Event: 52.249 Thread 0x00000224e59cd600 DEOPT UNPACKING pc=0x00000224b68369a3 sp=0x000000568e9fdbe8 mode 2

Classes unloaded (0 events):
No events

Classes redefined (0 events):
No events

Internal exceptions (20 events):
Event: 47.768 Thread 0x00000224c55c85b0 Implicit null exception at 0x00000224b74b67ce to 0x00000224b74b7160
Event: 47.768 Thread 0x00000224c55c85b0 Implicit null exception at 0x00000224b74c60b8 to 0x00000224b74c6c10
Event: 48.048 Thread 0x00000224c55c85b0 Exception <a 'java/lang/IncompatibleClassChangeError'{0x000000008df5f0f0}: Found class java.lang.Object, but interface was expected> (0x000000008df5f0f0) 
thrown [s\src\hotspot\share\interpreter\linkResolver.cpp, line 826]
Event: 48.115 Thread 0x00000224c55c85b0 Implicit null exception at 0x00000224b74f9a9d to 0x00000224b74fa940
Event: 48.206 Thread 0x00000224c55c85b0 Exception <a 'sun/nio/fs/WindowsException'{0x000000008d7b5bd8}> (0x000000008d7b5bd8) 
thrown [s\src\hotspot\share\prims\jni.cpp, line 516]
Event: 48.206 Thread 0x00000224c55c85b0 Exception <a 'sun/nio/fs/WindowsException'{0x000000008d7b7228}> (0x000000008d7b7228) 
thrown [s\src\hotspot\share\prims\jni.cpp, line 516]
Event: 48.206 Thread 0x00000224c55c85b0 Exception <a 'sun/nio/fs/WindowsException'{0x000000008d7b88c8}> (0x000000008d7b88c8) 
thrown [s\src\hotspot\share\prims\jni.cpp, line 516]
Event: 48.206 Thread 0x00000224c55c85b0 Exception <a 'sun/nio/fs/WindowsException'{0x000000008d7b9f68}> (0x000000008d7b9f68) 
thrown [s\src\hotspot\share\prims\jni.cpp, line 516]
Event: 49.629 Thread 0x00000224c55c85b0 Implicit null exception at 0x00000224b7549655 to 0x00000224b7549e34
Event: 49.877 Thread 0x00000224e59cd600 Exception <a 'java/lang/NoSuchMethodError'{0x000000008e489e40}: 'void java.lang.invoke.DirectMethodHandle$Holder.invokeStatic(java.lang.Object, java.lang.Object, java.lang.Object, java.lang.Object, int, java.lang.Object, java.lang.Object)'> (0x000000008e489e40) 
thrown [s\src\hotspot\share\interpreter\linkResolver.cpp, line 759]
Event: 49.920 Thread 0x00000224eab28b80 Exception <a 'java/lang/NoSuchMethodError'{0x000000008e39cab0}: 'java.lang.Object java.lang.invoke.DirectMethodHandle$Holder.invokeSpecialIFC(java.lang.Object, java.lang.Object, java.lang.Object)'> (0x000000008e39cab0) 
thrown [s\src\hotspot\share\interpreter\linkResolver.cpp, line 759]
Event: 49.922 Thread 0x00000224e59cd600 Exception <a 'java/lang/NoSuchMethodError'{0x000000008e234b88}: 'java.lang.Object java.lang.invoke.DirectMethodHandle$Holder.invokeSpecialIFC(java.lang.Object, java.lang.Object, java.lang.Object)'> (0x000000008e234b88) 
thrown [s\src\hotspot\share\interpreter\linkResolver.cpp, line 759]
Event: 50.357 Thread 0x00000224eab23a80 Exception <a 'java/lang/NoSuchMethodError'{0x000000008d7a0600}: 'void java.lang.invoke.DirectMethodHandle$Holder.invokeVirtual(java.lang.Object, java.lang.Object)'> (0x000000008d7a0600) 
thrown [s\src\hotspot\share\interpreter\linkResolver.cpp, line 759]
Event: 52.018 Thread 0x00000224e59cd600 Exception <a 'java/lang/ClassNotFoundException'{0x000000008ece3ba8}: groovy/util/FileTreeBuilderBeanInfo> (0x000000008ece3ba8) 
thrown [s\src\hotspot\share\classfile\systemDictionary.cpp, line 256]
Event: 52.020 Thread 0x00000224e59cd600 Exception <a 'java/lang/ClassNotFoundException'{0x000000008eb468e8}: groovy/util/FileTreeBuilderCustomizer> (0x000000008eb468e8) 
thrown [s\src\hotspot\share\classfile\systemDictionary.cpp, line 256]
Event: 52.029 Thread 0x00000224e59cd600 Exception <a 'java/lang/ClassNotFoundException'{0x000000008eb801b0}: java/io/BufferedWriterBeanInfo> (0x000000008eb801b0) 
thrown [s\src\hotspot\share\classfile\systemDictionary.cpp, line 256]
Event: 52.029 Thread 0x00000224e59cd600 Exception <a 'java/lang/ClassNotFoundException'{0x000000008eb86350}: java/io/WriterBeanInfo> (0x000000008eb86350) 
thrown [s\src\hotspot\share\classfile\systemDictionary.cpp, line 256]
Event: 52.030 Thread 0x00000224e59cd600 Exception <a 'java/lang/ClassNotFoundException'{0x000000008eb8c800}: java/io/WriterCustomizer> (0x000000008eb8c800) 
thrown [s\src\hotspot\share\classfile\systemDictionary.cpp, line 256]
Event: 52.031 Thread 0x00000224e59cd600 Exception <a 'java/lang/ClassNotFoundException'{0x000000008eb9b678}: java/io/BufferedWriterCustomizer> (0x000000008eb9b678) 
thrown [s\src\hotspot\share\classfile\systemDictionary.cpp, line 256]
Event: 52.187 Thread 0x00000224e59cd600 Exception <a 'java/lang/NoSuchMethodError'{0x000000008ea335b8}: static Lcom/android/build/api/variant/BuildConfigField;.<clinit>()V> (0x000000008ea335b8) 
thrown [s\src\hotspot\share\prims\jni.cpp, line 1107]

VM Operations (20 events):
Event: 49.799 Executing VM operation: HandshakeAllThreads
Event: 49.799 Executing VM operation: HandshakeAllThreads done
Event: 49.867 Executing VM operation: ICBufferFull
Event: 49.868 Executing VM operation: ICBufferFull done
Event: 49.889 Executing VM operation: HandshakeAllThreads
Event: 49.890 Executing VM operation: HandshakeAllThreads done
Event: 49.940 Executing VM operation: HandshakeAllThreads
Event: 49.940 Executing VM operation: HandshakeAllThreads done
Event: 49.944 Executing VM operation: HandshakeAllThreads
Event: 49.945 Executing VM operation: HandshakeAllThreads done
Event: 49.946 Executing VM operation: HandshakeAllThreads
Event: 49.947 Executing VM operation: HandshakeAllThreads done
Event: 50.399 Executing VM operation: G1CollectForAllocation
Event: 50.424 Executing VM operation: G1CollectForAllocation done
Event: 50.672 Executing VM operation: G1CollectForAllocation
Event: 50.686 Executing VM operation: G1CollectForAllocation done
Event: 51.971 Executing VM operation: ICBufferFull
Event: 51.972 Executing VM operation: ICBufferFull done
Event: 52.983 Executing VM operation: Cleanup
Event: 52.983 Executing VM operation: Cleanup done

Events (20 events):
Event: 51.604 Thread 0x00000224ea539240 Thread added: 0x00000224ea539240
Event: 51.604 Thread 0x00000224ea5327f0 Thread added: 0x00000224ea5327f0
Event: 51.661 Thread 0x00000224ea539750 Thread added: 0x00000224ea539750
Event: 51.840 Thread 0x00000224ea539c60 Thread added: 0x00000224ea539c60
Event: 52.029 loading class java/io/BufferedWriterBeanInfo
Event: 52.029 loading class java/io/BufferedWriterBeanInfo done
Event: 52.029 loading class java/io/BufferedWriterBeanInfo
Event: 52.029 loading class java/io/BufferedWriterBeanInfo done
Event: 52.029 loading class java/io/WriterBeanInfo
Event: 52.029 loading class java/io/WriterBeanInfo done
Event: 52.029 loading class java/io/WriterBeanInfo
Event: 52.029 loading class java/io/WriterBeanInfo done
Event: 52.029 loading class java/io/WriterCustomizer
Event: 52.029 loading class java/io/WriterCustomizer done
Event: 52.030 loading class java/io/WriterCustomizer
Event: 52.030 loading class java/io/WriterCustomizer done
Event: 52.030 loading class java/io/BufferedWriterCustomizer
Event: 52.030 loading class java/io/BufferedWriterCustomizer done
Event: 52.030 loading class java/io/BufferedWriterCustomizer
Event: 52.030 loading class java/io/BufferedWriterCustomizer done


Dynamic libraries:
0x00007ff757e40000 - 0x00007ff757e4e000 	C:\Program Files\Microsoft\jdk-17.0.8.7-hotspot\bin\java.exe
0x00007fffdcf70000 - 0x00007fffdd168000 	C:\Windows\SYSTEM32\ntdll.dll
0x00007fffdce10000 - 0x00007fffdcecd000 	C:\Windows\System32\KERNEL32.DLL
0x00007fffdab80000 - 0x00007fffdae76000 	C:\Windows\System32\KERNELBASE.dll
0x00007fffda6d0000 - 0x00007fffda7d0000 	C:\Windows\System32\ucrtbase.dll
0x00007fffc8be0000 - 0x00007fffc8bfb000 	C:\Program Files\Microsoft\jdk-17.0.8.7-hotspot\bin\VCRUNTIME140.dll
0x00007fffc8b00000 - 0x00007fffc8b17000 	C:\Program Files\Microsoft\jdk-17.0.8.7-hotspot\bin\jli.dll
0x00007fffdca00000 - 0x00007fffdcb9e000 	C:\Windows\System32\USER32.dll
0x00007fffcade0000 - 0x00007fffcb07a000 	C:\Windows\WinSxS\amd64_microsoft.windows.common-controls_6595b64144ccf1df_6.0.19041.3636_none_60b6a03d71f818d5\COMCTL32.dll
0x00007fffdb6d0000 - 0x00007fffdb76e000 	C:\Windows\System32\msvcrt.dll
0x00007fffda6a0000 - 0x00007fffda6c2000 	C:\Windows\System32\win32u.dll
0x00007fffdb480000 - 0x00007fffdb4ab000 	C:\Windows\System32\GDI32.dll
0x00007fffda7d0000 - 0x00007fffda8e7000 	C:\Windows\System32\gdi32full.dll
0x00007fffdae80000 - 0x00007fffdaf1d000 	C:\Windows\System32\msvcp_win.dll
0x00007fffdc820000 - 0x00007fffdc852000 	C:\Windows\System32\IMM32.DLL
0x00007fffd5ce0000 - 0x00007fffd5cec000 	C:\Program Files\Microsoft\jdk-17.0.8.7-hotspot\bin\vcruntime140_1.dll
0x00007fffc8a50000 - 0x00007fffc8add000 	C:\Program Files\Microsoft\jdk-17.0.8.7-hotspot\bin\msvcp140.dll
0x00007fff63f60000 - 0x00007fff64bc5000 	C:\Program Files\Microsoft\jdk-17.0.8.7-hotspot\bin\server\jvm.dll
0x00007fffdb610000 - 0x00007fffdb6c3000 	C:\Windows\System32\ADVAPI32.dll
0x00007fffdbb20000 - 0x00007fffdbbbf000 	C:\Windows\System32\sechost.dll
0x00007fffdcc50000 - 0x00007fffdcd76000 	C:\Windows\System32\RPCRT4.dll
0x00007fffdab50000 - 0x00007fffdab77000 	C:\Windows\System32\bcrypt.dll
0x00007fffd5b00000 - 0x00007fffd5b09000 	C:\Windows\SYSTEM32\WSOCK32.dll
0x00007fffd9b40000 - 0x00007fffd9b8b000 	C:\Windows\SYSTEM32\POWRPROF.dll
0x00007fffdc860000 - 0x00007fffdc8cb000 	C:\Windows\System32\WS2_32.dll
0x00007fffcb170000 - 0x00007fffcb197000 	C:\Windows\SYSTEM32\WINMM.dll
0x00007fffce610000 - 0x00007fffce61a000 	C:\Windows\SYSTEM32\VERSION.dll
0x00007fffd9a00000 - 0x00007fffd9a12000 	C:\Windows\SYSTEM32\UMPDC.dll
0x00007fffd8e30000 - 0x00007fffd8e42000 	C:\Windows\SYSTEM32\kernel.appcore.dll
0x00007fffcd700000 - 0x00007fffcd70a000 	C:\Program Files\Microsoft\jdk-17.0.8.7-hotspot\bin\jimage.dll
0x00007fffc7150000 - 0x00007fffc7334000 	C:\Windows\SYSTEM32\DBGHELP.DLL
0x00007fffc7110000 - 0x00007fffc7144000 	C:\Windows\SYSTEM32\dbgcore.DLL
0x00007fffdaf20000 - 0x00007fffdafa2000 	C:\Windows\System32\bcryptPrimitives.dll
0x00007fffc7010000 - 0x00007fffc701e000 	C:\Program Files\Microsoft\jdk-17.0.8.7-hotspot\bin\instrument.dll
0x00007fffc8a20000 - 0x00007fffc8a45000 	C:\Program Files\Microsoft\jdk-17.0.8.7-hotspot\bin\java.dll
0x00007fffb4b70000 - 0x00007fffb4c47000 	C:\Program Files\Microsoft\jdk-17.0.8.7-hotspot\bin\jsvml.dll
0x00007fffdbbc0000 - 0x00007fffdc305000 	C:\Windows\System32\SHELL32.dll
0x00007fffd8430000 - 0x00007fffd8bcc000 	C:\Windows\SYSTEM32\windows.storage.dll
0x00007fffdc310000 - 0x00007fffdc664000 	C:\Windows\System32\combase.dll
0x00007fffd9f80000 - 0x00007fffd9fae000 	C:\Windows\SYSTEM32\Wldp.dll
0x00007fffdb980000 - 0x00007fffdba4d000 	C:\Windows\System32\OLEAUT32.dll
0x00007fffdba50000 - 0x00007fffdbafd000 	C:\Windows\System32\SHCORE.dll
0x00007fffdb770000 - 0x00007fffdb7c5000 	C:\Windows\System32\shlwapi.dll
0x00007fffda560000 - 0x00007fffda585000 	C:\Windows\SYSTEM32\profapi.dll
0x00007fffc89c0000 - 0x00007fffc89d8000 	C:\Program Files\Microsoft\jdk-17.0.8.7-hotspot\bin\zip.dll
0x00007fffc8a00000 - 0x00007fffc8a19000 	C:\Program Files\Microsoft\jdk-17.0.8.7-hotspot\bin\net.dll
0x00007fffcf220000 - 0x00007fffcf32a000 	C:\Windows\SYSTEM32\WINHTTP.dll
0x00007fffd9d60000 - 0x00007fffd9dca000 	C:\Windows\system32\mswsock.dll
0x00007fffc89e0000 - 0x00007fffc89f6000 	C:\Program Files\Microsoft\jdk-17.0.8.7-hotspot\bin\nio.dll
0x00007fffcd150000 - 0x00007fffcd160000 	C:\Program Files\Microsoft\jdk-17.0.8.7-hotspot\bin\verify.dll
0x00007fffc7020000 - 0x00007fffc7047000 	C:\Users\hp 8470p\.gradle\native\68d5fa5c4cc2d200863cafc0d521ce42e7d3e7ee720ec0a83991735586a16f82\windows-amd64\native-platform.dll
0x00007fffa1f30000 - 0x00007fffa2074000 	C:\Users\hp 8470p\.gradle\native\e376f236ea51e6404a007f0833ffe2c6e607c4080706a723a18a27aeea778392\windows-amd64\native-platform-file-events.dll
0x00007fffc9440000 - 0x00007fffc9449000 	C:\Program Files\Microsoft\jdk-17.0.8.7-hotspot\bin\management.dll
0x00007fffc8af0000 - 0x00007fffc8afb000 	C:\Program Files\Microsoft\jdk-17.0.8.7-hotspot\bin\management_ext.dll
0x00007fffdce00000 - 0x00007fffdce08000 	C:\Windows\System32\PSAPI.DLL
0x00007fffda2d0000 - 0x00007fffda2e8000 	C:\Windows\SYSTEM32\CRYPTSP.dll
0x00007fffd9640000 - 0x00007fffd9674000 	C:\Windows\system32\rsaenh.dll
0x00007fffda520000 - 0x00007fffda54e000 	C:\Windows\SYSTEM32\USERENV.dll
0x00007fffd9ef0000 - 0x00007fffd9efc000 	C:\Windows\SYSTEM32\CRYPTBASE.dll
0x00007fffd9a20000 - 0x00007fffd9a5b000 	C:\Windows\SYSTEM32\IPHLPAPI.DLL
0x00007fffdbb10000 - 0x00007fffdbb18000 	C:\Windows\System32\NSI.dll
0x00007fffd2f50000 - 0x00007fffd2f67000 	C:\Windows\SYSTEM32\dhcpcsvc6.DLL
0x00007fffd1830000 - 0x00007fffd184d000 	C:\Windows\SYSTEM32\dhcpcsvc.DLL
0x00007fffd9a60000 - 0x00007fffd9b2a000 	C:\Windows\SYSTEM32\DNSAPI.dll
0x00007fffc6fc0000 - 0x00007fffc6fce000 	C:\Program Files\Microsoft\jdk-17.0.8.7-hotspot\bin\sunmscapi.dll
0x00007fffda9f0000 - 0x00007fffdab4d000 	C:\Windows\System32\CRYPT32.dll
0x00007fffd9ff0000 - 0x00007fffda018000 	C:\Windows\SYSTEM32\ncrypt.dll
0x00007fffd9fb0000 - 0x00007fffd9feb000 	C:\Windows\SYSTEM32\NTASN1.dll
0x00007fffb5ad0000 - 0x00007fffb5ad7000 	C:\Windows\system32\wshunix.dll
0x00007fffcd590000 - 0x00007fffcd59a000 	C:\Windows\System32\rasadhlp.dll
0x00007fffced60000 - 0x00007fffcede0000 	C:\Windows\System32\fwpuclnt.dll
0x00007fff8cdf0000 - 0x00007fff8ce07000 	C:\Windows\system32\napinsp.dll
0x00007fff8cdd0000 - 0x00007fff8cdeb000 	C:\Windows\system32\pnrpnsp.dll
0x00007fffc3570000 - 0x00007fffc3585000 	C:\Windows\system32\wshbth.dll
0x00007fffd5ba0000 - 0x00007fffd5bbd000 	C:\Windows\system32\NLAapi.dll
0x00007fff8cdb0000 - 0x00007fff8cdc2000 	C:\Windows\System32\winrnr.dll

dbghelp: loaded successfully - version: 4.0.5 - missing functions: none
symbol engine: initialized successfully - sym options: 0x614 - pdb path: .;C:\Program Files\Microsoft\jdk-17.0.8.7-hotspot\bin;C:\Windows\SYSTEM32;C:\Windows\WinSxS\amd64_microsoft.windows.common-controls_6595b64144ccf1df_6.0.19041.3636_none_60b6a03d71f818d5;C:\Program Files\Microsoft\jdk-17.0.8.7-hotspot\bin\server;C:\Users\hp 8470p\.gradle\native\68d5fa5c4cc2d200863cafc0d521ce42e7d3e7ee720ec0a83991735586a16f82\windows-amd64;C:\Users\hp 8470p\.gradle\native\e376f236ea51e6404a007f0833ffe2c6e607c4080706a723a18a27aeea778392\windows-amd64

VM Arguments:
jvm_args: -XX:MaxMetaspaceSize=512m --add-opens=java.base/java.util=ALL-UNNAMED --add-opens=java.base/java.lang=ALL-UNNAMED --add-opens=java.base/java.lang.invoke=ALL-UNNAMED --add-opens=java.prefs/java.util.prefs=ALL-UNNAMED --add-opens=java.base/java.nio.charset=ALL-UNNAMED --add-opens=java.base/java.net=ALL-UNNAMED --add-opens=java.base/java.util.concurrent.atomic=ALL-UNNAMED -Xmx2048m -Dfile.encoding=windows-1252 -Duser.country=US -Duser.language=en -Duser.variant -javaagent:C:\Users\hp 8470p\.gradle\wrapper\dists\gradle-8.3-all\6en3ugtfdg5xnpx44z4qbwgas\gradle-8.3\lib\agents\gradle-instrumentation-agent-8.3.jar 
java_command: org.gradle.launcher.daemon.bootstrap.GradleDaemon 8.3
java_class_path (initial): C:\Users\hp 8470p\.gradle\wrapper\dists\gradle-8.3-all\6en3ugtfdg5xnpx44z4qbwgas\gradle-8.3\lib\gradle-launcher-8.3.jar
Launcher Type: SUN_STANDARD

[Global flags]
     intx CICompilerCount                          = 3                                         {product} {ergonomic}
   size_t CompressedClassSpaceSize                 = 436207616                                 {product} {ergonomic}
     uint ConcGCThreads                            = 1                                         {product} {ergonomic}
     uint G1ConcRefinementThreads                  = 4                                         {product} {ergonomic}
   size_t G1HeapRegionSize                         = 1048576                                   {product} {ergonomic}
    uintx GCDrainStackTargetSize                   = 64                                        {product} {ergonomic}
   size_t InitialHeapSize                          = 201326592                                 {product} {ergonomic}
   size_t MarkStackSize                            = 4194304                                   {product} {ergonomic}
   size_t MaxHeapSize                              = 2147483648                                {product} {command line}
   size_t MaxMetaspaceSize                         = 536870912                                 {product} {command line}
   size_t MaxNewSize                               = 1287651328                                {product} {ergonomic}
   size_t MinHeapDeltaBytes                        = 1048576                                   {product} {ergonomic}
   size_t MinHeapSize                              = 8388608                                   {product} {ergonomic}
    uintx NonNMethodCodeHeapSize                   = 5832780                                {pd product} {ergonomic}
    uintx NonProfiledCodeHeapSize                  = 122912730                              {pd product} {ergonomic}
    uintx ProfiledCodeHeapSize                     = 122912730                              {pd product} {ergonomic}
    uintx ReservedCodeCacheSize                    = 251658240                              {pd product} {ergonomic}
     bool SegmentedCodeCache                       = true                                      {product} {ergonomic}
   size_t SoftMaxHeapSize                          = 2147483648                             {manageable} {ergonomic}
     bool UseCompressedClassPointers               = true                           {product lp64_product} {ergonomic}
     bool UseCompressedOops                        = true                           {product lp64_product} {ergonomic}
     bool UseG1GC                                  = true                                      {product} {ergonomic}
     bool UseLargePagesIndividualAllocation        = false                                  {pd product} {ergonomic}

Logging:
Log output configuration:
 #0: stdout all=warning uptime,level,tags
 #1: stderr all=off uptime,level,tags

Environment Variables:
JAVA_HOME=C:\Program Files\Microsoft\jdk-17.0.8.7-hotspot\
CLASSPATH=E:\React Native\RTK\RTK\android\\gradle\wrapper\gradle-wrapper.jar
PATH=E:\React Native\RTK\RTK\node_modules\.bin;E:\React Native\RTK\node_modules\.bin;E:\React Native\node_modules\.bin;E:\node_modules\.bin;C:\Program Files\nodejs\node_modules\npm\node_modules\@npmcli\run-script\lib\node-gyp-bin;C:\Program Files\Microsoft\jdk-17.0.8.7-hotspot\bin;C:\Program Files\Common Files\Oracle\Java\javapath;C:\Windows\system32;C:\Windows;C:\Windows\System32\Wbem;C:\Windows\System32\WindowsPowerShell\v1.0\;C:\Windows\System32\OpenSSH\;C:\ProgramData\chocolatey\bin;C:\Program Files\nodejs\;C:\Users\hp 8470p\AppData\Local\Android\Sdk\platform-tools;C:\Program Files\Git\cmd;C:\Program Files (x86)\Microsoft SQL Server\Client SDK\ODBC\130\Tools\Binn\;C:\Program Files (x86)\Microsoft SQL Server\140\Tools\Binn\;C:\Program Files (x86)\Microsoft SQL Server\140\DTS\Binn\;C:\Program Files (x86)\Microsoft SQL Server\140\Tools\Binn\ManagementStudio\;C:\Users\hp 8470p\AppData\Local\Microsoft\WindowsApps;;C:\Users\hp 8470p\AppData\Local\Programs\Microsoft VS Code\bin;C:\Users\hp 8470p\AppData\Roaming\npm;C:\Program Files\OpenSSL-Win64\bin;
USERNAME=hp 8470p
LANG=en_US.UTF-8
OS=Windows_NT
PROCESSOR_IDENTIFIER=Intel64 Family 6 Model 69 Stepping 1, GenuineIntel
TMP=C:\Users\HP8470~1\AppData\Local\Temp
TEMP=C:\Users\HP8470~1\AppData\Local\Temp



---------------  S Y S T E M  ---------------

OS:
 Windows 10 , 64 bit Build 19041 (10.0.19041.3636)
OS uptime: 0 days 16:58 hours
Hyper-V role detected

CPU: total 4 (initial active 4) (2 cores per cpu, 2 threads per core) family 6 model 69 stepping 1 microcode 0x26, cx8, cmov, fxsr, ht, mmx, sse, sse2, sse3, ssse3, sse4.1, sse4.2, popcnt, lzcnt, tsc, tscinvbit, avx, avx2, aes, erms, clmul, bmi1, bmi2, fma, vzeroupper, clflush, hv
Processor Information for all 4 processors :
  Max Mhz: 2601, Current Mhz: 2601, Mhz Limit: 2601

Memory: 4k page, system-wide physical 12193M (3482M free)
TotalPageFile size 14049M (AvailPageFile size 6282M)
current process WorkingSet (physical memory assigned to process): 583M, peak: 589M
current process commit charge ("private bytes"): 619M, peak: 626M

vm_info: OpenJDK 64-Bit Server VM (17.0.8+7-LTS) for windows-amd64 JRE (17.0.8+7-LTS), built on Jul  7 2023 17:21:55 by "MicrosoftCorporation" with MS VC++ 16.10 / 16.11 (VS2019)

END.
