#
# A fatal error has been detected by the Java Runtime Environment:
#
#  EXCEPTION_ACCESS_VIOLATION (0xc0000005) at pc=0x00007fff271ce0a9, pid=4520, tid=11052
#
# JRE version: OpenJDK Runtime Environment Microsoft-8035246 (17.0.8+7) (build 17.0.8+7-LTS)
# Java VM: OpenJDK 64-Bit Server VM Microsoft-8035246 (17.0.8+7-LTS, mixed mode, sharing, tiered, compressed oops, compressed class ptrs, g1 gc, windows-amd64)
# Problematic frame:
# V  [jvm.dll+0x2be0a9]
#
# No core dump will be written. Minidumps are not enabled by default on client versions of Windows
#
# If you would like to submit a bug report, please visit:
#   https://github.com/microsoft/openjdk/issues
#

---------------  S U M M A R Y ------------

Command Line: -XX:MaxMetaspaceSize=512m --add-opens=java.base/java.util=ALL-UNNAMED --add-opens=java.base/java.lang=ALL-UNNAMED --add-opens=java.base/java.lang.invoke=ALL-UNNAMED --add-opens=java.prefs/java.util.prefs=ALL-UNNAMED --add-opens=java.base/java.nio.charset=ALL-UNNAMED --add-opens=java.base/java.net=ALL-UNNAMED --add-opens=java.base/java.util.concurrent.atomic=ALL-UNNAMED -Xmx2048m -Dfile.encoding=windows-1252 -Duser.country=US -Duser.language=en -Duser.variant -javaagent:C:\Users\hp 8470p\.gradle\wrapper\dists\gradle-8.3-all\6en3ugtfdg5xnpx44z4qbwgas\gradle-8.3\lib\agents\gradle-instrumentation-agent-8.3.jar org.gradle.launcher.daemon.bootstrap.GradleDaemon 8.3

Host: Intel(R) Core(TM) i5-4310U CPU @ 2.00GHz, 4 cores, 11G,  Windows 10 , 64 bit Build 19041 (10.0.19041.3636)
Time: Sun Mar  3 10:15:47 2024 Pakistan Standard Time elapsed time: 106.292798 seconds (0d 0h 1m 46s)

---------------  T H R E A D  ---------------

Current thread (0x00000282f813d8b0):  JavaThread "C2 CompilerThread0" daemon [_thread_in_native, id=11052, stack(0x000000b94bf00000,0x000000b94c000000)]


Current CompileTask:
C2: 106292 15020       4       org.gradle.cache.internal.ExclusiveCacheAccessingWorker$1::call (10 bytes)

Stack: [0x000000b94bf00000,0x000000b94c000000],  sp=0x000000b94bffb860,  free space=1006k
Native frames: (J=compiled Java code, j=interpreted, Vv=VM code, C=native code)
V  [jvm.dll+0x2be0a9]
V  [jvm.dll+0x21ba8b]
V  [jvm.dll+0x21944b]
V  [jvm.dll+0x1a56b6]
V  [jvm.dll+0x2291ea]
V  [jvm.dll+0x22724c]
V  [jvm.dll+0x7efd0c]
V  [jvm.dll+0x7ea13a]
V  [jvm.dll+0x67ad85]
C  [ucrtbase.dll+0x21bb2]
C  [KERNEL32.DLL+0x17344]
C  [ntdll.dll+0x526b1]


siginfo: EXCEPTION_ACCESS_VIOLATION (0xc0000005), reading address 0x0000000000000028


Register to memory mapping:

RIP=0x00007fff271ce0a9 jvm.dll
RAX=0x00000282aaac0610 points into unknown readable memory: 0x0000000000000000 | 00 00 00 00 00 00 00 00
RBX=0x00000000000017d5 is an unknown value
RCX=0x0 is NULL
RDX=0x0 is NULL
RSP=0x000000b94bffb860 is pointing into the stack for thread: 0x00000282f813d8b0
RBP=0x000000b94bffb8d0 is pointing into the stack for thread: 0x00000282f813d8b0
RSI=0x0 is NULL
RDI=0x0000000000000048 is an unknown value
R8 =0x000000000000ffe0 is an unknown value
R9 =0x0 is NULL
R10=0x00007fff86e00000 VCRUNTIME140.dll
R11=0x00000282aaac0630 points into unknown readable memory: 0x0000000000000000 | 00 00 00 00 00 00 00 00
R12=0x0000000000000050 is an unknown value
R13=0x0 is NULL
R14=0x0 is NULL
R15=0x000000b94bffea80 is pointing into the stack for thread: 0x00000282f813d8b0


Registers:
RAX=0x00000282aaac0610, RBX=0x00000000000017d5, RCX=0x0000000000000000, RDX=0x0000000000000000
RSP=0x000000b94bffb860, RBP=0x000000b94bffb8d0, RSI=0x0000000000000000, RDI=0x0000000000000048
R8 =0x000000000000ffe0, R9 =0x0000000000000000, R10=0x00007fff86e00000, R11=0x00000282aaac0630
R12=0x0000000000000050, R13=0x0000000000000000, R14=0x0000000000000000, R15=0x000000b94bffea80
RIP=0x00007fff271ce0a9, EFLAGS=0x0000000000010202

Top of Stack: (sp=0x000000b94bffb860)
0x000000b94bffb860:   00000000000017d5 0000000000000000
0x000000b94bffb870:   000000b94bffea80 00007fff271338d1
0x000000b94bffb880:   00000282f813d2d0 00007fff00002000
0x000000b94bffb890:   00000282aaac0610 0000000000000000
0x000000b94bffb8a0:   0000000000000002 00000282b249a340
0x000000b94bffb8b0:   0000000000000002 00000282f813d2d0
0x000000b94bffb8c0:   0000000000000000 0000000000000000
0x000000b94bffb8d0:   00000282f7fe7590 00000282e956a020
0x000000b94bffb8e0:   0000000000000048 00007fff27854c08
0x000000b94bffb8f0:   000000b94bffba00 00007fff2712ba8b
0x000000b94bffb900:   000000b94bffea80 00007fff27854c08
0x000000b94bffb910:   000000b94bffea80 000000b94bffba00
0x000000b94bffb920:   000000b900000000 000000b94bfff5e0
0x000000b94bffb930:   000000b90000000f 000000b94bffea80
0x000000b94bffb940:   000000b94bffbab0 00007fff00000000
0x000000b94bffb950:   0000028200000100 00007fff27854c08 

Instructions: (pc=0x00007fff271ce0a9)
0x00007fff271cdfa9:   3b d0 75 0b ff c1 41 3b c9 7c dc 48 8b c2 c3 33
0x00007fff271cdfb9:   c0 c3 cc cc cc cc cc 48 89 5c 24 18 55 56 57 41
0x00007fff271cdfc9:   55 41 57 48 8b ec 48 83 ec 70 65 48 8b 04 25 58
0x00007fff271cdfd9:   00 00 00 48 8b f2 44 8b 05 d2 8b 90 00 4c 8b f9
0x00007fff271cdfe9:   4a 8b 1c c0 b8 50 00 00 00 80 3c 18 00 75 05 e8
0x00007fff271cdff9:   8b 6f 5d 00 b8 20 00 00 00 48 8b 04 18 48 8b 98
0x00007fff271ce009:   38 02 00 00 48 89 5d b0 c7 45 b8 04 00 00 00 48
0x00007fff271ce019:   8b 43 18 48 83 f8 df 76 18 4c 8d 05 37 a9 65 00
0x00007fff271ce029:   ba 20 00 00 00 48 8b cb e8 5a eb de ff 48 8b 43
0x00007fff271ce039:   18 48 8d 48 20 48 3b 4b 20 76 11 45 33 c0 48 8b
0x00007fff271ce049:   cb 41 8d 50 20 e8 fd e8 de ff eb 04 48 89 4b 18
0x00007fff271ce059:   44 8b 45 b8 33 d2 49 c1 e0 03 48 8b c8 48 89 45
0x00007fff271ce069:   c0 e8 e3 80 5d 00 45 33 ed 48 8d 4d d0 44 89 6d
0x00007fff271ce079:   c8 e8 01 59 56 00 41 8b 9f 40 02 00 00 41 2b 9f
0x00007fff271ce089:   68 02 00 00 44 89 6d f0 3b 5d b8 72 0b 8b d3 48
0x00007fff271ce099:   8d 4d b0 e8 6f b3 39 00 48 8b 45 c0 4c 89 2c d8
0x00007fff271ce0a9:   8b 7e 28 8b df c1 eb 05 3b 5d d0 72 0b 8b d3 48
0x00007fff271ce0b9:   8d 4d d0 e8 1f 59 56 00 48 8b 45 d8 83 e7 1f 48
0x00007fff271ce0c9:   8d 14 98 40 0f b6 cf 41 b8 01 00 00 00 41 d3 e0
0x00007fff271ce0d9:   8b 0a 8b c1 41 0b c0 89 02 41 85 c8 75 21 8b 5d
0x00007fff271ce0e9:   c8 8d 43 01 89 45 c8 3b 5d b8 72 0b 8b d3 48 8d
0x00007fff271ce0f9:   4d b0 e8 10 b3 39 00 48 8b 45 c0 48 89 34 d8 44
0x00007fff271ce109:   39 6d c8 0f 86 77 01 00 00 4c 89 a4 24 a0 00 00
0x00007fff271ce119:   00 4c 89 b4 24 a8 00 00 00 48 8b 45 c0 41 8b cd
0x00007fff271ce129:   48 8b 34 c8 8b 46 2c 25 ff 1f 00 00 3d 04 10 00
0x00007fff271ce139:   00 0f 85 a7 00 00 00 bb 01 00 00 00 39 5e 18 76
0x00007fff271ce149:   39 66 0f 1f 44 00 00 48 8b 46 08 8b cb 48 8b 14
0x00007fff271ce159:   c8 48 85 d2 74 1d 48 83 7a 10 00 74 16 80 7a 2c
0x00007fff271ce169:   84 74 10 e8 7f 7e ee ff 48 8b d0 49 8b cf e8 a4
0x00007fff271ce179:   61 f6 ff ff c3 3b 5e 18 72 cd 48 8b 5e 10 8b 46
0x00007fff271ce189:   20 4c 8d 34 c3 49 3b de 73 54 48 8b 3b 8b 47 2c
0x00007fff271ce199:   83 e0 03 3c 03 75 2e 48 8b 07 48 8b cf ff 90 88 


Stack slot to memory mapping:
stack at sp + 0 slots: 0x00000000000017d5 is an unknown value
stack at sp + 1 slots: 0x0 is NULL
stack at sp + 2 slots: 0x000000b94bffea80 is pointing into the stack for thread: 0x00000282f813d8b0
stack at sp + 3 slots: 0x00007fff271338d1 jvm.dll
stack at sp + 4 slots: 0x00000282f813d2d0 points into unknown readable memory: 0x0000000000000006 | 06 00 00 00 00 00 00 00
stack at sp + 5 slots: 0x00007fff00002000 is an unknown value
stack at sp + 6 slots: 0x00000282aaac0610 points into unknown readable memory: 0x0000000000000000 | 00 00 00 00 00 00 00 00
stack at sp + 7 slots: 0x0 is NULL


---------------  P R O C E S S  ---------------

Threads class SMR info:
_java_thread_list=0x00000282ab9d5780, length=91, elements={
0x00000282e9552d00, 0x00000282f811f3d0, 0x00000282f8120160, 0x00000282f8137080,
0x00000282f8138230, 0x00000282f813bb20, 0x00000282f813c3f0, 0x00000282f813d8b0,
0x00000282f817ea90, 0x00000282f82ab440, 0x00000282f81084e0, 0x00000282f8420040,
0x00000282fe89e4c0, 0x00000282fdbc4ac0, 0x00000282fea73d70, 0x00000282fdb9c190,
0x00000282fdb9c670, 0x00000282fd770750, 0x00000282fd770c60, 0x00000282fd76f310,
0x00000282fd76f820, 0x00000282fd76fd30, 0x00000282f8538280, 0x00000282f8534fe0,
0x00000282f8535f10, 0x00000282f85354f0, 0x00000282f8536930, 0x00000282f8535a00,
0x00000282f8536e40, 0x00000282f8537350, 0x00000282f8537860, 0x00000282f8534ad0,
0x00000282f8536420, 0x00000282fe8a8960, 0x00000282fe8aa7c0, 0x00000282fe8ada60,
0x00000282fe8ab6f0, 0x00000282fe8a8e70, 0x00000282fe8adf70, 0x00000282fe8ae480,
0x00000282fe8ad040, 0x00000282fe8a7f40, 0x00000282fe8aacd0, 0x00000282fe8a7010,
0x00000282fe8a9380, 0x00000282fe8ae990, 0x00000282fe8a8450, 0x00000282fe8a9da0,
0x00000282fe8aa2b0, 0x00000282fe8ac110, 0x00000282fe8ad550, 0x00000282f8d15a90,
0x00000282f8d1bac0, 0x00000282f8d15070, 0x00000282f8d18820, 0x00000282f8d19c60,
0x00000282f8d17e00, 0x00000282f8d15fa0, 0x00000282f8d18d30, 0x00000282f8d1bfd0,
0x00000282f8d1ab90, 0x00000282f8d18310, 0x00000282f8d1b5b0, 0x00000282f8d1a170,
0x00000282f8d15580, 0x00000282f8d169c0, 0x00000282f8d16ed0, 0x00000282aae472b0,
0x00000282aae44010, 0x00000282aae477c0, 0x00000282aae44f40, 0x00000282aae47cd0,
0x00000282aae435f0, 0x00000282aae486f0, 0x00000282aae45960, 0x00000282aae46380,
0x00000282aae48c00, 0x00000282aae46da0, 0x00000282aae49b30, 0x00000282aae49110,
0x00000282aae4a040, 0x00000282aae42bd0, 0x00000282aae430e0, 0x00000282ad18fa40,
0x00000282ad190970, 0x00000282ad194b40, 0x00000282ad193c10, 0x00000282ad195050,
0x00000282ad194120, 0x00000282ad1931f0, 0x00000282ad18ff50
}

Java Threads: ( => current thread )
  0x00000282e9552d00 JavaThread "main" [_thread_blocked, id=5916, stack(0x000000b94b200000,0x000000b94b300000)]
  0x00000282f811f3d0 JavaThread "Reference Handler" daemon [_thread_blocked, id=10136, stack(0x000000b94b900000,0x000000b94ba00000)]
  0x00000282f8120160 JavaThread "Finalizer" daemon [_thread_blocked, id=10376, stack(0x000000b94ba00000,0x000000b94bb00000)]
  0x00000282f8137080 JavaThread "Signal Dispatcher" daemon [_thread_blocked, id=6876, stack(0x000000b94bb00000,0x000000b94bc00000)]
  0x00000282f8138230 JavaThread "Attach Listener" daemon [_thread_blocked, id=11432, stack(0x000000b94bc00000,0x000000b94bd00000)]
  0x00000282f813bb20 JavaThread "Service Thread" daemon [_thread_blocked, id=7904, stack(0x000000b94bd00000,0x000000b94be00000)]
  0x00000282f813c3f0 JavaThread "Monitor Deflation Thread" daemon [_thread_blocked, id=8456, stack(0x000000b94be00000,0x000000b94bf00000)]
=>0x00000282f813d8b0 JavaThread "C2 CompilerThread0" daemon [_thread_in_native, id=11052, stack(0x000000b94bf00000,0x000000b94c000000)]
  0x00000282f817ea90 JavaThread "C1 CompilerThread0" daemon [_thread_blocked, id=13016, stack(0x000000b94c000000,0x000000b94c100000)]
  0x00000282f82ab440 JavaThread "Sweeper thread" daemon [_thread_blocked, id=3200, stack(0x000000b94c100000,0x000000b94c200000)]
  0x00000282f81084e0 JavaThread "Common-Cleaner" daemon [_thread_blocked, id=512, stack(0x000000b94c200000,0x000000b94c300000)]
  0x00000282f8420040 JavaThread "Notification Thread" daemon [_thread_blocked, id=6208, stack(0x000000b94c300000,0x000000b94c400000)]
  0x00000282fe89e4c0 JavaThread "Daemon health stats" [_thread_blocked, id=5828, stack(0x000000b94c900000,0x000000b94ca00000)]
  0x00000282fdbc4ac0 JavaThread "Incoming local TCP Connector on port 56698" [_thread_in_native, id=13100, stack(0x000000b94c800000,0x000000b94c900000)]
  0x00000282fea73d70 JavaThread "Daemon periodic checks" [_thread_blocked, id=12640, stack(0x000000b94ca00000,0x000000b94cb00000)]
  0x00000282fdb9c190 JavaThread "Daemon" [_thread_blocked, id=12896, stack(0x000000b94cb00000,0x000000b94cc00000)]
  0x00000282fdb9c670 JavaThread "Handler for socket connection from /127.0.0.1:56698 to /127.0.0.1:56699" [_thread_in_native, id=10280, stack(0x000000b94cc00000,0x000000b94cd00000)]
  0x00000282fd770750 JavaThread "Cancel handler" [_thread_blocked, id=6996, stack(0x000000b94cd00000,0x000000b94ce00000)]
  0x00000282fd770c60 JavaThread "Daemon worker" [_thread_blocked, id=5288, stack(0x000000b94ce00000,0x000000b94cf00000)]
  0x00000282fd76f310 JavaThread "Asynchronous log dispatcher for DefaultDaemonConnection: socket connection from /127.0.0.1:56698 to /127.0.0.1:56699" [_thread_blocked, id=14308, stack(0x000000b94cf00000,0x000000b94d000000)]
  0x00000282fd76f820 JavaThread "Stdin handler" [_thread_blocked, id=11444, stack(0x000000b94d000000,0x000000b94d100000)]
  0x00000282fd76fd30 JavaThread "Daemon client event forwarder" [_thread_blocked, id=11428, stack(0x000000b94d100000,0x000000b94d200000)]
  0x00000282f8538280 JavaThread "Cache worker for journal cache (C:\Users\hp 8470p\.gradle\caches\journal-1)" [_thread_blocked, id=7412, stack(0x000000b94d200000,0x000000b94d300000)]
  0x00000282f8534fe0 JavaThread "File lock request listener" [_thread_in_native, id=6804, stack(0x000000b94d300000,0x000000b94d400000)]
  0x00000282f8535f10 JavaThread "Cache worker for file hash cache (C:\Users\hp 8470p\.gradle\caches\8.3\fileHashes)" [_thread_blocked, id=13732, stack(0x000000b94d500000,0x000000b94d600000)]
  0x00000282f85354f0 JavaThread "File watcher server" daemon [_thread_in_native, id=4392, stack(0x000000b94d400000,0x000000b94d500000)]
  0x00000282f8536930 JavaThread "File watcher consumer" daemon [_thread_blocked, id=1320, stack(0x000000b94d600000,0x000000b94d700000)]
  0x00000282f8535a00 JavaThread "Cache worker for checksums cache (E:\React Native\RTK\RTK\android\.gradle\8.3\checksums)" [_thread_blocked, id=7652, stack(0x000000b94d700000,0x000000b94d800000)]
  0x00000282f8536e40 JavaThread "Cache worker for file hash cache (E:\React Native\RTK\RTK\android\.gradle\8.3\fileHashes)" [_thread_blocked, id=4700, stack(0x000000b94d800000,0x000000b94d900000)]
  0x00000282f8537350 JavaThread "Cache worker for cache directory md-supplier (C:\Users\hp 8470p\.gradle\caches\8.3\md-supplier)" [_thread_blocked, id=12048, stack(0x000000b94d900000,0x000000b94da00000)]
  0x00000282f8537860 JavaThread "Cache worker for file content cache (C:\Users\hp 8470p\.gradle\caches\8.3\fileContent)" [_thread_blocked, id=1772, stack(0x000000b94da00000,0x000000b94db00000)]
  0x00000282f8534ad0 JavaThread "Cache worker for cache directory md-rule (C:\Users\hp 8470p\.gradle\caches\8.3\md-rule)" [_thread_blocked, id=7960, stack(0x000000b94db00000,0x000000b94dc00000)]
  0x00000282f8536420 JavaThread "Cache worker for execution history cache (C:\Users\hp 8470p\.gradle\caches\8.3\executionHistory)" [_thread_blocked, id=11216, stack(0x000000b94dc00000,0x000000b94dd00000)]
  0x00000282fe8a8960 JavaThread "jar transforms" [_thread_blocked, id=8772, stack(0x000000b94de00000,0x000000b94df00000)]
  0x00000282fe8aa7c0 JavaThread "jar transforms Thread 2" [_thread_blocked, id=9444, stack(0x000000b94df00000,0x000000b94e000000)]
  0x00000282fe8ada60 JavaThread "jar transforms Thread 3" [_thread_blocked, id=4560, stack(0x000000b94e000000,0x000000b94e100000)]
  0x00000282fe8ab6f0 JavaThread "jar transforms Thread 4" [_thread_blocked, id=1260, stack(0x000000b94e100000,0x000000b94e200000)]
  0x00000282fe8a8e70 JavaThread "Cache worker for kotlin-dsl (C:\Users\hp 8470p\.gradle\caches\8.3\kotlin-dsl)" [_thread_blocked, id=4808, stack(0x000000b94e200000,0x000000b94e300000)]
  0x00000282fe8adf70 JavaThread "Unconstrained build operations" [_thread_blocked, id=6856, stack(0x000000b94dd00000,0x000000b94de00000)]
  0x00000282fe8ae480 JavaThread "Unconstrained build operations Thread 2" [_thread_blocked, id=11500, stack(0x000000b94e300000,0x000000b94e400000)]
  0x00000282fe8ad040 JavaThread "Cache worker for dependencies-accessors (E:\React Native\RTK\RTK\android\.gradle\8.3\dependencies-accessors)" [_thread_blocked, id=13868, stack(0x000000b94e500000,0x000000b94e600000)]
  0x00000282fe8a7f40 JavaThread "Cache worker for Build Output Cleanup Cache (E:\React Native\RTK\RTK\node_modules\@react-native\gradle-plugin\.gradle\buildOutputCleanup)" [_thread_blocked, id=13884, stack(0x000000b94e600000,0x000000b94e700000)]
  0x00000282fe8aacd0 JavaThread "Unconstrained build operations Thread 3" [_thread_in_native, id=12768, stack(0x000000b94e700000,0x000000b94e800000)]
  0x00000282fe8a7010 JavaThread "Unconstrained build operations Thread 4" [_thread_blocked, id=12484, stack(0x000000b94e800000,0x000000b94e900000)]
  0x00000282fe8a9380 JavaThread "Unconstrained build operations Thread 5" [_thread_blocked, id=7064, stack(0x000000b94e900000,0x000000b94ea00000)]
  0x00000282fe8ae990 JavaThread "Memory manager" [_thread_blocked, id=3876, stack(0x000000b94ec00000,0x000000b94ed00000)]
  0x00000282fe8a8450 JavaThread "Cache worker for Build Output Cleanup Cache (E:\React Native\RTK\RTK\android\.gradle\buildOutputCleanup)" [_thread_blocked, id=7496, stack(0x000000b94ed00000,0x000000b94ee00000)]
  0x00000282fe8a9da0 JavaThread "ForkJoinPool.commonPool-worker-1" daemon [_thread_blocked, id=9612, stack(0x000000b94ee00000,0x000000b94ef00000)]
  0x00000282fe8aa2b0 JavaThread "ForkJoinPool.commonPool-worker-2" daemon [_thread_blocked, id=5360, stack(0x000000b94ef00000,0x000000b94f000000)]
  0x00000282fe8ac110 JavaThread "ForkJoinPool.commonPool-worker-3" daemon [_thread_blocked, id=9028, stack(0x000000b94f000000,0x000000b94f100000)]
  0x00000282fe8ad550 JavaThread "included builds" [_thread_blocked, id=12816, stack(0x000000b94f400000,0x000000b94f500000)]
  0x00000282f8d15a90 JavaThread "Execution worker" [_thread_blocked, id=4480, stack(0x000000b94f500000,0x000000b94f600000)]
  0x00000282f8d1bac0 JavaThread "Execution worker Thread 2" [_thread_blocked, id=9724, stack(0x000000b94f600000,0x000000b94f700000)]
  0x00000282f8d15070 JavaThread "Execution worker Thread 3" [_thread_blocked, id=2052, stack(0x000000b94f700000,0x000000b94f800000)]
  0x00000282f8d18820 JavaThread "Cache worker for execution history cache (E:\React Native\RTK\RTK\node_modules\@react-native\gradle-plugin\.gradle\8.3\executionHistory)" [_thread_blocked, id=13208, stack(0x000000b94f800000,0x000000b94f900000)]
  0x00000282f8d19c60 JavaThread "Unconstrained build operations Thread 6" [_thread_blocked, id=1380, stack(0x000000b94f900000,0x000000b94fa00000)]
  0x00000282f8d17e00 JavaThread "Unconstrained build operations Thread 7" [_thread_blocked, id=1716, stack(0x000000b94fa00000,0x000000b94fb00000)]
  0x00000282f8d15fa0 JavaThread "Unconstrained build operations Thread 8" [_thread_blocked, id=212, stack(0x000000b94fb00000,0x000000b94fc00000)]
  0x00000282f8d18d30 JavaThread "Unconstrained build operations Thread 9" [_thread_blocked, id=9596, stack(0x000000b94fc00000,0x000000b94fd00000)]
  0x00000282f8d1bfd0 JavaThread "Unconstrained build operations Thread 10" [_thread_blocked, id=12492, stack(0x000000b94fd00000,0x000000b94fe00000)]
  0x00000282f8d1ab90 JavaThread "Unconstrained build operations Thread 11" [_thread_blocked, id=2180, stack(0x000000b94fe00000,0x000000b94ff00000)]
  0x00000282f8d18310 JavaThread "Unconstrained build operations Thread 12" [_thread_blocked, id=13384, stack(0x000000b94ff00000,0x000000b950000000)]
  0x00000282f8d1b5b0 JavaThread "Unconstrained build operations Thread 13" [_thread_blocked, id=432, stack(0x000000b950000000,0x000000b950100000)]
  0x00000282f8d1a170 JavaThread "Unconstrained build operations Thread 14" [_thread_blocked, id=11380, stack(0x000000b94b000000,0x000000b94b100000)]
  0x00000282f8d15580 JavaThread "Unconstrained build operations Thread 15" [_thread_blocked, id=10916, stack(0x000000b94e400000,0x000000b94e500000)]
  0x00000282f8d169c0 JavaThread "Unconstrained build operations Thread 16" [_thread_blocked, id=1648, stack(0x000000b950100000,0x000000b950200000)]
  0x00000282f8d16ed0 JavaThread "Unconstrained build operations Thread 17" [_thread_blocked, id=8836, stack(0x000000b950200000,0x000000b950300000)]
  0x00000282aae472b0 JavaThread "Unconstrained build operations Thread 18" [_thread_blocked, id=1396, stack(0x000000b94b100000,0x000000b94b200000)]
  0x00000282aae44010 JavaThread "Unconstrained build operations Thread 19" [_thread_blocked, id=4668, stack(0x000000b950300000,0x000000b950400000)]
  0x00000282aae477c0 JavaThread "Unconstrained build operations Thread 20" [_thread_blocked, id=12584, stack(0x000000b950400000,0x000000b950500000)]
  0x00000282aae44f40 JavaThread "Unconstrained build operations Thread 21" [_thread_blocked, id=11608, stack(0x000000b950600000,0x000000b950700000)]
  0x00000282aae47cd0 JavaThread "Unconstrained build operations Thread 22" [_thread_blocked, id=6148, stack(0x000000b950700000,0x000000b950800000)]
  0x00000282aae435f0 JavaThread "Unconstrained build operations Thread 23" [_thread_blocked, id=11628, stack(0x000000b950800000,0x000000b950900000)]
  0x00000282aae486f0 JavaThread "Unconstrained build operations Thread 24" [_thread_blocked, id=9480, stack(0x000000b950500000,0x000000b950600000)]
  0x00000282aae45960 JavaThread "Unconstrained build operations Thread 25" [_thread_blocked, id=2852, stack(0x000000b950900000,0x000000b950a00000)]
  0x00000282aae46380 JavaThread "Unconstrained build operations Thread 26" [_thread_blocked, id=11640, stack(0x000000b950a00000,0x000000b950b00000)]
  0x00000282aae48c00 JavaThread "Unconstrained build operations Thread 27" [_thread_blocked, id=9892, stack(0x000000b950b00000,0x000000b950c00000)]
  0x00000282aae46da0 JavaThread "Unconstrained build operations Thread 28" [_thread_blocked, id=6096, stack(0x000000b950c00000,0x000000b950d00000)]
  0x00000282aae49b30 JavaThread "Unconstrained build operations Thread 29" [_thread_blocked, id=6644, stack(0x000000b950d00000,0x000000b950e00000)]
  0x00000282aae49110 JavaThread "Unconstrained build operations Thread 30" [_thread_blocked, id=9268, stack(0x000000b950e00000,0x000000b950f00000)]
  0x00000282aae4a040 JavaThread "Unconstrained build operations Thread 31" [_thread_blocked, id=13336, stack(0x000000b950f00000,0x000000b951000000)]
  0x00000282aae42bd0 JavaThread "Unconstrained build operations Thread 32" [_thread_blocked, id=452, stack(0x000000b951000000,0x000000b951100000)]
  0x00000282aae430e0 JavaThread "Unconstrained build operations Thread 33" [_thread_blocked, id=2772, stack(0x000000b951100000,0x000000b951200000)]
  0x00000282ad18fa40 JavaThread "Unconstrained build operations Thread 34" [_thread_blocked, id=9252, stack(0x000000b951200000,0x000000b951300000)]
  0x00000282ad190970 JavaThread "Unconstrained build operations Thread 35" [_thread_blocked, id=6620, stack(0x000000b951300000,0x000000b951400000)]
  0x00000282ad194b40 JavaThread "Unconstrained build operations Thread 36" [_thread_blocked, id=9980, stack(0x000000b951400000,0x000000b951500000)]
  0x00000282ad193c10 JavaThread "Unconstrained build operations Thread 37" [_thread_blocked, id=9908, stack(0x000000b951500000,0x000000b951600000)]
  0x00000282ad195050 JavaThread "Unconstrained build operations Thread 38" [_thread_blocked, id=14044, stack(0x000000b951600000,0x000000b951700000)]
  0x00000282ad194120 JavaThread "Unconstrained build operations Thread 39" [_thread_blocked, id=12928, stack(0x000000b951700000,0x000000b951800000)]
  0x00000282ad1931f0 JavaThread "Unconstrained build operations Thread 40" [_thread_blocked, id=7180, stack(0x000000b951800000,0x000000b951900000)]
  0x00000282ad18ff50 JavaThread "Cache worker for execution history cache (E:\React Native\RTK\RTK\android\.gradle\8.3\executionHistory)" [_thread_blocked, id=9516, stack(0x000000b94f100000,0x000000b94f200000)]

Other Threads:
  0x00000282f8116810 VMThread "VM Thread" [stack: 0x000000b94b800000,0x000000b94b900000] [id=388]
  0x00000282f8420520 WatcherThread [stack: 0x000000b94c400000,0x000000b94c500000] [id=13800]
  0x00000282e95af1f0 GCTaskThread "GC Thread#0" [stack: 0x000000b94b300000,0x000000b94b400000] [id=1876]
  0x00000282f85635f0 GCTaskThread "GC Thread#1" [stack: 0x000000b94c500000,0x000000b94c600000] [id=13544]
  0x00000282f8585d30 GCTaskThread "GC Thread#2" [stack: 0x000000b94c600000,0x000000b94c700000] [id=4220]
  0x00000282f8585ff0 GCTaskThread "GC Thread#3" [stack: 0x000000b94c700000,0x000000b94c800000] [id=3104]
  0x00000282e95c1060 ConcurrentGCThread "G1 Main Marker" [stack: 0x000000b94b400000,0x000000b94b500000] [id=14260]
  0x00000282e95c2120 ConcurrentGCThread "G1 Conc#0" [stack: 0x000000b94b500000,0x000000b94b600000] [id=12188]
  0x00000282e960e0c0 ConcurrentGCThread "G1 Refine#0" [stack: 0x000000b94b600000,0x000000b94b700000] [id=2952]
  0x00000282e960ea00 ConcurrentGCThread "G1 Service" [stack: 0x000000b94b700000,0x000000b94b800000] [id=11580]

Threads with active compile tasks:
C2 CompilerThread0   106393 15020       4       org.gradle.cache.internal.ExclusiveCacheAccessingWorker$1::call (10 bytes)

VM state: not at safepoint (normal execution)

VM Mutex/Monitor currently owned by a thread: None

Heap address: 0x0000000080000000, size: 2048 MB, Compressed Oops mode: 32-bit

CDS archive(s) mapped at: [0x000002828f000000-0x000002828fbd0000-0x000002828fbd0000), size 12386304, SharedBaseAddress: 0x000002828f000000, ArchiveRelocationMode: 1.
Compressed class space mapped at: 0x0000028290000000-0x00000282aa000000, reserved size: 436207616
Narrow klass base: 0x000002828f000000, Narrow klass shift: 0, Narrow klass range: 0x100000000

GC Precious Log:
 CPUs: 4 total, 4 available
 Memory: 12193M
 Large Page Support: Disabled
 NUMA Support: Disabled
 Compressed Oops: Enabled (32-bit)
 Heap Region Size: 1M
 Heap Min Capacity: 8M
 Heap Initial Capacity: 192M
 Heap Max Capacity: 2G
 Pre-touch: Disabled
 Parallel Workers: 4
 Concurrent Workers: 1
 Concurrent Refinement Workers: 4
 Periodic GC: Disabled

Heap:
 garbage-first heap   total 215040K, used 173016K [0x0000000080000000, 0x0000000100000000)
  region size 1024K, 10 young (10240K), 2 survivors (2048K)
 Metaspace       used 99264K, committed 100352K, reserved 557056K
  class space    used 13837K, committed 14400K, reserved 425984K

Heap Regions: E=young(eden), S=young(survivor), O=old, HS=humongous(starts), HC=humongous(continues), CS=collection set, F=free, OA=open archive, CA=closed archive, TAMS=top-at-mark-start (previous, next)
|   0|0x0000000080000000, 0x0000000080100000, 0x0000000080100000|100%| O|  |TAMS 0x0000000080100000, 0x0000000080000000| Untracked 
|   1|0x0000000080100000, 0x0000000080200000, 0x0000000080200000|100%| O|  |TAMS 0x0000000080200000, 0x0000000080100000| Untracked 
|   2|0x0000000080200000, 0x0000000080300000, 0x0000000080300000|100%|HS|  |TAMS 0x0000000080300000, 0x0000000080200000| Complete 
|   3|0x0000000080300000, 0x0000000080400000, 0x0000000080400000|100%|HC|  |TAMS 0x0000000080400000, 0x0000000080300000| Complete 
|   4|0x0000000080400000, 0x0000000080500000, 0x0000000080500000|100%|HC|  |TAMS 0x0000000080500000, 0x0000000080400000| Complete 
|   5|0x0000000080500000, 0x0000000080600000, 0x0000000080600000|100%|HC|  |TAMS 0x0000000080600000, 0x0000000080500000| Complete 
|   6|0x0000000080600000, 0x0000000080700000, 0x0000000080700000|100%| O|  |TAMS 0x0000000080700000, 0x0000000080600000| Untracked 
|   7|0x0000000080700000, 0x0000000080800000, 0x0000000080800000|100%| O|  |TAMS 0x0000000080800000, 0x0000000080700000| Untracked 
|   8|0x0000000080800000, 0x0000000080900000, 0x0000000080900000|100%| O|  |TAMS 0x0000000080900000, 0x0000000080800000| Untracked 
|   9|0x0000000080900000, 0x0000000080a00000, 0x0000000080a00000|100%| O|  |TAMS 0x0000000080a00000, 0x0000000080900000| Untracked 
|  10|0x0000000080a00000, 0x0000000080b00000, 0x0000000080b00000|100%| O|  |TAMS 0x0000000080b00000, 0x0000000080a00000| Untracked 
|  11|0x0000000080b00000, 0x0000000080c00000, 0x0000000080c00000|100%| O|  |TAMS 0x0000000080b00000, 0x0000000080b00000| Untracked 
|  12|0x0000000080c00000, 0x0000000080d00000, 0x0000000080d00000|100%| O|  |TAMS 0x0000000080d00000, 0x0000000080c00000| Untracked 
|  13|0x0000000080d00000, 0x0000000080e00000, 0x0000000080e00000|100%| O|  |TAMS 0x0000000080e00000, 0x0000000080d00000| Untracked 
|  14|0x0000000080e00000, 0x0000000080f00000, 0x0000000080f00000|100%| O|  |TAMS 0x0000000080f00000, 0x0000000080e00000| Untracked 
|  15|0x0000000080f00000, 0x0000000081000000, 0x0000000081000000|100%| O|  |TAMS 0x0000000081000000, 0x0000000080f00000| Untracked 
|  16|0x0000000081000000, 0x0000000081100000, 0x0000000081100000|100%| O|  |TAMS 0x0000000081100000, 0x0000000081000000| Untracked 
|  17|0x0000000081100000, 0x0000000081200000, 0x0000000081200000|100%| O|  |TAMS 0x0000000081200000, 0x0000000081100000| Untracked 
|  18|0x0000000081200000, 0x0000000081300000, 0x0000000081300000|100%| O|  |TAMS 0x0000000081300000, 0x0000000081200000| Untracked 
|  19|0x0000000081300000, 0x0000000081400000, 0x0000000081400000|100%| O|  |TAMS 0x0000000081400000, 0x0000000081300000| Untracked 
|  20|0x0000000081400000, 0x0000000081500000, 0x0000000081500000|100%| O|  |TAMS 0x0000000081500000, 0x0000000081400000| Untracked 
|  21|0x0000000081500000, 0x0000000081600000, 0x0000000081600000|100%| O|  |TAMS 0x0000000081600000, 0x0000000081500000| Untracked 
|  22|0x0000000081600000, 0x0000000081700000, 0x0000000081700000|100%| O|  |TAMS 0x0000000081700000, 0x0000000081600000| Untracked 
|  23|0x0000000081700000, 0x0000000081800000, 0x0000000081800000|100%| O|  |TAMS 0x0000000081800000, 0x0000000081700000| Untracked 
|  24|0x0000000081800000, 0x0000000081900000, 0x0000000081900000|100%| O|  |TAMS 0x0000000081900000, 0x0000000081800000| Untracked 
|  25|0x0000000081900000, 0x0000000081a00000, 0x0000000081a00000|100%| O|  |TAMS 0x0000000081a00000, 0x0000000081900000| Untracked 
|  26|0x0000000081a00000, 0x0000000081b00000, 0x0000000081b00000|100%| O|  |TAMS 0x0000000081b00000, 0x0000000081a00000| Untracked 
|  27|0x0000000081b00000, 0x0000000081c00000, 0x0000000081c00000|100%| O|  |TAMS 0x0000000081c00000, 0x0000000081b00000| Untracked 
|  28|0x0000000081c00000, 0x0000000081d00000, 0x0000000081d00000|100%| O|  |TAMS 0x0000000081d00000, 0x0000000081c00000| Untracked 
|  29|0x0000000081d00000, 0x0000000081e00000, 0x0000000081e00000|100%| O|  |TAMS 0x0000000081e00000, 0x0000000081d00000| Untracked 
|  30|0x0000000081e00000, 0x0000000081f00000, 0x0000000081f00000|100%| O|  |TAMS 0x0000000081f00000, 0x0000000081e00000| Untracked 
|  31|0x0000000081f00000, 0x0000000082000000, 0x0000000082000000|100%| O|  |TAMS 0x0000000082000000, 0x0000000081f00000| Untracked 
|  32|0x0000000082000000, 0x0000000082100000, 0x0000000082100000|100%| O|  |TAMS 0x0000000082100000, 0x0000000082000000| Untracked 
|  33|0x0000000082100000, 0x0000000082200000, 0x0000000082200000|100%| O|  |TAMS 0x0000000082200000, 0x0000000082100000| Untracked 
|  34|0x0000000082200000, 0x0000000082300000, 0x0000000082300000|100%|HS|  |TAMS 0x0000000082300000, 0x0000000082200000| Complete 
|  35|0x0000000082300000, 0x0000000082400000, 0x0000000082400000|100%|HC|  |TAMS 0x0000000082400000, 0x0000000082300000| Complete 
|  36|0x0000000082400000, 0x0000000082500000, 0x0000000082500000|100%| O|  |TAMS 0x0000000082500000, 0x0000000082400000| Untracked 
|  37|0x0000000082500000, 0x0000000082600000, 0x0000000082600000|100%| O|  |TAMS 0x0000000082600000, 0x0000000082500000| Untracked 
|  38|0x0000000082600000, 0x0000000082700000, 0x0000000082700000|100%|HS|  |TAMS 0x0000000082700000, 0x0000000082600000| Complete 
|  39|0x0000000082700000, 0x0000000082800000, 0x0000000082800000|100%|HC|  |TAMS 0x0000000082800000, 0x0000000082700000| Complete 
|  40|0x0000000082800000, 0x0000000082900000, 0x0000000082900000|100%|HS|  |TAMS 0x0000000082900000, 0x0000000082800000| Complete 
|  41|0x0000000082900000, 0x0000000082a00000, 0x0000000082a00000|100%|HC|  |TAMS 0x0000000082a00000, 0x0000000082900000| Complete 
|  42|0x0000000082a00000, 0x0000000082b00000, 0x0000000082b00000|100%|HC|  |TAMS 0x0000000082b00000, 0x0000000082a00000| Complete 
|  43|0x0000000082b00000, 0x0000000082c00000, 0x0000000082c00000|100%|HC|  |TAMS 0x0000000082c00000, 0x0000000082b00000| Complete 
|  44|0x0000000082c00000, 0x0000000082d00000, 0x0000000082d00000|100%| O|  |TAMS 0x0000000082d00000, 0x0000000082c00000| Untracked 
|  45|0x0000000082d00000, 0x0000000082e00000, 0x0000000082e00000|100%| O|  |TAMS 0x0000000082d00000, 0x0000000082d00000| Untracked 
|  46|0x0000000082e00000, 0x0000000082f00000, 0x0000000082f00000|100%| O|  |TAMS 0x0000000082f00000, 0x0000000082e00000| Untracked 
|  47|0x0000000082f00000, 0x0000000083000000, 0x0000000083000000|100%| O|  |TAMS 0x0000000083000000, 0x0000000082f00000| Untracked 
|  48|0x0000000083000000, 0x0000000083100000, 0x0000000083100000|100%|HS|  |TAMS 0x0000000083100000, 0x0000000083000000| Complete 
|  49|0x0000000083100000, 0x0000000083200000, 0x0000000083200000|100%|HC|  |TAMS 0x0000000083200000, 0x0000000083100000| Complete 
|  50|0x0000000083200000, 0x0000000083300000, 0x0000000083300000|100%|HC|  |TAMS 0x0000000083300000, 0x0000000083200000| Complete 
|  51|0x0000000083300000, 0x0000000083400000, 0x0000000083400000|100%|HC|  |TAMS 0x0000000083400000, 0x0000000083300000| Complete 
|  52|0x0000000083400000, 0x0000000083500000, 0x0000000083500000|100%| O|  |TAMS 0x0000000083500000, 0x0000000083400000| Untracked 
|  53|0x0000000083500000, 0x0000000083600000, 0x0000000083600000|100%| O|  |TAMS 0x0000000083600000, 0x0000000083500000| Untracked 
|  54|0x0000000083600000, 0x0000000083700000, 0x0000000083700000|100%| O|  |TAMS 0x0000000083700000, 0x0000000083600000| Untracked 
|  55|0x0000000083700000, 0x0000000083800000, 0x0000000083800000|100%| O|  |TAMS 0x0000000083800000, 0x0000000083700000| Untracked 
|  56|0x0000000083800000, 0x0000000083900000, 0x0000000083900000|100%| O|  |TAMS 0x0000000083900000, 0x0000000083800000| Untracked 
|  57|0x0000000083900000, 0x0000000083a00000, 0x0000000083a00000|100%| O|  |TAMS 0x0000000083a00000, 0x0000000083900000| Untracked 
|  58|0x0000000083a00000, 0x0000000083b00000, 0x0000000083b00000|100%| O|  |TAMS 0x0000000083b00000, 0x0000000083a00000| Untracked 
|  59|0x0000000083b00000, 0x0000000083c00000, 0x0000000083c00000|100%| O|  |TAMS 0x0000000083c00000, 0x0000000083b00000| Untracked 
|  60|0x0000000083c00000, 0x0000000083d00000, 0x0000000083d00000|100%| O|  |TAMS 0x0000000083d00000, 0x0000000083c00000| Untracked 
|  61|0x0000000083d00000, 0x0000000083e00000, 0x0000000083e00000|100%| O|  |TAMS 0x0000000083e00000, 0x0000000083d00000| Untracked 
|  62|0x0000000083e00000, 0x0000000083f00000, 0x0000000083f00000|100%| O|  |TAMS 0x0000000083f00000, 0x0000000083e00000| Untracked 
|  63|0x0000000083f00000, 0x0000000084000000, 0x0000000084000000|100%| O|  |TAMS 0x0000000084000000, 0x0000000083f00000| Untracked 
|  64|0x0000000084000000, 0x0000000084100000, 0x0000000084100000|100%|HS|  |TAMS 0x0000000084100000, 0x0000000084000000| Complete 
|  65|0x0000000084100000, 0x0000000084200000, 0x0000000084200000|100%|HS|  |TAMS 0x0000000084200000, 0x0000000084100000| Complete 
|  66|0x0000000084200000, 0x0000000084300000, 0x0000000084300000|100%|HS|  |TAMS 0x0000000084300000, 0x0000000084200000| Complete 
|  67|0x0000000084300000, 0x0000000084400000, 0x0000000084400000|100%| O|  |TAMS 0x0000000084400000, 0x0000000084300000| Untracked 
|  68|0x0000000084400000, 0x0000000084500000, 0x0000000084500000|100%| O|  |TAMS 0x0000000084500000, 0x0000000084400000| Untracked 
|  69|0x0000000084500000, 0x0000000084600000, 0x0000000084600000|100%| O|  |TAMS 0x0000000084600000, 0x0000000084500000| Untracked 
|  70|0x0000000084600000, 0x0000000084700000, 0x0000000084700000|100%|HS|  |TAMS 0x0000000084700000, 0x0000000084600000| Complete 
|  71|0x0000000084700000, 0x0000000084800000, 0x0000000084800000|100%| O|  |TAMS 0x0000000084800000, 0x0000000084700000| Untracked 
|  72|0x0000000084800000, 0x0000000084900000, 0x0000000084900000|100%| O|  |TAMS 0x0000000084900000, 0x0000000084800000| Untracked 
|  73|0x0000000084900000, 0x0000000084a00000, 0x0000000084a00000|100%| O|  |TAMS 0x0000000084a00000, 0x0000000084900000| Untracked 
|  74|0x0000000084a00000, 0x0000000084b00000, 0x0000000084b00000|100%| O|  |TAMS 0x0000000084b00000, 0x0000000084a00000| Untracked 
|  75|0x0000000084b00000, 0x0000000084c00000, 0x0000000084c00000|100%| O|  |TAMS 0x0000000084c00000, 0x0000000084b00000| Untracked 
|  76|0x0000000084c00000, 0x0000000084d00000, 0x0000000084d00000|100%| O|  |TAMS 0x0000000084d00000, 0x0000000084c00000| Untracked 
|  77|0x0000000084d00000, 0x0000000084e00000, 0x0000000084e00000|100%| O|  |TAMS 0x0000000084e00000, 0x0000000084d00000| Untracked 
|  78|0x0000000084e00000, 0x0000000084f00000, 0x0000000084f00000|100%| O|  |TAMS 0x0000000084f00000, 0x0000000084e00000| Untracked 
|  79|0x0000000084f00000, 0x0000000085000000, 0x0000000085000000|100%| O|  |TAMS 0x0000000085000000, 0x0000000084f00000| Untracked 
|  80|0x0000000085000000, 0x0000000085100000, 0x0000000085100000|100%| O|  |TAMS 0x0000000085100000, 0x0000000085000000| Untracked 
|  81|0x0000000085100000, 0x0000000085200000, 0x0000000085200000|100%| O|  |TAMS 0x0000000085179c00, 0x0000000085100000| Untracked 
|  82|0x0000000085200000, 0x0000000085300000, 0x0000000085300000|100%| O|  |TAMS 0x0000000085200000, 0x0000000085200000| Untracked 
|  83|0x0000000085300000, 0x0000000085400000, 0x0000000085400000|100%| O|  |TAMS 0x0000000085300000, 0x0000000085300000| Untracked 
|  84|0x0000000085400000, 0x0000000085500000, 0x0000000085500000|100%| O|  |TAMS 0x0000000085400000, 0x0000000085400000| Untracked 
|  85|0x0000000085500000, 0x0000000085600000, 0x0000000085600000|100%| O|  |TAMS 0x0000000085500000, 0x0000000085500000| Untracked 
|  86|0x0000000085600000, 0x0000000085700000, 0x0000000085700000|100%| O|  |TAMS 0x0000000085600000, 0x0000000085600000| Untracked 
|  87|0x0000000085700000, 0x0000000085800000, 0x0000000085800000|100%| O|  |TAMS 0x0000000085700000, 0x0000000085700000| Untracked 
|  88|0x0000000085800000, 0x0000000085900000, 0x0000000085900000|100%| O|  |TAMS 0x0000000085800000, 0x0000000085800000| Untracked 
|  89|0x0000000085900000, 0x0000000085a00000, 0x0000000085a00000|100%| O|  |TAMS 0x0000000085900000, 0x0000000085900000| Untracked 
|  90|0x0000000085a00000, 0x0000000085b00000, 0x0000000085b00000|100%|HS|  |TAMS 0x0000000085a00000, 0x0000000085a00000| Complete 
|  91|0x0000000085b00000, 0x0000000085c00000, 0x0000000085c00000|100%|HS|  |TAMS 0x0000000085b00000, 0x0000000085b00000| Complete 
|  92|0x0000000085c00000, 0x0000000085d00000, 0x0000000085d00000|100%|HS|  |TAMS 0x0000000085c00000, 0x0000000085c00000| Complete 
|  93|0x0000000085d00000, 0x0000000085e00000, 0x0000000085e00000|100%|HC|  |TAMS 0x0000000085d00000, 0x0000000085d00000| Complete 
|  94|0x0000000085e00000, 0x0000000085f00000, 0x0000000085f00000|100%| O|  |TAMS 0x0000000085e00000, 0x0000000085e00000| Untracked 
|  95|0x0000000085f00000, 0x0000000086000000, 0x0000000086000000|100%| O|  |TAMS 0x0000000085f00000, 0x0000000085f00000| Untracked 
|  96|0x0000000086000000, 0x0000000086100000, 0x0000000086100000|100%| O|  |TAMS 0x0000000086000000, 0x0000000086000000| Untracked 
|  97|0x0000000086100000, 0x0000000086200000, 0x0000000086200000|100%| O|  |TAMS 0x0000000086100000, 0x0000000086100000| Untracked 
|  98|0x0000000086200000, 0x0000000086300000, 0x0000000086300000|100%| O|  |TAMS 0x0000000086200000, 0x0000000086200000| Untracked 
|  99|0x0000000086300000, 0x0000000086400000, 0x0000000086400000|100%| O|  |TAMS 0x0000000086300000, 0x0000000086300000| Untracked 
| 100|0x0000000086400000, 0x0000000086500000, 0x0000000086500000|100%| O|  |TAMS 0x0000000086400000, 0x0000000086400000| Untracked 
| 101|0x0000000086500000, 0x0000000086600000, 0x0000000086600000|100%| O|  |TAMS 0x0000000086500000, 0x0000000086500000| Untracked 
| 102|0x0000000086600000, 0x0000000086700000, 0x0000000086700000|100%| O|  |TAMS 0x0000000086600000, 0x0000000086600000| Untracked 
| 103|0x0000000086700000, 0x0000000086800000, 0x0000000086800000|100%| O|  |TAMS 0x0000000086700000, 0x0000000086700000| Untracked 
| 104|0x0000000086800000, 0x0000000086900000, 0x0000000086900000|100%| O|  |TAMS 0x0000000086800000, 0x0000000086800000| Untracked 
| 105|0x0000000086900000, 0x0000000086a00000, 0x0000000086a00000|100%| O|  |TAMS 0x0000000086900000, 0x0000000086900000| Untracked 
| 106|0x0000000086a00000, 0x0000000086b00000, 0x0000000086b00000|100%| O|  |TAMS 0x0000000086a00000, 0x0000000086a00000| Untracked 
| 107|0x0000000086b00000, 0x0000000086c00000, 0x0000000086c00000|100%| O|  |TAMS 0x0000000086b00000, 0x0000000086b00000| Untracked 
| 108|0x0000000086c00000, 0x0000000086d00000, 0x0000000086d00000|100%| O|  |TAMS 0x0000000086c00000, 0x0000000086c00000| Untracked 
| 109|0x0000000086d00000, 0x0000000086e00000, 0x0000000086e00000|100%|HS|  |TAMS 0x0000000086d00000, 0x0000000086d00000| Complete 
| 110|0x0000000086e00000, 0x0000000086f00000, 0x0000000086f00000|100%|HS|  |TAMS 0x0000000086e00000, 0x0000000086e00000| Complete 
| 111|0x0000000086f00000, 0x0000000087000000, 0x0000000087000000|100%|HS|  |TAMS 0x0000000086f00000, 0x0000000086f00000| Complete 
| 112|0x0000000087000000, 0x0000000087100000, 0x0000000087100000|100%| O|  |TAMS 0x0000000087000000, 0x0000000087000000| Untracked 
| 113|0x0000000087100000, 0x0000000087200000, 0x0000000087200000|100%| O|  |TAMS 0x0000000087100000, 0x0000000087100000| Untracked 
| 114|0x0000000087200000, 0x0000000087300000, 0x0000000087300000|100%| O|  |TAMS 0x0000000087200000, 0x0000000087200000| Untracked 
| 115|0x0000000087300000, 0x0000000087400000, 0x0000000087400000|100%| O|  |TAMS 0x0000000087300000, 0x0000000087300000| Untracked 
| 116|0x0000000087400000, 0x0000000087500000, 0x0000000087500000|100%| O|  |TAMS 0x0000000087400000, 0x0000000087400000| Untracked 
| 117|0x0000000087500000, 0x0000000087600000, 0x0000000087600000|100%| O|  |TAMS 0x0000000087500000, 0x0000000087500000| Untracked 
| 118|0x0000000087600000, 0x0000000087700000, 0x0000000087700000|100%| O|  |TAMS 0x0000000087600000, 0x0000000087600000| Untracked 
| 119|0x0000000087700000, 0x0000000087800000, 0x0000000087800000|100%| O|  |TAMS 0x0000000087700000, 0x0000000087700000| Untracked 
| 120|0x0000000087800000, 0x0000000087900000, 0x0000000087900000|100%| O|  |TAMS 0x0000000087800000, 0x0000000087800000| Untracked 
| 121|0x0000000087900000, 0x0000000087a00000, 0x0000000087a00000|100%| O|  |TAMS 0x0000000087900000, 0x0000000087900000| Untracked 
| 122|0x0000000087a00000, 0x0000000087b00000, 0x0000000087b00000|100%| O|  |TAMS 0x0000000087a00000, 0x0000000087a00000| Untracked 
| 123|0x0000000087b00000, 0x0000000087c00000, 0x0000000087c00000|100%| O|  |TAMS 0x0000000087b00000, 0x0000000087b00000| Untracked 
| 124|0x0000000087c00000, 0x0000000087d00000, 0x0000000087d00000|100%| O|  |TAMS 0x0000000087c00000, 0x0000000087c00000| Untracked 
| 125|0x0000000087d00000, 0x0000000087e00000, 0x0000000087e00000|100%| O|  |TAMS 0x0000000087d00000, 0x0000000087d00000| Untracked 
| 126|0x0000000087e00000, 0x0000000087f00000, 0x0000000087f00000|100%| O|  |TAMS 0x0000000087e00000, 0x0000000087e00000| Untracked 
| 127|0x0000000087f00000, 0x0000000088000000, 0x0000000088000000|100%| O|  |TAMS 0x0000000087f00000, 0x0000000087f00000| Untracked 
| 128|0x0000000088000000, 0x0000000088100000, 0x0000000088100000|100%| O|  |TAMS 0x0000000088000000, 0x0000000088000000| Untracked 
| 129|0x0000000088100000, 0x0000000088200000, 0x0000000088200000|100%| O|  |TAMS 0x0000000088100000, 0x0000000088100000| Untracked 
| 130|0x0000000088200000, 0x0000000088300000, 0x0000000088300000|100%| O|  |TAMS 0x0000000088200000, 0x0000000088200000| Untracked 
| 131|0x0000000088300000, 0x0000000088400000, 0x0000000088400000|100%| O|  |TAMS 0x0000000088300000, 0x0000000088300000| Untracked 
| 132|0x0000000088400000, 0x0000000088500000, 0x0000000088500000|100%| O|  |TAMS 0x0000000088400000, 0x0000000088400000| Untracked 
| 133|0x0000000088500000, 0x0000000088600000, 0x0000000088600000|100%| O|  |TAMS 0x0000000088500000, 0x0000000088500000| Untracked 
| 134|0x0000000088600000, 0x0000000088700000, 0x0000000088700000|100%| O|  |TAMS 0x0000000088600000, 0x0000000088600000| Untracked 
| 135|0x0000000088700000, 0x0000000088800000, 0x0000000088800000|100%| O|  |TAMS 0x0000000088700000, 0x0000000088700000| Untracked 
| 136|0x0000000088800000, 0x0000000088900000, 0x0000000088900000|100%| O|  |TAMS 0x0000000088800000, 0x0000000088800000| Untracked 
| 137|0x0000000088900000, 0x0000000088a00000, 0x0000000088a00000|100%| O|  |TAMS 0x0000000088900000, 0x0000000088900000| Untracked 
| 138|0x0000000088a00000, 0x0000000088b00000, 0x0000000088b00000|100%| O|  |TAMS 0x0000000088a00000, 0x0000000088a00000| Untracked 
| 139|0x0000000088b00000, 0x0000000088c00000, 0x0000000088c00000|100%| O|  |TAMS 0x0000000088b00000, 0x0000000088b00000| Untracked 
| 140|0x0000000088c00000, 0x0000000088d00000, 0x0000000088d00000|100%| O|  |TAMS 0x0000000088c00000, 0x0000000088c00000| Untracked 
| 141|0x0000000088d00000, 0x0000000088e00000, 0x0000000088e00000|100%| O|  |TAMS 0x0000000088d00000, 0x0000000088d00000| Untracked 
| 142|0x0000000088e00000, 0x0000000088f00000, 0x0000000088f00000|100%| O|  |TAMS 0x0000000088e00000, 0x0000000088e00000| Untracked 
| 143|0x0000000088f00000, 0x0000000089000000, 0x0000000089000000|100%| O|  |TAMS 0x0000000088f00000, 0x0000000088f00000| Untracked 
| 144|0x0000000089000000, 0x0000000089100000, 0x0000000089100000|100%| O|  |TAMS 0x0000000089000000, 0x0000000089000000| Untracked 
| 145|0x0000000089100000, 0x0000000089200000, 0x0000000089200000|100%| O|  |TAMS 0x0000000089100000, 0x0000000089100000| Untracked 
| 146|0x0000000089200000, 0x0000000089300000, 0x0000000089300000|100%| O|  |TAMS 0x0000000089200000, 0x0000000089200000| Untracked 
| 147|0x0000000089300000, 0x0000000089400000, 0x0000000089400000|100%| O|  |TAMS 0x0000000089300000, 0x0000000089300000| Untracked 
| 148|0x0000000089400000, 0x0000000089500000, 0x0000000089500000|100%| O|  |TAMS 0x0000000089400000, 0x0000000089400000| Untracked 
| 149|0x0000000089500000, 0x0000000089600000, 0x0000000089600000|100%| O|  |TAMS 0x0000000089500000, 0x0000000089500000| Untracked 
| 150|0x0000000089600000, 0x0000000089700000, 0x0000000089700000|100%| O|  |TAMS 0x0000000089600000, 0x0000000089600000| Untracked 
| 151|0x0000000089700000, 0x0000000089800000, 0x0000000089800000|100%| O|  |TAMS 0x0000000089700000, 0x0000000089700000| Untracked 
| 152|0x0000000089800000, 0x0000000089900000, 0x0000000089900000|100%| O|  |TAMS 0x0000000089800000, 0x0000000089800000| Untracked 
| 153|0x0000000089900000, 0x0000000089a00000, 0x0000000089a00000|100%| O|  |TAMS 0x0000000089900000, 0x0000000089900000| Untracked 
| 154|0x0000000089a00000, 0x0000000089b00000, 0x0000000089b00000|100%| O|  |TAMS 0x0000000089a00000, 0x0000000089a00000| Untracked 
| 155|0x0000000089b00000, 0x0000000089c00000, 0x0000000089c00000|100%| O|  |TAMS 0x0000000089b00000, 0x0000000089b00000| Untracked 
| 156|0x0000000089c00000, 0x0000000089d00000, 0x0000000089d00000|100%| O|  |TAMS 0x0000000089c00000, 0x0000000089c00000| Untracked 
| 157|0x0000000089d00000, 0x0000000089e00000, 0x0000000089e00000|100%| O|  |TAMS 0x0000000089d00000, 0x0000000089d00000| Untracked 
| 158|0x0000000089e00000, 0x0000000089f00000, 0x0000000089f00000|100%| O|  |TAMS 0x0000000089e00000, 0x0000000089e00000| Untracked 
| 159|0x0000000089f00000, 0x000000008a000000, 0x000000008a000000|100%| O|  |TAMS 0x0000000089f00000, 0x0000000089f00000| Untracked 
| 160|0x000000008a000000, 0x000000008a012c00, 0x000000008a100000|  7%| O|  |TAMS 0x000000008a000000, 0x000000008a000000| Untracked 
| 161|0x000000008a100000, 0x000000008a100000, 0x000000008a200000|  0%| F|  |TAMS 0x000000008a100000, 0x000000008a100000| Untracked 
| 162|0x000000008a200000, 0x000000008a200000, 0x000000008a300000|  0%| F|  |TAMS 0x000000008a200000, 0x000000008a200000| Untracked 
| 163|0x000000008a300000, 0x000000008a300000, 0x000000008a400000|  0%| F|  |TAMS 0x000000008a300000, 0x000000008a300000| Untracked 
| 164|0x000000008a400000, 0x000000008a400000, 0x000000008a500000|  0%| F|  |TAMS 0x000000008a400000, 0x000000008a400000| Untracked 
| 165|0x000000008a500000, 0x000000008a500000, 0x000000008a600000|  0%| F|  |TAMS 0x000000008a500000, 0x000000008a500000| Untracked 
| 166|0x000000008a600000, 0x000000008a600000, 0x000000008a700000|  0%| F|  |TAMS 0x000000008a600000, 0x000000008a600000| Untracked 
| 167|0x000000008a700000, 0x000000008a700000, 0x000000008a800000|  0%| F|  |TAMS 0x000000008a700000, 0x000000008a700000| Untracked 
| 168|0x000000008a800000, 0x000000008a800000, 0x000000008a900000|  0%| F|  |TAMS 0x000000008a800000, 0x000000008a800000| Untracked 
| 169|0x000000008a900000, 0x000000008a900000, 0x000000008aa00000|  0%| F|  |TAMS 0x000000008a900000, 0x000000008a900000| Untracked 
| 170|0x000000008aa00000, 0x000000008aa00000, 0x000000008ab00000|  0%| F|  |TAMS 0x000000008aa00000, 0x000000008aa00000| Untracked 
| 171|0x000000008ab00000, 0x000000008ab00000, 0x000000008ac00000|  0%| F|  |TAMS 0x000000008ab00000, 0x000000008ab00000| Untracked 
| 172|0x000000008ac00000, 0x000000008ac00000, 0x000000008ad00000|  0%| F|  |TAMS 0x000000008ac00000, 0x000000008ac00000| Untracked 
| 173|0x000000008ad00000, 0x000000008ad00000, 0x000000008ae00000|  0%| F|  |TAMS 0x000000008ad00000, 0x000000008ad00000| Untracked 
| 174|0x000000008ae00000, 0x000000008ae00000, 0x000000008af00000|  0%| F|  |TAMS 0x000000008ae00000, 0x000000008ae00000| Untracked 
| 175|0x000000008af00000, 0x000000008af00000, 0x000000008b000000|  0%| F|  |TAMS 0x000000008af00000, 0x000000008af00000| Untracked 
| 176|0x000000008b000000, 0x000000008b000000, 0x000000008b100000|  0%| F|  |TAMS 0x000000008b000000, 0x000000008b000000| Untracked 
| 177|0x000000008b100000, 0x000000008b100000, 0x000000008b200000|  0%| F|  |TAMS 0x000000008b100000, 0x000000008b100000| Untracked 
| 178|0x000000008b200000, 0x000000008b200000, 0x000000008b300000|  0%| F|  |TAMS 0x000000008b200000, 0x000000008b200000| Untracked 
| 179|0x000000008b300000, 0x000000008b300000, 0x000000008b400000|  0%| F|  |TAMS 0x000000008b300000, 0x000000008b300000| Untracked 
| 180|0x000000008b400000, 0x000000008b400000, 0x000000008b500000|  0%| F|  |TAMS 0x000000008b400000, 0x000000008b400000| Untracked 
| 181|0x000000008b500000, 0x000000008b500000, 0x000000008b600000|  0%| F|  |TAMS 0x000000008b500000, 0x000000008b500000| Untracked 
| 182|0x000000008b600000, 0x000000008b600000, 0x000000008b700000|  0%| F|  |TAMS 0x000000008b600000, 0x000000008b600000| Untracked 
| 183|0x000000008b700000, 0x000000008b700000, 0x000000008b800000|  0%| F|  |TAMS 0x000000008b700000, 0x000000008b700000| Untracked 
| 184|0x000000008b800000, 0x000000008b800000, 0x000000008b900000|  0%| F|  |TAMS 0x000000008b800000, 0x000000008b800000| Untracked 
| 185|0x000000008b900000, 0x000000008b900000, 0x000000008ba00000|  0%| F|  |TAMS 0x000000008b900000, 0x000000008b900000| Untracked 
| 186|0x000000008ba00000, 0x000000008ba00000, 0x000000008bb00000|  0%| F|  |TAMS 0x000000008ba00000, 0x000000008ba00000| Untracked 
| 187|0x000000008bb00000, 0x000000008bb00000, 0x000000008bc00000|  0%| F|  |TAMS 0x000000008bb00000, 0x000000008bb00000| Untracked 
| 188|0x000000008bc00000, 0x000000008bce36f0, 0x000000008bd00000| 88%| S|CS|TAMS 0x000000008bc00000, 0x000000008bc00000| Complete 
| 189|0x000000008bd00000, 0x000000008be00000, 0x000000008be00000|100%| S|CS|TAMS 0x000000008bd00000, 0x000000008bd00000| Complete 
| 190|0x000000008be00000, 0x000000008be00000, 0x000000008bf00000|  0%| F|  |TAMS 0x000000008be00000, 0x000000008be00000| Untracked 
| 191|0x000000008bf00000, 0x000000008bf00000, 0x000000008c000000|  0%| F|  |TAMS 0x000000008bf00000, 0x000000008bf00000| Untracked 
| 192|0x000000008c000000, 0x000000008c000000, 0x000000008c100000|  0%| F|  |TAMS 0x000000008c000000, 0x000000008c000000| Untracked 
| 193|0x000000008c100000, 0x000000008c100000, 0x000000008c200000|  0%| F|  |TAMS 0x000000008c100000, 0x000000008c100000| Untracked 
| 194|0x000000008c200000, 0x000000008c200000, 0x000000008c300000|  0%| F|  |TAMS 0x000000008c200000, 0x000000008c200000| Untracked 
| 195|0x000000008c300000, 0x000000008c300000, 0x000000008c400000|  0%| F|  |TAMS 0x000000008c300000, 0x000000008c300000| Untracked 
| 196|0x000000008c400000, 0x000000008c400000, 0x000000008c500000|  0%| F|  |TAMS 0x000000008c400000, 0x000000008c400000| Untracked 
| 197|0x000000008c500000, 0x000000008c500000, 0x000000008c600000|  0%| F|  |TAMS 0x000000008c500000, 0x000000008c500000| Untracked 
| 198|0x000000008c600000, 0x000000008c600000, 0x000000008c700000|  0%| F|  |TAMS 0x000000008c600000, 0x000000008c600000| Untracked 
| 199|0x000000008c700000, 0x000000008c700000, 0x000000008c800000|  0%| F|  |TAMS 0x000000008c700000, 0x000000008c700000| Untracked 
| 200|0x000000008c800000, 0x000000008c800000, 0x000000008c900000|  0%| F|  |TAMS 0x000000008c800000, 0x000000008c800000| Untracked 
| 201|0x000000008c900000, 0x000000008c900000, 0x000000008ca00000|  0%| F|  |TAMS 0x000000008c900000, 0x000000008c900000| Untracked 
| 202|0x000000008ca00000, 0x000000008ca8d178, 0x000000008cb00000| 55%| E|  |TAMS 0x000000008ca00000, 0x000000008ca00000| Complete 
| 203|0x000000008cb00000, 0x000000008cc00000, 0x000000008cc00000|100%| E|CS|TAMS 0x000000008cb00000, 0x000000008cb00000| Complete 
| 204|0x000000008cc00000, 0x000000008cd00000, 0x000000008cd00000|100%| E|CS|TAMS 0x000000008cc00000, 0x000000008cc00000| Complete 
| 205|0x000000008cd00000, 0x000000008ce00000, 0x000000008ce00000|100%| E|CS|TAMS 0x000000008cd00000, 0x000000008cd00000| Complete 
| 206|0x000000008ce00000, 0x000000008cf00000, 0x000000008cf00000|100%| E|CS|TAMS 0x000000008ce00000, 0x000000008ce00000| Complete 
| 207|0x000000008cf00000, 0x000000008d000000, 0x000000008d000000|100%| E|CS|TAMS 0x000000008cf00000, 0x000000008cf00000| Complete 
| 208|0x000000008d000000, 0x000000008d100000, 0x000000008d100000|100%| E|CS|TAMS 0x000000008d000000, 0x000000008d000000| Complete 
| 209|0x000000008d100000, 0x000000008d200000, 0x000000008d200000|100%| E|CS|TAMS 0x000000008d100000, 0x000000008d100000| Complete 

Card table byte_map: [0x00000282f1450000,0x00000282f1850000] _byte_map_base: 0x00000282f1050000

Marking Bits (Prev, Next): (CMBitMap*) 0x00000282e95af760, (CMBitMap*) 0x00000282e95af720
 Prev Bits: [0x00000282f3c50000, 0x00000282f5c50000)
 Next Bits: [0x00000282f1c50000, 0x00000282f3c50000)

Polling page: 0x00000282e73d0000

Metaspace:

Usage:
  Non-class:     83.42 MB used.
      Class:     13.51 MB used.
       Both:     96.94 MB used.

Virtual space:
  Non-class space:      128.00 MB reserved,      83.94 MB ( 66%) committed,  2 nodes.
      Class space:      416.00 MB reserved,      14.06 MB (  3%) committed,  1 nodes.
             Both:      544.00 MB reserved,      98.00 MB ( 18%) committed. 

Chunk freelists:
   Non-Class:  12.07 MB
       Class:  1.93 MB
        Both:  14.00 MB

MaxMetaspaceSize: 512.00 MB
CompressedClassSpaceSize: 416.00 MB
Initial GC threshold: 21.00 MB
Current GC threshold: 122.94 MB
CDS: on
MetaspaceReclaimPolicy: balanced
 - commit_granule_bytes: 65536.
 - commit_granule_words: 8192.
 - virtual_space_node_default_size: 8388608.
 - enlarge_chunks_in_place: 1.
 - new_chunks_are_fully_committed: 0.
 - uncommit_free_chunks: 1.
 - use_allocation_guard: 0.
 - handle_deallocations: 1.


Internal statistics:

num_allocs_failed_limit: 6.
num_arena_births: 1312.
num_arena_deaths: 0.
num_vsnodes_births: 3.
num_vsnodes_deaths: 0.
num_space_committed: 1568.
num_space_uncommitted: 0.
num_chunks_returned_to_freelist: 6.
num_chunks_taken_from_freelist: 5706.
num_chunk_merges: 6.
num_chunk_splits: 3651.
num_chunks_enlarged: 2307.
num_inconsistent_stats: 0.

CodeHeap 'non-profiled nmethods': size=120000Kb used=8555Kb max_used=8555Kb free=111445Kb
 bounds [0x0000028287ad0000, 0x0000028288330000, 0x000002828f000000]
CodeHeap 'profiled nmethods': size=120000Kb used=25012Kb max_used=25012Kb free=94987Kb
 bounds [0x0000028280000000, 0x0000028281870000, 0x0000028287530000]
CodeHeap 'non-nmethods': size=5760Kb used=2397Kb max_used=2455Kb free=3362Kb
 bounds [0x0000028287530000, 0x00000282877a0000, 0x0000028287ad0000]
 total_blobs=13769 nmethods=12838 adapters=842
 compilation: enabled
              stopped_count=0, restarted_count=0
 full_count=0

Compilation events (20 events):
Event: 106.042 Thread 0x00000282f813d8b0 nmethod 15009 0x0000028288319790 code [0x0000028288319d60, 0x0000028288320ba8]
Event: 106.043 Thread 0x00000282f813d8b0 15010   !   4       sun.nio.fs.WindowsDirectoryStream$WindowsDirectoryIterator::readNextEntry (192 bytes)
Event: 106.062 Thread 0x00000282f813d8b0 nmethod 15010 0x0000028288325010 code [0x0000028288325200, 0x0000028288325f08]
Event: 106.062 Thread 0x00000282f813d8b0 15013   !   4       com.esotericsoftware.kryo.io.Output::flush (57 bytes)
Event: 106.064 Thread 0x00000282f813d8b0 nmethod 15013 0x0000028288326490 code [0x0000028288326620, 0x0000028288326718]
Event: 106.064 Thread 0x00000282f813d8b0 15011       4       sun.nio.fs.WindowsPath::getFileName (87 bytes)
Event: 106.090 Thread 0x00000282f813d8b0 nmethod 15011 0x0000028288326810 code [0x00000282883269e0, 0x0000028288327678]
Event: 106.091 Thread 0x00000282f813d8b0 15012       4       org.gradle.internal.snapshot.FileSystemLocationSnapshot$$Lambda$478/0x000002829042e978::apply (10 bytes)
Event: 106.092 Thread 0x00000282f813d8b0 nmethod 15012 0x0000028288327b90 code [0x0000028288327d20, 0x0000028288327e18]
Event: 106.092 Thread 0x00000282f813d8b0 15015       4       java.util.concurrent.locks.LockSupport::parkNanos (29 bytes)
Event: 106.094 Thread 0x00000282f813d8b0 nmethod 15015 0x0000028288327f10 code [0x00000282883280a0, 0x0000028288328288]
Event: 106.094 Thread 0x00000282f813d8b0 15014       4       java.io.BufferedInputStream::fill (203 bytes)
Event: 106.096 Thread 0x00000282f813d8b0 nmethod 15014 0x0000028288328390 code [0x0000028288328520, 0x0000028288328638]
Event: 106.112 Thread 0x00000282f813d8b0 15017       4       java.lang.String::encode (48 bytes)
Event: 106.134 Thread 0x00000282f813d8b0 nmethod 15017 0x0000028288328790 code [0x0000028288328a60, 0x0000028288329828]
Event: 106.175 Thread 0x00000282f813d8b0 15018  s    4       sun.nio.fs.WindowsDirectoryStream$WindowsDirectoryIterator::next (48 bytes)
Event: 106.177 Thread 0x00000282f813d8b0 nmethod 15018 0x000002828832a310 code [0x000002828832a480, 0x000002828832a6b8]
Event: 106.177 Thread 0x00000282f813d8b0 15019       4       sun.nio.fs.WindowsDirectoryStream$WindowsDirectoryIterator::next (5 bytes)
Event: 106.179 Thread 0x00000282f813d8b0 nmethod 15019 0x000002828832a790 code [0x000002828832a900, 0x000002828832ab38]
Event: 106.184 Thread 0x00000282f813d8b0 15020       4       org.gradle.cache.internal.ExclusiveCacheAccessingWorker$1::call (10 bytes)

GC Heap History (20 events):
Event: 95.249 GC heap before
{Heap before GC invocations=55 (full 0):
 garbage-first heap   total 215040K, used 176138K [0x0000000080000000, 0x0000000100000000)
  region size 1024K, 38 young (38912K), 4 survivors (4096K)
 Metaspace       used 95322K, committed 96384K, reserved 557056K
  class space    used 13379K, committed 13888K, reserved 425984K
}
Event: 95.258 GC heap after
{Heap after GC invocations=56 (full 0):
 garbage-first heap   total 215040K, used 142886K [0x0000000080000000, 0x0000000100000000)
  region size 1024K, 2 young (2048K), 2 survivors (2048K)
 Metaspace       used 95322K, committed 96384K, reserved 557056K
  class space    used 13379K, committed 13888K, reserved 425984K
}
Event: 97.392 GC heap before
{Heap before GC invocations=56 (full 0):
 garbage-first heap   total 215040K, used 178726K [0x0000000080000000, 0x0000000100000000)
  region size 1024K, 37 young (37888K), 2 survivors (2048K)
 Metaspace       used 96682K, committed 97792K, reserved 557056K
  class space    used 13568K, committed 14080K, reserved 425984K
}
Event: 97.408 GC heap after
{Heap after GC invocations=57 (full 0):
 garbage-first heap   total 215040K, used 147845K [0x0000000080000000, 0x0000000100000000)
  region size 1024K, 5 young (5120K), 5 survivors (5120K)
 Metaspace       used 96682K, committed 97792K, reserved 557056K
  class space    used 13568K, committed 14080K, reserved 425984K
}
Event: 98.907 GC heap before
{Heap before GC invocations=57 (full 0):
 garbage-first heap   total 215040K, used 179589K [0x0000000080000000, 0x0000000100000000)
  region size 1024K, 36 young (36864K), 5 survivors (5120K)
 Metaspace       used 97478K, committed 98496K, reserved 557056K
  class space    used 13655K, committed 14144K, reserved 425984K
}
Event: 98.923 GC heap after
{Heap after GC invocations=58 (full 0):
 garbage-first heap   total 215040K, used 151956K [0x0000000080000000, 0x0000000100000000)
  region size 1024K, 4 young (4096K), 4 survivors (4096K)
 Metaspace       used 97478K, committed 98496K, reserved 557056K
  class space    used 13655K, committed 14144K, reserved 425984K
}
Event: 100.538 GC heap before
{Heap before GC invocations=58 (full 0):
 garbage-first heap   total 215040K, used 181652K [0x0000000080000000, 0x0000000100000000)
  region size 1024K, 33 young (33792K), 4 survivors (4096K)
 Metaspace       used 97619K, committed 98624K, reserved 557056K
  class space    used 13656K, committed 14144K, reserved 425984K
}
Event: 100.551 GC heap after
{Heap after GC invocations=59 (full 0):
 garbage-first heap   total 215040K, used 154829K [0x0000000080000000, 0x0000000100000000)
  region size 1024K, 3 young (3072K), 3 survivors (3072K)
 Metaspace       used 97619K, committed 98624K, reserved 557056K
  class space    used 13656K, committed 14144K, reserved 425984K
}
Event: 101.480 GC heap before
{Heap before GC invocations=59 (full 0):
 garbage-first heap   total 215040K, used 182477K [0x0000000080000000, 0x0000000100000000)
  region size 1024K, 30 young (30720K), 3 survivors (3072K)
 Metaspace       used 98046K, committed 99072K, reserved 557056K
  class space    used 13705K, committed 14208K, reserved 425984K
}
Event: 101.495 GC heap after
{Heap after GC invocations=60 (full 0):
 garbage-first heap   total 215040K, used 158133K [0x0000000080000000, 0x0000000100000000)
  region size 1024K, 4 young (4096K), 4 survivors (4096K)
 Metaspace       used 98046K, committed 99072K, reserved 557056K
  class space    used 13705K, committed 14208K, reserved 425984K
}
Event: 102.344 GC heap before
{Heap before GC invocations=60 (full 0):
 garbage-first heap   total 215040K, used 182709K [0x0000000080000000, 0x0000000100000000)
  region size 1024K, 29 young (29696K), 4 survivors (4096K)
 Metaspace       used 98686K, committed 99776K, reserved 557056K
  class space    used 13779K, committed 14336K, reserved 425984K
}
Event: 102.358 GC heap after
{Heap after GC invocations=61 (full 0):
 garbage-first heap   total 215040K, used 159643K [0x0000000080000000, 0x0000000100000000)
  region size 1024K, 2 young (2048K), 2 survivors (2048K)
 Metaspace       used 98686K, committed 99776K, reserved 557056K
  class space    used 13779K, committed 14336K, reserved 425984K
}
Event: 103.093 GC heap before
{Heap before GC invocations=61 (full 0):
 garbage-first heap   total 215040K, used 183195K [0x0000000080000000, 0x0000000100000000)
  region size 1024K, 26 young (26624K), 2 survivors (2048K)
 Metaspace       used 98892K, committed 100032K, reserved 557056K
  class space    used 13786K, committed 14336K, reserved 425984K
}
Event: 103.100 GC heap after
{Heap after GC invocations=62 (full 0):
 garbage-first heap   total 215040K, used 160400K [0x0000000080000000, 0x0000000100000000)
  region size 1024K, 3 young (3072K), 3 survivors (3072K)
 Metaspace       used 98892K, committed 100032K, reserved 557056K
  class space    used 13786K, committed 14336K, reserved 425984K
}
Event: 104.093 GC heap before
{Heap before GC invocations=62 (full 0):
 garbage-first heap   total 215040K, used 184976K [0x0000000080000000, 0x0000000100000000)
  region size 1024K, 27 young (27648K), 3 survivors (3072K)
 Metaspace       used 99193K, committed 100288K, reserved 557056K
  class space    used 13836K, committed 14400K, reserved 425984K
}
Event: 104.102 GC heap after
{Heap after GC invocations=63 (full 0):
 garbage-first heap   total 215040K, used 163744K [0x0000000080000000, 0x0000000100000000)
  region size 1024K, 4 young (4096K), 4 survivors (4096K)
 Metaspace       used 99193K, committed 100288K, reserved 557056K
  class space    used 13836K, committed 14400K, reserved 425984K
}
Event: 104.834 GC heap before
{Heap before GC invocations=63 (full 0):
 garbage-first heap   total 215040K, used 186272K [0x0000000080000000, 0x0000000100000000)
  region size 1024K, 26 young (26624K), 4 survivors (4096K)
 Metaspace       used 99257K, committed 100352K, reserved 557056K
  class space    used 13836K, committed 14400K, reserved 425984K
}
Event: 104.843 GC heap after
{Heap after GC invocations=64 (full 0):
 garbage-first heap   total 215040K, used 165303K [0x0000000080000000, 0x0000000100000000)
  region size 1024K, 2 young (2048K), 2 survivors (2048K)
 Metaspace       used 99257K, committed 100352K, reserved 557056K
  class space    used 13836K, committed 14400K, reserved 425984K
}
Event: 105.793 GC heap before
{Heap before GC invocations=64 (full 0):
 garbage-first heap   total 215040K, used 184759K [0x0000000080000000, 0x0000000100000000)
  region size 1024K, 22 young (22528K), 2 survivors (2048K)
 Metaspace       used 99257K, committed 100352K, reserved 557056K
  class space    used 13836K, committed 14400K, reserved 425984K
}
Event: 105.797 GC heap after
{Heap after GC invocations=65 (full 0):
 garbage-first heap   total 215040K, used 165848K [0x0000000080000000, 0x0000000100000000)
  region size 1024K, 2 young (2048K), 2 survivors (2048K)
 Metaspace       used 99257K, committed 100352K, reserved 557056K
  class space    used 13836K, committed 14400K, reserved 425984K
}

Dll operation events (14 events):
Event: 0.021 Loaded shared library C:\Program Files\Microsoft\jdk-17.0.8.7-hotspot\bin\java.dll
Event: 0.059 Loaded shared library C:\Program Files\Microsoft\jdk-17.0.8.7-hotspot\bin\jsvml.dll
Event: 0.250 Loaded shared library C:\Program Files\Microsoft\jdk-17.0.8.7-hotspot\bin\zip.dll
Event: 0.256 Loaded shared library C:\Program Files\Microsoft\jdk-17.0.8.7-hotspot\bin\instrument.dll
Event: 0.265 Loaded shared library C:\Program Files\Microsoft\jdk-17.0.8.7-hotspot\bin\net.dll
Event: 0.269 Loaded shared library C:\Program Files\Microsoft\jdk-17.0.8.7-hotspot\bin\nio.dll
Event: 0.281 Loaded shared library C:\Program Files\Microsoft\jdk-17.0.8.7-hotspot\bin\zip.dll
Event: 0.938 Loaded shared library C:\Program Files\Microsoft\jdk-17.0.8.7-hotspot\bin\jimage.dll
Event: 1.188 Loaded shared library C:\Program Files\Microsoft\jdk-17.0.8.7-hotspot\bin\verify.dll
Event: 1.804 Loaded shared library C:\Users\hp 8470p\.gradle\native\68d5fa5c4cc2d200863cafc0d521ce42e7d3e7ee720ec0a83991735586a16f82\windows-amd64\native-platform.dll
Event: 1.824 Loaded shared library C:\Users\hp 8470p\.gradle\native\e376f236ea51e6404a007f0833ffe2c6e607c4080706a723a18a27aeea778392\windows-amd64\native-platform-file-events.dll
Event: 4.740 Loaded shared library C:\Program Files\Microsoft\jdk-17.0.8.7-hotspot\bin\management.dll
Event: 4.744 Loaded shared library C:\Program Files\Microsoft\jdk-17.0.8.7-hotspot\bin\management_ext.dll
Event: 6.536 Loaded shared library C:\Program Files\Microsoft\jdk-17.0.8.7-hotspot\bin\sunmscapi.dll

Deoptimization events (20 events):
Event: 103.813 Thread 0x00000282f8d15070 Uncommon trap: trap_request=0xffffffc6 fr.pc=0x00000282881581ec relative=0x0000000000000dac
Event: 103.813 Thread 0x00000282f8d15070 Uncommon trap: reason=bimorphic_or_optimized_type_check action=maybe_recompile pc=0x00000282881581ec method=org.gradle.execution.plan.ActionNode.hasPendingPreExecutionNodes()Z @ 11 c2
Event: 103.813 Thread 0x00000282f8d15070 DEOPT PACKING pc=0x00000282881581ec sp=0x000000b94f7fee80
Event: 103.813 Thread 0x00000282f8d15070 DEOPT UNPACKING pc=0x00000282875869a3 sp=0x000000b94f7fee08 mode 2
Event: 103.821 Thread 0x00000282f8d15070 Uncommon trap: trap_request=0xffffffc6 fr.pc=0x00000282881581ec relative=0x0000000000000dac
Event: 103.821 Thread 0x00000282f8d15070 Uncommon trap: reason=bimorphic_or_optimized_type_check action=maybe_recompile pc=0x00000282881581ec method=org.gradle.execution.plan.ActionNode.hasPendingPreExecutionNodes()Z @ 11 c2
Event: 103.821 Thread 0x00000282f8d15070 DEOPT PACKING pc=0x00000282881581ec sp=0x000000b94f7fee80
Event: 103.821 Thread 0x00000282f8d15070 DEOPT UNPACKING pc=0x00000282875869a3 sp=0x000000b94f7fee08 mode 2
Event: 103.828 Thread 0x00000282f8d15070 Uncommon trap: trap_request=0xffffffc6 fr.pc=0x00000282881581ec relative=0x0000000000000dac
Event: 103.828 Thread 0x00000282f8d15070 Uncommon trap: reason=bimorphic_or_optimized_type_check action=maybe_recompile pc=0x00000282881581ec method=org.gradle.execution.plan.ActionNode.hasPendingPreExecutionNodes()Z @ 11 c2
Event: 103.828 Thread 0x00000282f8d15070 DEOPT PACKING pc=0x00000282881581ec sp=0x000000b94f7fee80
Event: 103.828 Thread 0x00000282f8d15070 DEOPT UNPACKING pc=0x00000282875869a3 sp=0x000000b94f7fee08 mode 2
Event: 103.860 Thread 0x00000282f8d15070 Uncommon trap: trap_request=0xffffffc6 fr.pc=0x00000282881581ec relative=0x0000000000000dac
Event: 103.860 Thread 0x00000282f8d15070 Uncommon trap: reason=bimorphic_or_optimized_type_check action=maybe_recompile pc=0x00000282881581ec method=org.gradle.execution.plan.ActionNode.hasPendingPreExecutionNodes()Z @ 11 c2
Event: 103.860 Thread 0x00000282f8d15070 DEOPT PACKING pc=0x00000282881581ec sp=0x000000b94f7fee80
Event: 103.860 Thread 0x00000282f8d15070 DEOPT UNPACKING pc=0x00000282875869a3 sp=0x000000b94f7fee08 mode 2
Event: 103.876 Thread 0x00000282f8d1bac0 Uncommon trap: trap_request=0xffffffc6 fr.pc=0x0000028287c4cfc0 relative=0x00000000000000a0
Event: 103.876 Thread 0x00000282f8d1bac0 Uncommon trap: reason=bimorphic_or_optimized_type_check action=maybe_recompile pc=0x0000028287c4cfc0 method=org.gradle.execution.plan.ActionNode.hasPendingPreExecutionNodes()Z @ 11 c2
Event: 103.876 Thread 0x00000282f8d1bac0 DEOPT PACKING pc=0x0000028287c4cfc0 sp=0x000000b94f6fec10
Event: 103.877 Thread 0x00000282f8d1bac0 DEOPT UNPACKING pc=0x00000282875869a3 sp=0x000000b94f6feb98 mode 2

Classes unloaded (0 events):
No events

Classes redefined (0 events):
No events

Internal exceptions (20 events):
Event: 95.159 Thread 0x00000282fd770c60 Implicit null exception at 0x00000282881506f1 to 0x000002828815a2cc
Event: 95.259 Thread 0x00000282f8120160 Implicit null exception at 0x00000282881d417d to 0x00000282881d48a4
Event: 96.866 Thread 0x00000282fd770c60 Implicit null exception at 0x000002828823fa8a to 0x000002828823fb6a
Event: 96.897 Thread 0x00000282fd770c60 Implicit null exception at 0x0000028288241fc3 to 0x0000028288242077
Event: 98.460 Thread 0x00000282fd770c60 Exception <a 'java/lang/IncompatibleClassChangeError'{0x000000008c0b06c8}: Found class java.lang.Object, but interface was expected> (0x000000008c0b06c8) 
thrown [s\src\hotspot\share\interpreter\linkResolver.cpp, line 826]
Event: 98.755 Thread 0x00000282fd770c60 Exception <a 'sun/nio/fs/WindowsException'{0x000000008b74cc68}> (0x000000008b74cc68) 
thrown [s\src\hotspot\share\prims\jni.cpp, line 516]
Event: 98.755 Thread 0x00000282fd770c60 Exception <a 'sun/nio/fs/WindowsException'{0x000000008b74e2b8}> (0x000000008b74e2b8) 
thrown [s\src\hotspot\share\prims\jni.cpp, line 516]
Event: 98.756 Thread 0x00000282fd770c60 Exception <a 'sun/nio/fs/WindowsException'{0x000000008b74f958}> (0x000000008b74f958) 
thrown [s\src\hotspot\share\prims\jni.cpp, line 516]
Event: 98.756 Thread 0x00000282fd770c60 Exception <a 'sun/nio/fs/WindowsException'{0x000000008b750ff8}> (0x000000008b750ff8) 
thrown [s\src\hotspot\share\prims\jni.cpp, line 516]
Event: 101.758 Thread 0x00000282fe8ad550 Exception <a 'java/lang/NoSuchMethodError'{0x000000008cc7d100}: 'void java.lang.invoke.DirectMethodHandle$Holder.invokeStatic(java.lang.Object, java.lang.Object, java.lang.Object, java.lang.Object, int, java.lang.Object, java.lang.Object)'> (0x000000008cc7d100) 
thrown [s\src\hotspot\share\interpreter\linkResolver.cpp, line 759]
Event: 101.820 Thread 0x00000282aae46380 Exception <a 'java/lang/NoSuchMethodError'{0x000000008cbf6f98}: 'java.lang.Object java.lang.invoke.DirectMethodHandle$Holder.invokeSpecialIFC(java.lang.Object, java.lang.Object, java.lang.Object)'> (0x000000008cbf6f98) 
thrown [s\src\hotspot\share\interpreter\linkResolver.cpp, line 759]
Event: 101.820 Thread 0x00000282aae45960 Exception <a 'java/lang/NoSuchMethodError'{0x000000008cb6bf98}: 'java.lang.Object java.lang.invoke.DirectMethodHandle$Holder.invokeSpecialIFC(java.lang.Object, java.lang.Object, java.lang.Object)'> (0x000000008cb6bf98) 
thrown [s\src\hotspot\share\interpreter\linkResolver.cpp, line 759]
Event: 102.148 Thread 0x00000282aae46380 Exception <a 'java/lang/NoSuchMethodError'{0x000000008bf70848}: 'void java.lang.invoke.DirectMethodHandle$Holder.invokeVirtual(java.lang.Object, java.lang.Object)'> (0x000000008bf70848) 
thrown [s\src\hotspot\share\interpreter\linkResolver.cpp, line 759]
Event: 103.570 Thread 0x00000282f8d1bac0 Exception <a 'java/lang/ClassNotFoundException'{0x000000008c534290}: groovy/util/FileTreeBuilderBeanInfo> (0x000000008c534290) 
thrown [s\src\hotspot\share\classfile\systemDictionary.cpp, line 256]
Event: 103.572 Thread 0x00000282f8d1bac0 Exception <a 'java/lang/ClassNotFoundException'{0x000000008c595ee0}: groovy/util/FileTreeBuilderCustomizer> (0x000000008c595ee0) 
thrown [s\src\hotspot\share\classfile\systemDictionary.cpp, line 256]
Event: 103.578 Thread 0x00000282f8d1bac0 Exception <a 'java/lang/ClassNotFoundException'{0x000000008c5ccfc8}: java/io/BufferedWriterBeanInfo> (0x000000008c5ccfc8) 
thrown [s\src\hotspot\share\classfile\systemDictionary.cpp, line 256]
Event: 103.579 Thread 0x00000282f8d1bac0 Exception <a 'java/lang/ClassNotFoundException'{0x000000008c5d23b0}: java/io/WriterBeanInfo> (0x000000008c5d23b0) 
thrown [s\src\hotspot\share\classfile\systemDictionary.cpp, line 256]
Event: 103.579 Thread 0x00000282f8d1bac0 Exception <a 'java/lang/ClassNotFoundException'{0x000000008c5d79c0}: java/io/WriterCustomizer> (0x000000008c5d79c0) 
thrown [s\src\hotspot\share\classfile\systemDictionary.cpp, line 256]
Event: 103.580 Thread 0x00000282f8d1bac0 Exception <a 'java/lang/ClassNotFoundException'{0x000000008c5e5f10}: java/io/BufferedWriterCustomizer> (0x000000008c5e5f10) 
thrown [s\src\hotspot\share\classfile\systemDictionary.cpp, line 256]
Event: 103.794 Thread 0x00000282f8d15070 Exception <a 'java/lang/NoSuchMethodError'{0x000000008c477198}: static Lcom/android/build/api/variant/BuildConfigField;.<clinit>()V> (0x000000008c477198) 
thrown [s\src\hotspot\share\prims\jni.cpp, line 1107]

VM Operations (20 events):
Event: 101.676 Executing VM operation: HandshakeAllThreads
Event: 101.676 Executing VM operation: HandshakeAllThreads done
Event: 101.770 Executing VM operation: HandshakeAllThreads
Event: 101.770 Executing VM operation: HandshakeAllThreads done
Event: 101.836 Executing VM operation: HandshakeAllThreads
Event: 101.836 Executing VM operation: HandshakeAllThreads done
Event: 102.156 Executing VM operation: ICBufferFull
Event: 102.156 Executing VM operation: ICBufferFull done
Event: 102.344 Executing VM operation: G1CollectForAllocation
Event: 102.358 Executing VM operation: G1CollectForAllocation done
Event: 103.053 Executing VM operation: G1CollectForAllocation
Event: 103.101 Executing VM operation: G1CollectForAllocation done
Event: 103.947 Executing VM operation: ICBufferFull
Event: 103.948 Executing VM operation: ICBufferFull done
Event: 104.093 Executing VM operation: G1CollectForAllocation
Event: 104.102 Executing VM operation: G1CollectForAllocation done
Event: 104.833 Executing VM operation: G1CollectForAllocation
Event: 104.843 Executing VM operation: G1CollectForAllocation done
Event: 105.793 Executing VM operation: G1CollectForAllocation
Event: 105.797 Executing VM operation: G1CollectForAllocation done

Events (20 events):
Event: 103.101 Thread 0x00000282fe8a7520 Thread exited: 0x00000282fe8a7520
Event: 103.101 Thread 0x00000282fe8ac620 Thread exited: 0x00000282fe8ac620
Event: 103.215 Thread 0x00000282fe8abc00 Thread exited: 0x00000282fe8abc00
Event: 103.425 Thread 0x00000282ad18ff50 Thread added: 0x00000282ad18ff50
Event: 103.578 loading class java/io/BufferedWriterBeanInfo
Event: 103.578 loading class java/io/BufferedWriterBeanInfo done
Event: 103.578 loading class java/io/BufferedWriterBeanInfo
Event: 103.578 loading class java/io/BufferedWriterBeanInfo done
Event: 103.578 loading class java/io/WriterBeanInfo
Event: 103.578 loading class java/io/WriterBeanInfo done
Event: 103.579 loading class java/io/WriterBeanInfo
Event: 103.579 loading class java/io/WriterBeanInfo done
Event: 103.579 loading class java/io/WriterCustomizer
Event: 103.579 loading class java/io/WriterCustomizer done
Event: 103.579 loading class java/io/WriterCustomizer
Event: 103.579 loading class java/io/WriterCustomizer done
Event: 103.579 loading class java/io/BufferedWriterCustomizer
Event: 103.579 loading class java/io/BufferedWriterCustomizer done
Event: 103.580 loading class java/io/BufferedWriterCustomizer
Event: 103.580 loading class java/io/BufferedWriterCustomizer done


Dynamic libraries:
0x00007ff7face0000 - 0x00007ff7facee000 	C:\Program Files\Microsoft\jdk-17.0.8.7-hotspot\bin\java.exe
0x00007fffae7f0000 - 0x00007fffae9e8000 	C:\Windows\SYSTEM32\ntdll.dll
0x00007fffadbb0000 - 0x00007fffadc6d000 	C:\Windows\System32\KERNEL32.DLL
0x00007fffabea0000 - 0x00007fffac196000 	C:\Windows\System32\KERNELBASE.dll
0x00007fffac5f0000 - 0x00007fffac6f0000 	C:\Windows\System32\ucrtbase.dll
0x00007fff86e00000 - 0x00007fff86e1b000 	C:\Program Files\Microsoft\jdk-17.0.8.7-hotspot\bin\VCRUNTIME140.dll
0x00007fff8bdb0000 - 0x00007fff8bdc7000 	C:\Program Files\Microsoft\jdk-17.0.8.7-hotspot\bin\jli.dll
0x00007fffad920000 - 0x00007fffadabe000 	C:\Windows\System32\USER32.dll
0x00007fffac6f0000 - 0x00007fffac712000 	C:\Windows\System32\win32u.dll
0x00007fff99fb0000 - 0x00007fff9a24a000 	C:\Windows\WinSxS\amd64_microsoft.windows.common-controls_6595b64144ccf1df_6.0.19041.3636_none_60b6a03d71f818d5\COMCTL32.dll
0x00007fffadb10000 - 0x00007fffadbae000 	C:\Windows\System32\msvcrt.dll
0x00007fffae690000 - 0x00007fffae6bb000 	C:\Windows\System32\GDI32.dll
0x00007fffac430000 - 0x00007fffac547000 	C:\Windows\System32\gdi32full.dll
0x00007fffac550000 - 0x00007fffac5ed000 	C:\Windows\System32\msvcp_win.dll
0x00007fffadad0000 - 0x00007fffadb02000 	C:\Windows\System32\IMM32.DLL
0x00007fff9f8b0000 - 0x00007fff9f8bc000 	C:\Program Files\Microsoft\jdk-17.0.8.7-hotspot\bin\vcruntime140_1.dll
0x00007fff71460000 - 0x00007fff714ed000 	C:\Program Files\Microsoft\jdk-17.0.8.7-hotspot\bin\msvcp140.dll
0x00007fff26f10000 - 0x00007fff27b75000 	C:\Program Files\Microsoft\jdk-17.0.8.7-hotspot\bin\server\jvm.dll
0x00007fffad140000 - 0x00007fffad1f0000 	C:\Windows\System32\ADVAPI32.dll
0x00007fffad560000 - 0x00007fffad5ff000 	C:\Windows\System32\sechost.dll
0x00007fffad740000 - 0x00007fffad865000 	C:\Windows\System32\RPCRT4.dll
0x00007fffac400000 - 0x00007fffac427000 	C:\Windows\System32\bcrypt.dll
0x00007fffab400000 - 0x00007fffab44b000 	C:\Windows\SYSTEM32\POWRPROF.dll
0x00007fff98710000 - 0x00007fff98719000 	C:\Windows\SYSTEM32\WSOCK32.dll
0x00007fffadc70000 - 0x00007fffadcdb000 	C:\Windows\System32\WS2_32.dll
0x00007fff9a250000 - 0x00007fff9a277000 	C:\Windows\SYSTEM32\WINMM.dll
0x00007fffa0330000 - 0x00007fffa033a000 	C:\Windows\SYSTEM32\VERSION.dll
0x00007fffab270000 - 0x00007fffab282000 	C:\Windows\SYSTEM32\UMPDC.dll
0x00007fffaa6a0000 - 0x00007fffaa6b2000 	C:\Windows\SYSTEM32\kernel.appcore.dll
0x00007fff98110000 - 0x00007fff9811a000 	C:\Program Files\Microsoft\jdk-17.0.8.7-hotspot\bin\jimage.dll
0x00007fff958f0000 - 0x00007fff95ad4000 	C:\Windows\SYSTEM32\DBGHELP.DLL
0x00007fff958b0000 - 0x00007fff958e4000 	C:\Windows\SYSTEM32\dbgcore.DLL
0x00007fffac790000 - 0x00007fffac812000 	C:\Windows\System32\bcryptPrimitives.dll
0x00007fffa4e70000 - 0x00007fffa4e7e000 	C:\Program Files\Microsoft\jdk-17.0.8.7-hotspot\bin\instrument.dll
0x00007fff7c100000 - 0x00007fff7c125000 	C:\Program Files\Microsoft\jdk-17.0.8.7-hotspot\bin\java.dll
0x00007fff69860000 - 0x00007fff69937000 	C:\Program Files\Microsoft\jdk-17.0.8.7-hotspot\bin\jsvml.dll
0x00007fffade60000 - 0x00007fffae5ca000 	C:\Windows\System32\SHELL32.dll
0x00007fffa9ef0000 - 0x00007fffaa68e000 	C:\Windows\SYSTEM32\windows.storage.dll
0x00007fffacde0000 - 0x00007fffad133000 	C:\Windows\System32\combase.dll
0x00007fffab7f0000 - 0x00007fffab81e000 	C:\Windows\SYSTEM32\Wldp.dll
0x00007fffac8a0000 - 0x00007fffac96d000 	C:\Windows\System32\OLEAUT32.dll
0x00007fffad870000 - 0x00007fffad91d000 	C:\Windows\System32\SHCORE.dll
0x00007fffadce0000 - 0x00007fffadd35000 	C:\Windows\System32\shlwapi.dll
0x00007fffabdd0000 - 0x00007fffabdf5000 	C:\Windows\SYSTEM32\profapi.dll
0x00007fff71760000 - 0x00007fff71778000 	C:\Program Files\Microsoft\jdk-17.0.8.7-hotspot\bin\zip.dll
0x00007fff7c5a0000 - 0x00007fff7c5b9000 	C:\Program Files\Microsoft\jdk-17.0.8.7-hotspot\bin\net.dll
0x00007fffa1440000 - 0x00007fffa154a000 	C:\Windows\SYSTEM32\WINHTTP.dll
0x00007fffab5d0000 - 0x00007fffab63a000 	C:\Windows\system32\mswsock.dll
0x00007fff7c0e0000 - 0x00007fff7c0f6000 	C:\Program Files\Microsoft\jdk-17.0.8.7-hotspot\bin\nio.dll
0x00007fff97fe0000 - 0x00007fff97ff0000 	C:\Program Files\Microsoft\jdk-17.0.8.7-hotspot\bin\verify.dll
0x00007fff71730000 - 0x00007fff71757000 	C:\Users\hp 8470p\.gradle\native\68d5fa5c4cc2d200863cafc0d521ce42e7d3e7ee720ec0a83991735586a16f82\windows-amd64\native-platform.dll
0x00007fff26c60000 - 0x00007fff26da4000 	C:\Users\hp 8470p\.gradle\native\e376f236ea51e6404a007f0833ffe2c6e607c4080706a723a18a27aeea778392\windows-amd64\native-platform-file-events.dll
0x00007fff93ee0000 - 0x00007fff93ee9000 	C:\Program Files\Microsoft\jdk-17.0.8.7-hotspot\bin\management.dll
0x00007fff8b330000 - 0x00007fff8b33b000 	C:\Program Files\Microsoft\jdk-17.0.8.7-hotspot\bin\management_ext.dll
0x00007fffae6c0000 - 0x00007fffae6c8000 	C:\Windows\System32\PSAPI.DLL
0x00007fffabb30000 - 0x00007fffabb48000 	C:\Windows\SYSTEM32\CRYPTSP.dll
0x00007fffaaeb0000 - 0x00007fffaaee4000 	C:\Windows\system32\rsaenh.dll
0x00007fffabd90000 - 0x00007fffabdbe000 	C:\Windows\SYSTEM32\USERENV.dll
0x00007fffab760000 - 0x00007fffab76c000 	C:\Windows\SYSTEM32\CRYPTBASE.dll
0x00007fffab290000 - 0x00007fffab2cb000 	C:\Windows\SYSTEM32\IPHLPAPI.DLL
0x00007fffad730000 - 0x00007fffad738000 	C:\Windows\System32\NSI.dll
0x00007fffa3f60000 - 0x00007fffa3f77000 	C:\Windows\SYSTEM32\dhcpcsvc6.DLL
0x00007fffa3f40000 - 0x00007fffa3f5d000 	C:\Windows\SYSTEM32\dhcpcsvc.DLL
0x00007fffab2e0000 - 0x00007fffab3ab000 	C:\Windows\SYSTEM32\DNSAPI.dll
0x00007fffa4e30000 - 0x00007fffa4e3e000 	C:\Program Files\Microsoft\jdk-17.0.8.7-hotspot\bin\sunmscapi.dll
0x00007fffac1a0000 - 0x00007fffac2fd000 	C:\Windows\System32\CRYPT32.dll
0x00007fffab860000 - 0x00007fffab888000 	C:\Windows\SYSTEM32\ncrypt.dll
0x00007fffab820000 - 0x00007fffab85b000 	C:\Windows\SYSTEM32\NTASN1.dll
0x00007fff9f720000 - 0x00007fff9f727000 	C:\Windows\system32\wshunix.dll
0x00007fff85d90000 - 0x00007fff85da7000 	C:\Windows\system32\napinsp.dll
0x00007fff58980000 - 0x00007fff5899b000 	C:\Windows\system32\pnrpnsp.dll
0x00007fff8f490000 - 0x00007fff8f4a5000 	C:\Windows\system32\wshbth.dll
0x00007fffa75f0000 - 0x00007fffa760d000 	C:\Windows\system32\NLAapi.dll
0x00007fff58960000 - 0x00007fff58972000 	C:\Windows\System32\winrnr.dll
0x00007fff9c260000 - 0x00007fff9c26a000 	C:\Windows\System32\rasadhlp.dll
0x00007fffa11e0000 - 0x00007fffa1260000 	C:\Windows\System32\fwpuclnt.dll

dbghelp: loaded successfully - version: 4.0.5 - missing functions: none
symbol engine: initialized successfully - sym options: 0x614 - pdb path: .;C:\Program Files\Microsoft\jdk-17.0.8.7-hotspot\bin;C:\Windows\SYSTEM32;C:\Windows\WinSxS\amd64_microsoft.windows.common-controls_6595b64144ccf1df_6.0.19041.3636_none_60b6a03d71f818d5;C:\Program Files\Microsoft\jdk-17.0.8.7-hotspot\bin\server;C:\Users\hp 8470p\.gradle\native\68d5fa5c4cc2d200863cafc0d521ce42e7d3e7ee720ec0a83991735586a16f82\windows-amd64;C:\Users\hp 8470p\.gradle\native\e376f236ea51e6404a007f0833ffe2c6e607c4080706a723a18a27aeea778392\windows-amd64

VM Arguments:
jvm_args: -XX:MaxMetaspaceSize=512m --add-opens=java.base/java.util=ALL-UNNAMED --add-opens=java.base/java.lang=ALL-UNNAMED --add-opens=java.base/java.lang.invoke=ALL-UNNAMED --add-opens=java.prefs/java.util.prefs=ALL-UNNAMED --add-opens=java.base/java.nio.charset=ALL-UNNAMED --add-opens=java.base/java.net=ALL-UNNAMED --add-opens=java.base/java.util.concurrent.atomic=ALL-UNNAMED -Xmx2048m -Dfile.encoding=windows-1252 -Duser.country=US -Duser.language=en -Duser.variant -javaagent:C:\Users\hp 8470p\.gradle\wrapper\dists\gradle-8.3-all\6en3ugtfdg5xnpx44z4qbwgas\gradle-8.3\lib\agents\gradle-instrumentation-agent-8.3.jar 
java_command: org.gradle.launcher.daemon.bootstrap.GradleDaemon 8.3
java_class_path (initial): C:\Users\hp 8470p\.gradle\wrapper\dists\gradle-8.3-all\6en3ugtfdg5xnpx44z4qbwgas\gradle-8.3\lib\gradle-launcher-8.3.jar
Launcher Type: SUN_STANDARD

[Global flags]
     intx CICompilerCount                          = 3                                         {product} {ergonomic}
   size_t CompressedClassSpaceSize                 = 436207616                                 {product} {ergonomic}
     uint ConcGCThreads                            = 1                                         {product} {ergonomic}
     uint G1ConcRefinementThreads                  = 4                                         {product} {ergonomic}
   size_t G1HeapRegionSize                         = 1048576                                   {product} {ergonomic}
    uintx GCDrainStackTargetSize                   = 64                                        {product} {ergonomic}
   size_t InitialHeapSize                          = 201326592                                 {product} {ergonomic}
   size_t MarkStackSize                            = 4194304                                   {product} {ergonomic}
   size_t MaxHeapSize                              = 2147483648                                {product} {command line}
   size_t MaxMetaspaceSize                         = 536870912                                 {product} {command line}
   size_t MaxNewSize                               = 1287651328                                {product} {ergonomic}
   size_t MinHeapDeltaBytes                        = 1048576                                   {product} {ergonomic}
   size_t MinHeapSize                              = 8388608                                   {product} {ergonomic}
    uintx NonNMethodCodeHeapSize                   = 5832780                                {pd product} {ergonomic}
    uintx NonProfiledCodeHeapSize                  = 122912730                              {pd product} {ergonomic}
    uintx ProfiledCodeHeapSize                     = 122912730                              {pd product} {ergonomic}
    uintx ReservedCodeCacheSize                    = 251658240                              {pd product} {ergonomic}
     bool SegmentedCodeCache                       = true                                      {product} {ergonomic}
   size_t SoftMaxHeapSize                          = 2147483648                             {manageable} {ergonomic}
     bool UseCompressedClassPointers               = true                           {product lp64_product} {ergonomic}
     bool UseCompressedOops                        = true                           {product lp64_product} {ergonomic}
     bool UseG1GC                                  = true                                      {product} {ergonomic}
     bool UseLargePagesIndividualAllocation        = false                                  {pd product} {ergonomic}

Logging:
Log output configuration:
 #0: stdout all=warning uptime,level,tags
 #1: stderr all=off uptime,level,tags

Environment Variables:
JAVA_HOME=C:\Program Files\Microsoft\jdk-17.0.8.7-hotspot\
CLASSPATH=E:\React Native\RTK\RTK\android\\gradle\wrapper\gradle-wrapper.jar
PATH=E:\React Native\RTK\RTK\node_modules\.bin;E:\React Native\RTK\RTK\node_modules\.bin;E:\React Native\RTK\node_modules\.bin;E:\React Native\node_modules\.bin;E:\node_modules\.bin;C:\Program Files\nodejs\node_modules\npm\node_modules\@npmcli\run-script\lib\node-gyp-bin;C:\Program Files\Microsoft\jdk-17.0.8.7-hotspot\bin;C:\Program Files\Common Files\Oracle\Java\javapath;C:\Windows\system32;C:\Windows;C:\Windows\System32\Wbem;C:\Windows\System32\WindowsPowerShell\v1.0\;C:\Windows\System32\OpenSSH\;C:\ProgramData\chocolatey\bin;C:\Program Files\nodejs\;C:\Users\hp 8470p\AppData\Local\Android\Sdk\platform-tools;C:\Program Files\Git\cmd;C:\Program Files (x86)\Microsoft SQL Server\Client SDK\ODBC\130\Tools\Binn\;C:\Program Files (x86)\Microsoft SQL Server\140\Tools\Binn\;C:\Program Files (x86)\Microsoft SQL Server\140\DTS\Binn\;C:\Program Files (x86)\Microsoft SQL Server\140\Tools\Binn\ManagementStudio\;C:\Users\hp 8470p\AppData\Local\Microsoft\WindowsApps;;C:\Users\hp 8470p\AppData\Local\Programs\Microsoft VS Code\bin;C:\Users\hp 8470p\AppData\Roaming\npm;C:\Program Files\OpenSSL-Win64\bin;
USERNAME=hp 8470p
LANG=en_US.UTF-8
OS=Windows_NT
PROCESSOR_IDENTIFIER=Intel64 Family 6 Model 69 Stepping 1, GenuineIntel
TMP=C:\Users\HP8470~1\AppData\Local\Temp
TEMP=C:\Users\HP8470~1\AppData\Local\Temp



---------------  S Y S T E M  ---------------

OS:
 Windows 10 , 64 bit Build 19041 (10.0.19041.3636)
OS uptime: 0 days 17:25 hours
Hyper-V role detected

CPU: total 4 (initial active 4) (2 cores per cpu, 2 threads per core) family 6 model 69 stepping 1 microcode 0x26, cx8, cmov, fxsr, ht, mmx, sse, sse2, sse3, ssse3, sse4.1, sse4.2, popcnt, lzcnt, tsc, tscinvbit, avx, avx2, aes, erms, clmul, bmi1, bmi2, fma, vzeroupper, clflush, hv
Processor Information for all 4 processors :
  Max Mhz: 2601, Current Mhz: 2601, Mhz Limit: 2601

Memory: 4k page, system-wide physical 12193M (350M free)
TotalPageFile size 15137M (AvailPageFile size 3627M)
current process WorkingSet (physical memory assigned to process): 497M, peak: 501M
current process commit charge ("private bytes"): 535M, peak: 539M

vm_info: OpenJDK 64-Bit Server VM (17.0.8+7-LTS) for windows-amd64 JRE (17.0.8+7-LTS), built on Jul  7 2023 17:21:55 by "MicrosoftCorporation" with MS VC++ 16.10 / 16.11 (VS2019)

END.
